{"total": {"lines":{"total":10681,"covered":9722,"skipped":0,"pct":91.02},"statements":{"total":12266,"covered":10962,"skipped":0,"pct":89.36},"functions":{"total":4020,"covered":3457,"skipped":0,"pct":85.99},"branches":{"total":10199,"covered":8311,"skipped":0,"pct":81.48},"branchesTrue":{"total":0,"covered":0,"skipped":0,"pct":100}}
,"D:\\6 Проекты\\CRM ERP\\Сlaude CRM - проект\\frontend\\src\\app\\globals.css": {"lines":{"total":0,"covered":0,"skipped":0,"pct":100},"functions":{"total":0,"covered":0,"skipped":0,"pct":100},"statements":{"total":0,"covered":0,"skipped":0,"pct":100},"branches":{"total":0,"covered":0,"skipped":0,"pct":100}}
,"D:\\6 Проекты\\CRM ERP\\Сlaude CRM - проект\\frontend\\src\\app\\layout.tsx": {"lines":{"total":3,"covered":3,"skipped":0,"pct":100},"functions":{"total":1,"covered":1,"skipped":0,"pct":100},"statements":{"total":3,"covered":3,"skipped":0,"pct":100},"branches":{"total":0,"covered":0,"skipped":0,"pct":100}}
,"D:\\6 Проекты\\CRM ERP\\Сlaude CRM - проект\\frontend\\src\\app\\page.tsx": {"lines":{"total":2,"covered":2,"skipped":0,"pct":100},"functions":{"total":1,"covered":1,"skipped":0,"pct":100},"statements":{"total":3,"covered":3,"skipped":0,"pct":100},"branches":{"total":2,"covered":2,"skipped":0,"pct":100}}
,"D:\\6 Проекты\\CRM ERP\\Сlaude CRM - проект\\frontend\\src\\app\\api\\[...path]\\route.ts": {"lines":{"total":20,"covered":20,"skipped":0,"pct":100},"functions":{"total":2,"covered":2,"skipped":0,"pct":100},"statements":{"total":22,"covered":22,"skipped":0,"pct":100},"branches":{"total":12,"covered":10,"skipped":0,"pct":83.33}}
,"D:\\6 Проекты\\CRM ERP\\Сlaude CRM - проект\\frontend\\src\\app\\api\\auth\\login\\route.ts": {"lines":{"total":14,"covered":14,"skipped":0,"pct":100},"functions":{"total":2,"covered":2,"skipped":0,"pct":100},"statements":{"total":18,"covered":18,"skipped":0,"pct":100},"branches":{"total":8,"covered":8,"skipped":0,"pct":100}}
,"D:\\6 Проекты\\CRM ERP\\Сlaude CRM - проект\\frontend\\src\\app\\api\\auth\\logout\\route.ts": {"lines":{"total":6,"covered":6,"skipped":0,"pct":100},"functions":{"total":1,"covered":1,"skipped":0,"pct":100},"statements":{"total":6,"covered":6,"skipped":0,"pct":100},"branches":{"total":0,"covered":0,"skipped":0,"pct":100}}
,"D:\\6 Проекты\\CRM ERP\\Сlaude CRM - проект\\frontend\\src\\app\\api\\auth\\oidc\\callback\\route.ts": {"lines":{"total":36,"covered":35,"skipped":0,"pct":97.22},"functions":{"total":3,"covered":3,"skipped":0,"pct":100},"statements":{"total":37,"covered":36,"skipped":0,"pct":97.29},"branches":{"total":23,"covered":20,"skipped":0,"pct":86.95}}
,"D:\\6 Проекты\\CRM ERP\\Сlaude CRM - проект\\frontend\\src\\app\\api\\auth\\oidc\\refresh\\route.ts": {"lines":{"total":4,"covered":4,"skipped":0,"pct":100},"functions":{"total":1,"covered":1,"skipped":0,"pct":100},"statements":{"total":4,"covered":4,"skipped":0,"pct":100},"branches":{"total":2,"covered":2,"skipped":0,"pct":100}}
,"D:\\6 Проекты\\CRM ERP\\Сlaude CRM - проект\\frontend\\src\\app\\api\\auth\\oidc\\start\\route.ts": {"lines":{"total":12,"covered":12,"skipped":0,"pct":100},"functions":{"total":1,"covered":1,"skipped":0,"pct":100},"statements":{"total":12,"covered":12,"skipped":0,"pct":100},"branches":{"total":2,"covered":2,"skipped":0,"pct":100}}
,"D:\\6 Проекты\\CRM ERP\\Сlaude CRM - проект\\frontend\\src\\app\\crm\\calls\\page.tsx": {"lines":{"total":1,"covered":1,"skipped":0,"pct":100},"functions":{"total":1,"covered":1,"skipped":0,"pct":100},"statements":{"total":1,"covered":1,"skipped":0,"pct":100},"branches":{"total":0,"covered":0,"skipped":0,"pct":100}}
,"D:\\6 Проекты\\CRM ERP\\Сlaude CRM - проект\\frontend\\src\\app\\crm\\catalog\\page.tsx": {"lines":{"total":1,"covered":1,"skipped":0,"pct":100},"functions":{"total":1,"covered":1,"skipped":0,"pct":100},"statements":{"total":1,"covered":1,"skipped":0,"pct":100},"branches":{"total":0,"covered":0,"skipped":0,"pct":100}}
,"D:\\6 Проекты\\CRM ERP\\Сlaude CRM - проект\\frontend\\src\\app\\crm\\deals\\page.tsx": {"lines":{"total":16,"covered":9,"skipped":0,"pct":56.25},"functions":{"total":5,"covered":1,"skipped":0,"pct":20},"statements":{"total":17,"covered":9,"skipped":0,"pct":52.94},"branches":{"total":20,"covered":10,"skipped":0,"pct":50}}
,"D:\\6 Проекты\\CRM ERP\\Сlaude CRM - проект\\frontend\\src\\app\\crm\\deals\\[id]\\page.tsx": {"lines":{"total":24,"covered":21,"skipped":0,"pct":87.5},"functions":{"total":13,"covered":11,"skipped":0,"pct":84.61},"statements":{"total":24,"covered":21,"skipped":0,"pct":87.5},"branches":{"total":79,"covered":40,"skipped":0,"pct":50.63}}
,"D:\\6 Проекты\\CRM ERP\\Сlaude CRM - проект\\frontend\\src\\app\\crm\\deals\\analytics\\page.tsx": {"lines":{"total":2,"covered":0,"skipped":0,"pct":0},"functions":{"total":1,"covered":0,"skipped":0,"pct":0},"statements":{"total":2,"covered":0,"skipped":0,"pct":0},"branches":{"total":2,"covered":0,"skipped":0,"pct":0}}
,"D:\\6 Проекты\\CRM ERP\\Сlaude CRM - проект\\frontend\\src\\app\\crm\\deals\\branding\\page.tsx": {"lines":{"total":1,"covered":0,"skipped":0,"pct":0},"functions":{"total":1,"covered":0,"skipped":0,"pct":0},"statements":{"total":1,"covered":0,"skipped":0,"pct":0},"branches":{"total":0,"covered":0,"skipped":0,"pct":100}}
,"D:\\6 Проекты\\CRM ERP\\Сlaude CRM - проект\\frontend\\src\\app\\crm\\deals\\planning\\page.tsx": {"lines":{"total":4,"covered":0,"skipped":0,"pct":0},"functions":{"total":1,"covered":0,"skipped":0,"pct":0},"statements":{"total":4,"covered":0,"skipped":0,"pct":0},"branches":{"total":4,"covered":0,"skipped":0,"pct":0}}
,"D:\\6 Проекты\\CRM ERP\\Сlaude CRM - проект\\frontend\\src\\app\\crm\\deals\\stages\\page.tsx": {"lines":{"total":1,"covered":0,"skipped":0,"pct":0},"functions":{"total":1,"covered":0,"skipped":0,"pct":0},"statements":{"total":1,"covered":0,"skipped":0,"pct":0},"branches":{"total":0,"covered":0,"skipped":0,"pct":100}}
,"D:\\6 Проекты\\CRM ERP\\Сlaude CRM - проект\\frontend\\src\\app\\crm\\docs\\page.tsx": {"lines":{"total":1,"covered":1,"skipped":0,"pct":100},"functions":{"total":1,"covered":1,"skipped":0,"pct":100},"statements":{"total":1,"covered":1,"skipped":0,"pct":100},"branches":{"total":0,"covered":0,"skipped":0,"pct":100}}
,"D:\\6 Проекты\\CRM ERP\\Сlaude CRM - проект\\frontend\\src\\app\\crm\\docs-archive\\page.tsx": {"lines":{"total":1,"covered":0,"skipped":0,"pct":0},"functions":{"total":1,"covered":0,"skipped":0,"pct":0},"statements":{"total":1,"covered":0,"skipped":0,"pct":0},"branches":{"total":0,"covered":0,"skipped":0,"pct":100}}
,"D:\\6 Проекты\\CRM ERP\\Сlaude CRM - проект\\frontend\\src\\app\\crm\\leads\\page.tsx": {"lines":{"total":4,"covered":4,"skipped":0,"pct":100},"functions":{"total":1,"covered":1,"skipped":0,"pct":100},"statements":{"total":4,"covered":4,"skipped":0,"pct":100},"branches":{"total":2,"covered":2,"skipped":0,"pct":100}}
,"D:\\6 Проекты\\CRM ERP\\Сlaude CRM - проект\\frontend\\src\\app\\crm\\leads\\[id]\\page.tsx": {"lines":{"total":6,"covered":0,"skipped":0,"pct":0},"functions":{"total":2,"covered":0,"skipped":0,"pct":0},"statements":{"total":6,"covered":0,"skipped":0,"pct":0},"branches":{"total":35,"covered":0,"skipped":0,"pct":0}}
,"D:\\6 Проекты\\CRM ERP\\Сlaude CRM - проект\\frontend\\src\\app\\crm\\margin\\page.tsx": {"lines":{"total":1,"covered":1,"skipped":0,"pct":100},"functions":{"total":1,"covered":1,"skipped":0,"pct":100},"statements":{"total":1,"covered":1,"skipped":0,"pct":100},"branches":{"total":0,"covered":0,"skipped":0,"pct":100}}
,"D:\\6 Проекты\\CRM ERP\\Сlaude CRM - проект\\frontend\\src\\app\\crm\\owner\\page.tsx": {"lines":{"total":17,"covered":17,"skipped":0,"pct":100},"functions":{"total":10,"covered":10,"skipped":0,"pct":100},"statements":{"total":21,"covered":21,"skipped":0,"pct":100},"branches":{"total":10,"covered":10,"skipped":0,"pct":100}}
,"D:\\6 Проекты\\CRM ERP\\Сlaude CRM - проект\\frontend\\src\\app\\crm\\plan\\page.tsx": {"lines":{"total":1,"covered":1,"skipped":0,"pct":100},"functions":{"total":1,"covered":1,"skipped":0,"pct":100},"statements":{"total":1,"covered":1,"skipped":0,"pct":100},"branches":{"total":0,"covered":0,"skipped":0,"pct":100}}
,"D:\\6 Проекты\\CRM ERP\\Сlaude CRM - проект\\frontend\\src\\app\\crm\\regular\\page.tsx": {"lines":{"total":1,"covered":1,"skipped":0,"pct":100},"functions":{"total":1,"covered":1,"skipped":0,"pct":100},"statements":{"total":1,"covered":1,"skipped":0,"pct":100},"branches":{"total":0,"covered":0,"skipped":0,"pct":100}}
,"D:\\6 Проекты\\CRM ERP\\Сlaude CRM - проект\\frontend\\src\\app\\crm\\rop\\page.tsx": {"lines":{"total":12,"covered":0,"skipped":0,"pct":0},"functions":{"total":12,"covered":0,"skipped":0,"pct":0},"statements":{"total":13,"covered":0,"skipped":0,"pct":0},"branches":{"total":8,"covered":0,"skipped":0,"pct":0}}
,"D:\\6 Проекты\\CRM ERP\\Сlaude CRM - проект\\frontend\\src\\app\\crm\\rop\\activity\\page.tsx": {"lines":{"total":8,"covered":0,"skipped":0,"pct":0},"functions":{"total":8,"covered":0,"skipped":0,"pct":0},"statements":{"total":9,"covered":0,"skipped":0,"pct":0},"branches":{"total":10,"covered":0,"skipped":0,"pct":0}}
,"D:\\6 Проекты\\CRM ERP\\Сlaude CRM - проект\\frontend\\src\\app\\crm\\rop\\cash\\page.tsx": {"lines":{"total":8,"covered":0,"skipped":0,"pct":0},"functions":{"total":8,"covered":0,"skipped":0,"pct":0},"statements":{"total":9,"covered":0,"skipped":0,"pct":0},"branches":{"total":6,"covered":0,"skipped":0,"pct":0}}
,"D:\\6 Проекты\\CRM ERP\\Сlaude CRM - проект\\frontend\\src\\app\\crm\\rop\\loss-review\\page.tsx": {"lines":{"total":8,"covered":0,"skipped":0,"pct":0},"functions":{"total":8,"covered":0,"skipped":0,"pct":0},"statements":{"total":9,"covered":0,"skipped":0,"pct":0},"branches":{"total":8,"covered":0,"skipped":0,"pct":0}}
,"D:\\6 Проекты\\CRM ERP\\Сlaude CRM - проект\\frontend\\src\\app\\crm\\rop\\pace\\page.tsx": {"lines":{"total":7,"covered":0,"skipped":0,"pct":0},"functions":{"total":7,"covered":0,"skipped":0,"pct":0},"statements":{"total":7,"covered":0,"skipped":0,"pct":0},"branches":{"total":12,"covered":0,"skipped":0,"pct":0}}
,"D:\\6 Проекты\\CRM ERP\\Сlaude CRM - проект\\frontend\\src\\app\\crm\\rop\\plan-fact\\page.tsx": {"lines":{"total":3,"covered":0,"skipped":0,"pct":0},"functions":{"total":1,"covered":0,"skipped":0,"pct":0},"statements":{"total":3,"covered":0,"skipped":0,"pct":0},"branches":{"total":0,"covered":0,"skipped":0,"pct":100}}
,"D:\\6 Проекты\\CRM ERP\\Сlaude CRM - проект\\frontend\\src\\app\\crm\\rop\\planning\\page.tsx": {"lines":{"total":5,"covered":0,"skipped":0,"pct":0},"functions":{"total":5,"covered":0,"skipped":0,"pct":0},"statements":{"total":5,"covered":0,"skipped":0,"pct":0},"branches":{"total":12,"covered":0,"skipped":0,"pct":0}}
,"D:\\6 Проекты\\CRM ERP\\Сlaude CRM - проект\\frontend\\src\\app\\crm\\rop\\scoreboard\\page.tsx": {"lines":{"total":1,"covered":0,"skipped":0,"pct":0},"functions":{"total":1,"covered":0,"skipped":0,"pct":0},"statements":{"total":1,"covered":0,"skipped":0,"pct":0},"branches":{"total":0,"covered":0,"skipped":0,"pct":100}}
,"D:\\6 Проекты\\CRM ERP\\Сlaude CRM - проект\\frontend\\src\\app\\crm\\rop\\stages\\page.tsx": {"lines":{"total":9,"covered":0,"skipped":0,"pct":0},"functions":{"total":9,"covered":0,"skipped":0,"pct":0},"statements":{"total":11,"covered":0,"skipped":0,"pct":0},"branches":{"total":8,"covered":0,"skipped":0,"pct":0}}
,"D:\\6 Проекты\\CRM ERP\\Сlaude CRM - проект\\frontend\\src\\app\\crm\\sales\\page.tsx": {"lines":{"total":1,"covered":1,"skipped":0,"pct":100},"functions":{"total":1,"covered":1,"skipped":0,"pct":100},"statements":{"total":1,"covered":1,"skipped":0,"pct":100},"branches":{"total":0,"covered":0,"skipped":0,"pct":100}}
,"D:\\6 Проекты\\CRM ERP\\Сlaude CRM - проект\\frontend\\src\\app\\crm\\shipments\\page.tsx": {"lines":{"total":1,"covered":1,"skipped":0,"pct":100},"functions":{"total":1,"covered":1,"skipped":0,"pct":100},"statements":{"total":1,"covered":1,"skipped":0,"pct":100},"branches":{"total":0,"covered":0,"skipped":0,"pct":100}}
,"D:\\6 Проекты\\CRM ERP\\Сlaude CRM - проект\\frontend\\src\\app\\design\\page.tsx": {"lines":{"total":3,"covered":0,"skipped":0,"pct":0},"functions":{"total":3,"covered":0,"skipped":0,"pct":0},"statements":{"total":3,"covered":0,"skipped":0,"pct":0},"branches":{"total":0,"covered":0,"skipped":0,"pct":100}}
,"D:\\6 Проекты\\CRM ERP\\Сlaude CRM - проект\\frontend\\src\\app\\design\\board\\page.tsx": {"lines":{"total":16,"covered":16,"skipped":0,"pct":100},"functions":{"total":9,"covered":9,"skipped":0,"pct":100},"statements":{"total":18,"covered":18,"skipped":0,"pct":100},"branches":{"total":24,"covered":21,"skipped":0,"pct":87.5}}
,"D:\\6 Проекты\\CRM ERP\\Сlaude CRM - проект\\frontend\\src\\app\\design\\charts\\page.tsx": {"lines":{"total":31,"covered":31,"skipped":0,"pct":100},"functions":{"total":22,"covered":22,"skipped":0,"pct":100},"statements":{"total":44,"covered":44,"skipped":0,"pct":100},"branches":{"total":12,"covered":11,"skipped":0,"pct":91.66}}
,"D:\\6 Проекты\\CRM ERP\\Сlaude CRM - проект\\frontend\\src\\app\\design\\components\\page.tsx": {"lines":{"total":12,"covered":9,"skipped":0,"pct":75},"functions":{"total":9,"covered":6,"skipped":0,"pct":66.66},"statements":{"total":12,"covered":9,"skipped":0,"pct":75},"branches":{"total":0,"covered":0,"skipped":0,"pct":100}}
,"D:\\6 Проекты\\CRM ERP\\Сlaude CRM - проект\\frontend\\src\\app\\design\\deal-card\\page.tsx": {"lines":{"total":26,"covered":26,"skipped":0,"pct":100},"functions":{"total":15,"covered":15,"skipped":0,"pct":100},"statements":{"total":26,"covered":26,"skipped":0,"pct":100},"branches":{"total":29,"covered":29,"skipped":0,"pct":100}}
,"D:\\6 Проекты\\CRM ERP\\Сlaude CRM - проект\\frontend\\src\\app\\design\\full\\page.tsx": {"lines":{"total":5,"covered":5,"skipped":0,"pct":100},"functions":{"total":3,"covered":3,"skipped":0,"pct":100},"statements":{"total":5,"covered":5,"skipped":0,"pct":100},"branches":{"total":0,"covered":0,"skipped":0,"pct":100}}
,"D:\\6 Проекты\\CRM ERP\\Сlaude CRM - проект\\frontend\\src\\app\\design\\full\\themed-screens.tsx": {"lines":{"total":45,"covered":45,"skipped":0,"pct":100},"functions":{"total":27,"covered":27,"skipped":0,"pct":100},"statements":{"total":53,"covered":53,"skipped":0,"pct":100},"branches":{"total":63,"covered":63,"skipped":0,"pct":100}}
,"D:\\6 Проекты\\CRM ERP\\Сlaude CRM - проект\\frontend\\src\\app\\design\\full\\[theme]\\[screen]\\page.tsx": {"lines":{"total":10,"covered":0,"skipped":0,"pct":0},"functions":{"total":5,"covered":0,"skipped":0,"pct":0},"statements":{"total":14,"covered":0,"skipped":0,"pct":0},"branches":{"total":8,"covered":0,"skipped":0,"pct":0}}
,"D:\\6 Проекты\\CRM ERP\\Сlaude CRM - проект\\frontend\\src\\app\\design\\preview\\page.tsx": {"lines":{"total":10,"covered":0,"skipped":0,"pct":0},"functions":{"total":6,"covered":0,"skipped":0,"pct":0},"statements":{"total":12,"covered":0,"skipped":0,"pct":0},"branches":{"total":20,"covered":0,"skipped":0,"pct":0}}
,"D:\\6 Проекты\\CRM ERP\\Сlaude CRM - проект\\frontend\\src\\app\\design\\rop\\page.tsx": {"lines":{"total":11,"covered":11,"skipped":0,"pct":100},"functions":{"total":6,"covered":6,"skipped":0,"pct":100},"statements":{"total":13,"covered":13,"skipped":0,"pct":100},"branches":{"total":6,"covered":6,"skipped":0,"pct":100}}
,"D:\\6 Проекты\\CRM ERP\\Сlaude CRM - проект\\frontend\\src\\app\\design\\themes\\page.tsx": {"lines":{"total":26,"covered":26,"skipped":0,"pct":100},"functions":{"total":15,"covered":15,"skipped":0,"pct":100},"statements":{"total":28,"covered":28,"skipped":0,"pct":100},"branches":{"total":9,"covered":9,"skipped":0,"pct":100}}
,"D:\\6 Проекты\\CRM ERP\\Сlaude CRM - проект\\frontend\\src\\app\\design\\themes\\themes.css": {"lines":{"total":0,"covered":0,"skipped":0,"pct":100},"functions":{"total":0,"covered":0,"skipped":0,"pct":100},"statements":{"total":0,"covered":0,"skipped":0,"pct":100},"branches":{"total":0,"covered":0,"skipped":0,"pct":100}}
,"D:\\6 Проекты\\CRM ERP\\Сlaude CRM - проект\\frontend\\src\\app\\erp\\analytics\\page.tsx": {"lines":{"total":1,"covered":1,"skipped":0,"pct":100},"functions":{"total":1,"covered":1,"skipped":0,"pct":100},"statements":{"total":1,"covered":1,"skipped":0,"pct":100},"branches":{"total":0,"covered":0,"skipped":0,"pct":100}}
,"D:\\6 Проекты\\CRM ERP\\Сlaude CRM - проект\\frontend\\src\\app\\erp\\finance\\page.tsx": {"lines":{"total":1,"covered":1,"skipped":0,"pct":100},"functions":{"total":1,"covered":1,"skipped":0,"pct":100},"statements":{"total":1,"covered":1,"skipped":0,"pct":100},"branches":{"total":0,"covered":0,"skipped":0,"pct":100}}
,"D:\\6 Проекты\\CRM ERP\\Сlaude CRM - проект\\frontend\\src\\app\\erp\\hr\\page.tsx": {"lines":{"total":1,"covered":1,"skipped":0,"pct":100},"functions":{"total":1,"covered":1,"skipped":0,"pct":100},"statements":{"total":1,"covered":1,"skipped":0,"pct":100},"branches":{"total":0,"covered":0,"skipped":0,"pct":100}}
,"D:\\6 Проекты\\CRM ERP\\Сlaude CRM - проект\\frontend\\src\\app\\erp\\hr\\okk\\page.tsx": {"lines":{"total":1,"covered":0,"skipped":0,"pct":0},"functions":{"total":1,"covered":0,"skipped":0,"pct":0},"statements":{"total":1,"covered":0,"skipped":0,"pct":0},"branches":{"total":0,"covered":0,"skipped":0,"pct":100}}
,"D:\\6 Проекты\\CRM ERP\\Сlaude CRM - проект\\frontend\\src\\app\\erp\\hr\\payroll\\page.tsx": {"lines":{"total":1,"covered":0,"skipped":0,"pct":0},"functions":{"total":1,"covered":0,"skipped":0,"pct":0},"statements":{"total":1,"covered":0,"skipped":0,"pct":0},"branches":{"total":0,"covered":0,"skipped":0,"pct":100}}
,"D:\\6 Проекты\\CRM ERP\\Сlaude CRM - проект\\frontend\\src\\app\\erp\\hr\\worktime\\page.tsx": {"lines":{"total":1,"covered":0,"skipped":0,"pct":0},"functions":{"total":1,"covered":0,"skipped":0,"pct":0},"statements":{"total":1,"covered":0,"skipped":0,"pct":0},"branches":{"total":0,"covered":0,"skipped":0,"pct":100}}
,"D:\\6 Проекты\\CRM ERP\\Сlaude CRM - проект\\frontend\\src\\app\\erp\\knowledge\\page.tsx": {"lines":{"total":1,"covered":1,"skipped":0,"pct":100},"functions":{"total":1,"covered":1,"skipped":0,"pct":100},"statements":{"total":1,"covered":1,"skipped":0,"pct":100},"branches":{"total":0,"covered":0,"skipped":0,"pct":100}}
,"D:\\6 Проекты\\CRM ERP\\Сlaude CRM - проект\\frontend\\src\\app\\erp\\knowledge\\enrollments\\page.tsx": {"lines":{"total":1,"covered":0,"skipped":0,"pct":0},"functions":{"total":1,"covered":0,"skipped":0,"pct":0},"statements":{"total":1,"covered":0,"skipped":0,"pct":0},"branches":{"total":0,"covered":0,"skipped":0,"pct":100}}
,"D:\\6 Проекты\\CRM ERP\\Сlaude CRM - проект\\frontend\\src\\app\\erp\\legal\\page.tsx": {"lines":{"total":1,"covered":1,"skipped":0,"pct":100},"functions":{"total":1,"covered":1,"skipped":0,"pct":100},"statements":{"total":1,"covered":1,"skipped":0,"pct":100},"branches":{"total":0,"covered":0,"skipped":0,"pct":100}}
,"D:\\6 Проекты\\CRM ERP\\Сlaude CRM - проект\\frontend\\src\\app\\erp\\logistics\\page.tsx": {"lines":{"total":1,"covered":1,"skipped":0,"pct":100},"functions":{"total":1,"covered":1,"skipped":0,"pct":100},"statements":{"total":1,"covered":1,"skipped":0,"pct":100},"branches":{"total":0,"covered":0,"skipped":0,"pct":100}}
,"D:\\6 Проекты\\CRM ERP\\Сlaude CRM - проект\\frontend\\src\\app\\erp\\marketing\\page.tsx": {"lines":{"total":1,"covered":1,"skipped":0,"pct":100},"functions":{"total":1,"covered":1,"skipped":0,"pct":100},"statements":{"total":1,"covered":1,"skipped":0,"pct":100},"branches":{"total":0,"covered":0,"skipped":0,"pct":100}}
,"D:\\6 Проекты\\CRM ERP\\Сlaude CRM - проект\\frontend\\src\\app\\erp\\marketing\\geo\\page.tsx": {"lines":{"total":14,"covered":14,"skipped":0,"pct":100},"functions":{"total":8,"covered":8,"skipped":0,"pct":100},"statements":{"total":19,"covered":19,"skipped":0,"pct":100},"branches":{"total":6,"covered":6,"skipped":0,"pct":100}}
,"D:\\6 Проекты\\CRM ERP\\Сlaude CRM - проект\\frontend\\src\\app\\erp\\marketing\\seo\\page.tsx": {"lines":{"total":1,"covered":0,"skipped":0,"pct":0},"functions":{"total":1,"covered":0,"skipped":0,"pct":0},"statements":{"total":1,"covered":0,"skipped":0,"pct":0},"branches":{"total":0,"covered":0,"skipped":0,"pct":100}}
,"D:\\6 Проекты\\CRM ERP\\Сlaude CRM - проект\\frontend\\src\\app\\erp\\marketing\\seo\\projects\\[id]\\page.tsx": {"lines":{"total":2,"covered":0,"skipped":0,"pct":0},"functions":{"total":1,"covered":0,"skipped":0,"pct":0},"statements":{"total":2,"covered":0,"skipped":0,"pct":0},"branches":{"total":0,"covered":0,"skipped":0,"pct":100}}
,"D:\\6 Проекты\\CRM ERP\\Сlaude CRM - проект\\frontend\\src\\app\\erp\\office\\page.tsx": {"lines":{"total":1,"covered":1,"skipped":0,"pct":100},"functions":{"total":1,"covered":1,"skipped":0,"pct":100},"statements":{"total":1,"covered":1,"skipped":0,"pct":100},"branches":{"total":0,"covered":0,"skipped":0,"pct":100}}
,"D:\\6 Проекты\\CRM ERP\\Сlaude CRM - проект\\frontend\\src\\app\\erp\\office\\claims\\page.tsx": {"lines":{"total":1,"covered":0,"skipped":0,"pct":0},"functions":{"total":1,"covered":0,"skipped":0,"pct":0},"statements":{"total":1,"covered":0,"skipped":0,"pct":0},"branches":{"total":0,"covered":0,"skipped":0,"pct":100}}
,"D:\\6 Проекты\\CRM ERP\\Сlaude CRM - проект\\frontend\\src\\app\\erp\\office\\contracts\\page.tsx": {"lines":{"total":1,"covered":0,"skipped":0,"pct":0},"functions":{"total":1,"covered":0,"skipped":0,"pct":0},"statements":{"total":1,"covered":0,"skipped":0,"pct":0},"branches":{"total":0,"covered":0,"skipped":0,"pct":100}}
,"D:\\6 Проекты\\CRM ERP\\Сlaude CRM - проект\\frontend\\src\\app\\erp\\procurement\\page.tsx": {"lines":{"total":1,"covered":1,"skipped":0,"pct":100},"functions":{"total":1,"covered":1,"skipped":0,"pct":100},"statements":{"total":1,"covered":1,"skipped":0,"pct":100},"branches":{"total":0,"covered":0,"skipped":0,"pct":100}}
,"D:\\6 Проекты\\CRM ERP\\Сlaude CRM - проект\\frontend\\src\\app\\erp\\procurement\\claims\\page.tsx": {"lines":{"total":3,"covered":0,"skipped":0,"pct":0},"functions":{"total":1,"covered":0,"skipped":0,"pct":0},"statements":{"total":3,"covered":0,"skipped":0,"pct":0},"branches":{"total":0,"covered":0,"skipped":0,"pct":100}}
,"D:\\6 Проекты\\CRM ERP\\Сlaude CRM - проект\\frontend\\src\\app\\erp\\procurement\\cost-calc\\page.tsx": {"lines":{"total":1,"covered":0,"skipped":0,"pct":0},"functions":{"total":1,"covered":0,"skipped":0,"pct":0},"statements":{"total":1,"covered":0,"skipped":0,"pct":0},"branches":{"total":0,"covered":0,"skipped":0,"pct":100}}
,"D:\\6 Проекты\\CRM ERP\\Сlaude CRM - проект\\frontend\\src\\app\\erp\\procurement\\orders\\page.tsx": {"lines":{"total":3,"covered":0,"skipped":0,"pct":0},"functions":{"total":1,"covered":0,"skipped":0,"pct":0},"statements":{"total":3,"covered":0,"skipped":0,"pct":0},"branches":{"total":0,"covered":0,"skipped":0,"pct":100}}
,"D:\\6 Проекты\\CRM ERP\\Сlaude CRM - проект\\frontend\\src\\app\\erp\\procurement\\orders\\[id]\\page.tsx": {"lines":{"total":5,"covered":0,"skipped":0,"pct":0},"functions":{"total":1,"covered":0,"skipped":0,"pct":0},"statements":{"total":6,"covered":0,"skipped":0,"pct":0},"branches":{"total":2,"covered":0,"skipped":0,"pct":0}}
,"D:\\6 Проекты\\CRM ERP\\Сlaude CRM - проект\\frontend\\src\\app\\erp\\procurement\\rfq\\page.tsx": {"lines":{"total":3,"covered":0,"skipped":0,"pct":0},"functions":{"total":1,"covered":0,"skipped":0,"pct":0},"statements":{"total":3,"covered":0,"skipped":0,"pct":0},"branches":{"total":0,"covered":0,"skipped":0,"pct":100}}
,"D:\\6 Проекты\\CRM ERP\\Сlaude CRM - проект\\frontend\\src\\app\\erp\\procurement\\suppliers\\page.tsx": {"lines":{"total":3,"covered":0,"skipped":0,"pct":0},"functions":{"total":1,"covered":0,"skipped":0,"pct":0},"statements":{"total":3,"covered":0,"skipped":0,"pct":0},"branches":{"total":0,"covered":0,"skipped":0,"pct":100}}
,"D:\\6 Проекты\\CRM ERP\\Сlaude CRM - проект\\frontend\\src\\app\\erp\\production\\page.tsx": {"lines":{"total":1,"covered":1,"skipped":0,"pct":100},"functions":{"total":1,"covered":1,"skipped":0,"pct":100},"statements":{"total":1,"covered":1,"skipped":0,"pct":100},"branches":{"total":0,"covered":0,"skipped":0,"pct":100}}
,"D:\\6 Проекты\\CRM ERP\\Сlaude CRM - проект\\frontend\\src\\app\\erp\\production\\analytics\\page.tsx": {"lines":{"total":3,"covered":0,"skipped":0,"pct":0},"functions":{"total":1,"covered":0,"skipped":0,"pct":0},"statements":{"total":3,"covered":0,"skipped":0,"pct":0},"branches":{"total":0,"covered":0,"skipped":0,"pct":100}}
,"D:\\6 Проекты\\CRM ERP\\Сlaude CRM - проект\\frontend\\src\\app\\erp\\production\\bom\\page.tsx": {"lines":{"total":3,"covered":0,"skipped":0,"pct":0},"functions":{"total":1,"covered":0,"skipped":0,"pct":0},"statements":{"total":3,"covered":0,"skipped":0,"pct":0},"branches":{"total":0,"covered":0,"skipped":0,"pct":100}}
,"D:\\6 Проекты\\CRM ERP\\Сlaude CRM - проект\\frontend\\src\\app\\erp\\production\\norms\\page.tsx": {"lines":{"total":3,"covered":0,"skipped":0,"pct":0},"functions":{"total":1,"covered":0,"skipped":0,"pct":0},"statements":{"total":3,"covered":0,"skipped":0,"pct":0},"branches":{"total":0,"covered":0,"skipped":0,"pct":100}}
,"D:\\6 Проекты\\CRM ERP\\Сlaude CRM - проект\\frontend\\src\\app\\erp\\production\\otk\\page.tsx": {"lines":{"total":3,"covered":0,"skipped":0,"pct":0},"functions":{"total":1,"covered":0,"skipped":0,"pct":0},"statements":{"total":3,"covered":0,"skipped":0,"pct":0},"branches":{"total":0,"covered":0,"skipped":0,"pct":100}}
,"D:\\6 Проекты\\CRM ERP\\Сlaude CRM - проект\\frontend\\src\\app\\erp\\production\\planning\\page.tsx": {"lines":{"total":3,"covered":0,"skipped":0,"pct":0},"functions":{"total":1,"covered":0,"skipped":0,"pct":0},"statements":{"total":3,"covered":0,"skipped":0,"pct":0},"branches":{"total":0,"covered":0,"skipped":0,"pct":100}}
,"D:\\6 Проекты\\CRM ERP\\Сlaude CRM - проект\\frontend\\src\\app\\erp\\production\\vyrabotka\\page.tsx": {"lines":{"total":3,"covered":0,"skipped":0,"pct":0},"functions":{"total":1,"covered":0,"skipped":0,"pct":0},"statements":{"total":3,"covered":0,"skipped":0,"pct":0},"branches":{"total":0,"covered":0,"skipped":0,"pct":100}}
,"D:\\6 Проекты\\CRM ERP\\Сlaude CRM - проект\\frontend\\src\\app\\erp\\production\\zayavki\\page.tsx": {"lines":{"total":3,"covered":0,"skipped":0,"pct":0},"functions":{"total":1,"covered":0,"skipped":0,"pct":0},"statements":{"total":3,"covered":0,"skipped":0,"pct":0},"branches":{"total":0,"covered":0,"skipped":0,"pct":100}}
,"D:\\6 Проекты\\CRM ERP\\Сlaude CRM - проект\\frontend\\src\\app\\erp\\service\\page.tsx": {"lines":{"total":1,"covered":1,"skipped":0,"pct":100},"functions":{"total":1,"covered":1,"skipped":0,"pct":100},"statements":{"total":1,"covered":1,"skipped":0,"pct":100},"branches":{"total":0,"covered":0,"skipped":0,"pct":100}}
,"D:\\6 Проекты\\CRM ERP\\Сlaude CRM - проект\\frontend\\src\\app\\erp\\service\\requests\\page.tsx": {"lines":{"total":1,"covered":0,"skipped":0,"pct":0},"functions":{"total":1,"covered":0,"skipped":0,"pct":0},"statements":{"total":1,"covered":0,"skipped":0,"pct":0},"branches":{"total":0,"covered":0,"skipped":0,"pct":100}}
,"D:\\6 Проекты\\CRM ERP\\Сlaude CRM - проект\\frontend\\src\\app\\erp\\service\\requests\\service-requests-client.tsx": {"lines":{"total":6,"covered":0,"skipped":0,"pct":0},"functions":{"total":3,"covered":0,"skipped":0,"pct":0},"statements":{"total":6,"covered":0,"skipped":0,"pct":0},"branches":{"total":0,"covered":0,"skipped":0,"pct":100}}
,"D:\\6 Проекты\\CRM ERP\\Сlaude CRM - проект\\frontend\\src\\app\\erp\\settings\\page.tsx": {"lines":{"total":1,"covered":1,"skipped":0,"pct":100},"functions":{"total":1,"covered":1,"skipped":0,"pct":100},"statements":{"total":1,"covered":1,"skipped":0,"pct":100},"branches":{"total":0,"covered":0,"skipped":0,"pct":100}}
,"D:\\6 Проекты\\CRM ERP\\Сlaude CRM - проект\\frontend\\src\\app\\erp\\settings\\access\\page.tsx": {"lines":{"total":1,"covered":0,"skipped":0,"pct":0},"functions":{"total":1,"covered":0,"skipped":0,"pct":0},"statements":{"total":1,"covered":0,"skipped":0,"pct":0},"branches":{"total":0,"covered":0,"skipped":0,"pct":100}}
,"D:\\6 Проекты\\CRM ERP\\Сlaude CRM - проект\\frontend\\src\\app\\erp\\settings\\invitations\\page.tsx": {"lines":{"total":17,"covered":0,"skipped":0,"pct":0},"functions":{"total":3,"covered":0,"skipped":0,"pct":0},"statements":{"total":20,"covered":0,"skipped":0,"pct":0},"branches":{"total":12,"covered":0,"skipped":0,"pct":0}}
,"D:\\6 Проекты\\CRM ERP\\Сlaude CRM - проект\\frontend\\src\\app\\erp\\spravochniki\\page.tsx": {"lines":{"total":5,"covered":0,"skipped":0,"pct":0},"functions":{"total":1,"covered":0,"skipped":0,"pct":0},"statements":{"total":5,"covered":0,"skipped":0,"pct":0},"branches":{"total":6,"covered":0,"skipped":0,"pct":0}}
,"D:\\6 Проекты\\CRM ERP\\Сlaude CRM - проект\\frontend\\src\\app\\erp\\spravochniki\\admin\\page.tsx": {"lines":{"total":3,"covered":0,"skipped":0,"pct":0},"functions":{"total":1,"covered":0,"skipped":0,"pct":0},"statements":{"total":3,"covered":0,"skipped":0,"pct":0},"branches":{"total":0,"covered":0,"skipped":0,"pct":100}}
,"D:\\6 Проекты\\CRM ERP\\Сlaude CRM - проект\\frontend\\src\\app\\erp\\spravochniki\\ai\\page.tsx": {"lines":{"total":3,"covered":0,"skipped":0,"pct":0},"functions":{"total":1,"covered":0,"skipped":0,"pct":0},"statements":{"total":3,"covered":0,"skipped":0,"pct":0},"branches":{"total":0,"covered":0,"skipped":0,"pct":100}}
,"D:\\6 Проекты\\CRM ERP\\Сlaude CRM - проект\\frontend\\src\\app\\erp\\spravochniki\\categories\\page.tsx": {"lines":{"total":3,"covered":0,"skipped":0,"pct":0},"functions":{"total":1,"covered":0,"skipped":0,"pct":0},"statements":{"total":3,"covered":0,"skipped":0,"pct":0},"branches":{"total":0,"covered":0,"skipped":0,"pct":100}}
,"D:\\6 Проекты\\CRM ERP\\Сlaude CRM - проект\\frontend\\src\\app\\erp\\spravochniki\\counterparty\\[id]\\page.tsx": {"lines":{"total":4,"covered":0,"skipped":0,"pct":0},"functions":{"total":1,"covered":0,"skipped":0,"pct":0},"statements":{"total":4,"covered":0,"skipped":0,"pct":0},"branches":{"total":2,"covered":0,"skipped":0,"pct":0}}
,"D:\\6 Проекты\\CRM ERP\\Сlaude CRM - проект\\frontend\\src\\app\\erp\\spravochniki\\import\\page.tsx": {"lines":{"total":1,"covered":0,"skipped":0,"pct":0},"functions":{"total":1,"covered":0,"skipped":0,"pct":0},"statements":{"total":1,"covered":0,"skipped":0,"pct":0},"branches":{"total":0,"covered":0,"skipped":0,"pct":100}}
,"D:\\6 Проекты\\CRM ERP\\Сlaude CRM - проект\\frontend\\src\\app\\erp\\spravochniki\\merge\\page.tsx": {"lines":{"total":3,"covered":0,"skipped":0,"pct":0},"functions":{"total":1,"covered":0,"skipped":0,"pct":0},"statements":{"total":3,"covered":0,"skipped":0,"pct":0},"branches":{"total":0,"covered":0,"skipped":0,"pct":100}}
,"D:\\6 Проекты\\CRM ERP\\Сlaude CRM - проект\\frontend\\src\\app\\erp\\spravochniki\\quality\\page.tsx": {"lines":{"total":3,"covered":0,"skipped":0,"pct":0},"functions":{"total":1,"covered":0,"skipped":0,"pct":0},"statements":{"total":3,"covered":0,"skipped":0,"pct":0},"branches":{"total":0,"covered":0,"skipped":0,"pct":100}}
,"D:\\6 Проекты\\CRM ERP\\Сlaude CRM - проект\\frontend\\src\\app\\erp\\spravochniki\\rates\\page.tsx": {"lines":{"total":3,"covered":0,"skipped":0,"pct":0},"functions":{"total":1,"covered":0,"skipped":0,"pct":0},"statements":{"total":3,"covered":0,"skipped":0,"pct":0},"branches":{"total":0,"covered":0,"skipped":0,"pct":100}}
,"D:\\6 Проекты\\CRM ERP\\Сlaude CRM - проект\\frontend\\src\\app\\erp\\spravochniki\\rules\\page.tsx": {"lines":{"total":3,"covered":0,"skipped":0,"pct":0},"functions":{"total":1,"covered":0,"skipped":0,"pct":0},"statements":{"total":3,"covered":0,"skipped":0,"pct":0},"branches":{"total":0,"covered":0,"skipped":0,"pct":100}}
,"D:\\6 Проекты\\CRM ERP\\Сlaude CRM - проект\\frontend\\src\\app\\erp\\spravochniki\\sku\\page.tsx": {"lines":{"total":3,"covered":0,"skipped":0,"pct":0},"functions":{"total":1,"covered":0,"skipped":0,"pct":0},"statements":{"total":3,"covered":0,"skipped":0,"pct":0},"branches":{"total":0,"covered":0,"skipped":0,"pct":100}}
,"D:\\6 Проекты\\CRM ERP\\Сlaude CRM - проект\\frontend\\src\\app\\erp\\spravochniki\\sku\\[code]\\page.tsx": {"lines":{"total":4,"covered":0,"skipped":0,"pct":0},"functions":{"total":1,"covered":0,"skipped":0,"pct":0},"statements":{"total":4,"covered":0,"skipped":0,"pct":0},"branches":{"total":2,"covered":0,"skipped":0,"pct":0}}
,"D:\\6 Проекты\\CRM ERP\\Сlaude CRM - проект\\frontend\\src\\app\\erp\\spravochniki\\sync\\page.tsx": {"lines":{"total":3,"covered":0,"skipped":0,"pct":0},"functions":{"total":1,"covered":0,"skipped":0,"pct":0},"statements":{"total":3,"covered":0,"skipped":0,"pct":0},"branches":{"total":0,"covered":0,"skipped":0,"pct":100}}
,"D:\\6 Проекты\\CRM ERP\\Сlaude CRM - проект\\frontend\\src\\app\\erp\\wms\\page.tsx": {"lines":{"total":3,"covered":3,"skipped":0,"pct":100},"functions":{"total":1,"covered":1,"skipped":0,"pct":100},"statements":{"total":3,"covered":3,"skipped":0,"pct":100},"branches":{"total":0,"covered":0,"skipped":0,"pct":100}}
,"D:\\6 Проекты\\CRM ERP\\Сlaude CRM - проект\\frontend\\src\\app\\erp\\wms\\alerts\\page.tsx": {"lines":{"total":3,"covered":0,"skipped":0,"pct":0},"functions":{"total":1,"covered":0,"skipped":0,"pct":0},"statements":{"total":3,"covered":0,"skipped":0,"pct":0},"branches":{"total":0,"covered":0,"skipped":0,"pct":100}}
,"D:\\6 Проекты\\CRM ERP\\Сlaude CRM - проект\\frontend\\src\\app\\erp\\wms\\balances\\page.tsx": {"lines":{"total":3,"covered":0,"skipped":0,"pct":0},"functions":{"total":1,"covered":0,"skipped":0,"pct":0},"statements":{"total":3,"covered":0,"skipped":0,"pct":0},"branches":{"total":0,"covered":0,"skipped":0,"pct":100}}
,"D:\\6 Проекты\\CRM ERP\\Сlaude CRM - проект\\frontend\\src\\app\\erp\\wms\\cycle-counts\\page.tsx": {"lines":{"total":4,"covered":0,"skipped":0,"pct":0},"functions":{"total":1,"covered":0,"skipped":0,"pct":0},"statements":{"total":4,"covered":0,"skipped":0,"pct":0},"branches":{"total":0,"covered":0,"skipped":0,"pct":100}}
,"D:\\6 Проекты\\CRM ERP\\Сlaude CRM - проект\\frontend\\src\\app\\erp\\wms\\inventory\\page.tsx": {"lines":{"total":3,"covered":0,"skipped":0,"pct":0},"functions":{"total":1,"covered":0,"skipped":0,"pct":0},"statements":{"total":3,"covered":0,"skipped":0,"pct":0},"branches":{"total":0,"covered":0,"skipped":0,"pct":100}}
,"D:\\6 Проекты\\CRM ERP\\Сlaude CRM - проект\\frontend\\src\\app\\erp\\wms\\inventory\\[id]\\page.tsx": {"lines":{"total":5,"covered":0,"skipped":0,"pct":0},"functions":{"total":1,"covered":0,"skipped":0,"pct":0},"statements":{"total":6,"covered":0,"skipped":0,"pct":0},"branches":{"total":2,"covered":0,"skipped":0,"pct":0}}
,"D:\\6 Проекты\\CRM ERP\\Сlaude CRM - проект\\frontend\\src\\app\\erp\\wms\\locations\\page.tsx": {"lines":{"total":3,"covered":0,"skipped":0,"pct":0},"functions":{"total":1,"covered":0,"skipped":0,"pct":0},"statements":{"total":3,"covered":0,"skipped":0,"pct":0},"branches":{"total":0,"covered":0,"skipped":0,"pct":100}}
,"D:\\6 Проекты\\CRM ERP\\Сlaude CRM - проект\\frontend\\src\\app\\erp\\wms\\locations\\[id]\\label\\page.tsx": {"lines":{"total":2,"covered":0,"skipped":0,"pct":0},"functions":{"total":1,"covered":0,"skipped":0,"pct":0},"statements":{"total":2,"covered":0,"skipped":0,"pct":0},"branches":{"total":0,"covered":0,"skipped":0,"pct":100}}
,"D:\\6 Проекты\\CRM ERP\\Сlaude CRM - проект\\frontend\\src\\app\\erp\\wms\\movements\\page.tsx": {"lines":{"total":3,"covered":0,"skipped":0,"pct":0},"functions":{"total":1,"covered":0,"skipped":0,"pct":0},"statements":{"total":3,"covered":0,"skipped":0,"pct":0},"branches":{"total":0,"covered":0,"skipped":0,"pct":100}}
,"D:\\6 Проекты\\CRM ERP\\Сlaude CRM - проект\\frontend\\src\\app\\erp\\wms\\operations\\page.tsx": {"lines":{"total":1,"covered":0,"skipped":0,"pct":0},"functions":{"total":1,"covered":0,"skipped":0,"pct":0},"statements":{"total":1,"covered":0,"skipped":0,"pct":0},"branches":{"total":0,"covered":0,"skipped":0,"pct":100}}
,"D:\\6 Проекты\\CRM ERP\\Сlaude CRM - проект\\frontend\\src\\app\\erp\\wms\\receipts\\page.tsx": {"lines":{"total":3,"covered":0,"skipped":0,"pct":0},"functions":{"total":1,"covered":0,"skipped":0,"pct":0},"statements":{"total":3,"covered":0,"skipped":0,"pct":0},"branches":{"total":0,"covered":0,"skipped":0,"pct":100}}
,"D:\\6 Проекты\\CRM ERP\\Сlaude CRM - проект\\frontend\\src\\app\\erp\\wms\\receipts\\[id]\\page.tsx": {"lines":{"total":5,"covered":0,"skipped":0,"pct":0},"functions":{"total":1,"covered":0,"skipped":0,"pct":0},"statements":{"total":6,"covered":0,"skipped":0,"pct":0},"branches":{"total":2,"covered":0,"skipped":0,"pct":0}}
,"D:\\6 Проекты\\CRM ERP\\Сlaude CRM - проект\\frontend\\src\\app\\erp\\wms\\reconciliation\\page.tsx": {"lines":{"total":3,"covered":0,"skipped":0,"pct":0},"functions":{"total":1,"covered":0,"skipped":0,"pct":0},"statements":{"total":3,"covered":0,"skipped":0,"pct":0},"branches":{"total":0,"covered":0,"skipped":0,"pct":100}}
,"D:\\6 Проекты\\CRM ERP\\Сlaude CRM - проект\\frontend\\src\\app\\erp\\wms\\stock\\page.tsx": {"lines":{"total":3,"covered":0,"skipped":0,"pct":0},"functions":{"total":1,"covered":0,"skipped":0,"pct":0},"statements":{"total":3,"covered":0,"skipped":0,"pct":0},"branches":{"total":0,"covered":0,"skipped":0,"pct":100}}
,"D:\\6 Проекты\\CRM ERP\\Сlaude CRM - проект\\frontend\\src\\app\\erp\\wms\\tasks\\page.tsx": {"lines":{"total":3,"covered":0,"skipped":0,"pct":0},"functions":{"total":1,"covered":0,"skipped":0,"pct":0},"statements":{"total":3,"covered":0,"skipped":0,"pct":0},"branches":{"total":0,"covered":0,"skipped":0,"pct":100}}
,"D:\\6 Проекты\\CRM ERP\\Сlaude CRM - проект\\frontend\\src\\app\\login\\page.tsx": {"lines":{"total":43,"covered":38,"skipped":0,"pct":88.37},"functions":{"total":11,"covered":8,"skipped":0,"pct":72.72},"statements":{"total":46,"covered":40,"skipped":0,"pct":86.95},"branches":{"total":32,"covered":25,"skipped":0,"pct":78.12}}
,"D:\\6 Проекты\\CRM ERP\\Сlaude CRM - проект\\frontend\\src\\app\\onboarding\\page.tsx": {"lines":{"total":5,"covered":0,"skipped":0,"pct":0},"functions":{"total":1,"covered":0,"skipped":0,"pct":0},"statements":{"total":7,"covered":0,"skipped":0,"pct":0},"branches":{"total":4,"covered":0,"skipped":0,"pct":0}}
,"D:\\6 Проекты\\CRM ERP\\Сlaude CRM - проект\\frontend\\src\\components\\app-shell.tsx": {"lines":{"total":7,"covered":7,"skipped":0,"pct":100},"functions":{"total":2,"covered":1,"skipped":0,"pct":50},"statements":{"total":9,"covered":7,"skipped":0,"pct":77.77},"branches":{"total":10,"covered":5,"skipped":0,"pct":50}}
,"D:\\6 Проекты\\CRM ERP\\Сlaude CRM - проект\\frontend\\src\\components\\branding-editor.tsx": {"lines":{"total":38,"covered":37,"skipped":0,"pct":97.36},"functions":{"total":14,"covered":12,"skipped":0,"pct":85.71},"statements":{"total":42,"covered":40,"skipped":0,"pct":95.23},"branches":{"total":22,"covered":21,"skipped":0,"pct":95.45}}
,"D:\\6 Проекты\\CRM ERP\\Сlaude CRM - проект\\frontend\\src\\components\\channels.tsx": {"lines":{"total":26,"covered":25,"skipped":0,"pct":96.15},"functions":{"total":10,"covered":10,"skipped":0,"pct":100},"statements":{"total":27,"covered":26,"skipped":0,"pct":96.29},"branches":{"total":35,"covered":30,"skipped":0,"pct":85.71}}
,"D:\\6 Проекты\\CRM ERP\\Сlaude CRM - проект\\frontend\\src\\components\\chats-panel.tsx": {"lines":{"total":9,"covered":9,"skipped":0,"pct":100},"functions":{"total":5,"covered":5,"skipped":0,"pct":100},"statements":{"total":9,"covered":9,"skipped":0,"pct":100},"branches":{"total":10,"covered":9,"skipped":0,"pct":90}}
,"D:\\6 Проекты\\CRM ERP\\Сlaude CRM - проект\\frontend\\src\\components\\deal-actions.tsx": {"lines":{"total":18,"covered":18,"skipped":0,"pct":100},"functions":{"total":3,"covered":3,"skipped":0,"pct":100},"statements":{"total":18,"covered":18,"skipped":0,"pct":100},"branches":{"total":8,"covered":7,"skipped":0,"pct":87.5}}
,"D:\\6 Проекты\\CRM ERP\\Сlaude CRM - проект\\frontend\\src\\components\\deal-ai-assistant.tsx": {"lines":{"total":11,"covered":11,"skipped":0,"pct":100},"functions":{"total":4,"covered":4,"skipped":0,"pct":100},"statements":{"total":11,"covered":11,"skipped":0,"pct":100},"branches":{"total":8,"covered":8,"skipped":0,"pct":100}}
,"D:\\6 Проекты\\CRM ERP\\Сlaude CRM - проект\\frontend\\src\\components\\deal-approvals.tsx": {"lines":{"total":24,"covered":24,"skipped":0,"pct":100},"functions":{"total":10,"covered":10,"skipped":0,"pct":100},"statements":{"total":24,"covered":24,"skipped":0,"pct":100},"branches":{"total":8,"covered":6,"skipped":0,"pct":75}}
,"D:\\6 Проекты\\CRM ERP\\Сlaude CRM - проект\\frontend\\src\\components\\deal-calls.tsx": {"lines":{"total":11,"covered":10,"skipped":0,"pct":90.9},"functions":{"total":5,"covered":5,"skipped":0,"pct":100},"statements":{"total":11,"covered":10,"skipped":0,"pct":90.9},"branches":{"total":20,"covered":15,"skipped":0,"pct":75}}
,"D:\\6 Проекты\\CRM ERP\\Сlaude CRM - проект\\frontend\\src\\components\\deal-client-360.tsx": {"lines":{"total":18,"covered":17,"skipped":0,"pct":94.44},"functions":{"total":8,"covered":8,"skipped":0,"pct":100},"statements":{"total":21,"covered":20,"skipped":0,"pct":95.23},"branches":{"total":36,"covered":33,"skipped":0,"pct":91.66}}
,"D:\\6 Проекты\\CRM ERP\\Сlaude CRM - проект\\frontend\\src\\components\\deal-contacts.tsx": {"lines":{"total":30,"covered":30,"skipped":0,"pct":100},"functions":{"total":12,"covered":12,"skipped":0,"pct":100},"statements":{"total":32,"covered":31,"skipped":0,"pct":96.87},"branches":{"total":20,"covered":14,"skipped":0,"pct":70}}
,"D:\\6 Проекты\\CRM ERP\\Сlaude CRM - проект\\frontend\\src\\components\\deal-documents.tsx": {"lines":{"total":42,"covered":42,"skipped":0,"pct":100},"functions":{"total":13,"covered":13,"skipped":0,"pct":100},"statements":{"total":42,"covered":42,"skipped":0,"pct":100},"branches":{"total":28,"covered":20,"skipped":0,"pct":71.42}}
,"D:\\6 Проекты\\CRM ERP\\Сlaude CRM - проект\\frontend\\src\\components\\deal-edit-button.tsx": {"lines":{"total":25,"covered":20,"skipped":0,"pct":80},"functions":{"total":15,"covered":10,"skipped":0,"pct":66.66},"statements":{"total":25,"covered":20,"skipped":0,"pct":80},"branches":{"total":20,"covered":16,"skipped":0,"pct":80}}
,"D:\\6 Проекты\\CRM ERP\\Сlaude CRM - проект\\frontend\\src\\components\\deal-handoff.tsx": {"lines":{"total":15,"covered":15,"skipped":0,"pct":100},"functions":{"total":5,"covered":5,"skipped":0,"pct":100},"statements":{"total":17,"covered":16,"skipped":0,"pct":94.11},"branches":{"total":14,"covered":13,"skipped":0,"pct":92.85}}
,"D:\\6 Проекты\\CRM ERP\\Сlaude CRM - проект\\frontend\\src\\components\\deal-items.tsx": {"lines":{"total":38,"covered":38,"skipped":0,"pct":100},"functions":{"total":16,"covered":16,"skipped":0,"pct":100},"statements":{"total":44,"covered":42,"skipped":0,"pct":95.45},"branches":{"total":32,"covered":25,"skipped":0,"pct":78.12}}
,"D:\\6 Проекты\\CRM ERP\\Сlaude CRM - проект\\frontend\\src\\components\\deal-linked-deals.tsx": {"lines":{"total":6,"covered":0,"skipped":0,"pct":0},"functions":{"total":5,"covered":0,"skipped":0,"pct":0},"statements":{"total":7,"covered":0,"skipped":0,"pct":0},"branches":{"total":10,"covered":0,"skipped":0,"pct":0}}
,"D:\\6 Проекты\\CRM ERP\\Сlaude CRM - проект\\frontend\\src\\components\\deal-messages.tsx": {"lines":{"total":35,"covered":35,"skipped":0,"pct":100},"functions":{"total":11,"covered":11,"skipped":0,"pct":100},"statements":{"total":38,"covered":37,"skipped":0,"pct":97.36},"branches":{"total":22,"covered":14,"skipped":0,"pct":63.63}}
,"D:\\6 Проекты\\CRM ERP\\Сlaude CRM - проект\\frontend\\src\\components\\deal-metrics.tsx": {"lines":{"total":33,"covered":33,"skipped":0,"pct":100},"functions":{"total":8,"covered":8,"skipped":0,"pct":100},"statements":{"total":36,"covered":35,"skipped":0,"pct":97.22},"branches":{"total":65,"covered":58,"skipped":0,"pct":89.23}}
,"D:\\6 Проекты\\CRM ERP\\Сlaude CRM - проект\\frontend\\src\\components\\deal-plan-editor.tsx": {"lines":{"total":97,"covered":95,"skipped":0,"pct":97.93},"functions":{"total":37,"covered":36,"skipped":0,"pct":97.29},"statements":{"total":117,"covered":111,"skipped":0,"pct":94.87},"branches":{"total":82,"covered":69,"skipped":0,"pct":84.14}}
,"D:\\6 Проекты\\CRM ERP\\Сlaude CRM - проект\\frontend\\src\\components\\deal-stage-editor.tsx": {"lines":{"total":65,"covered":57,"skipped":0,"pct":87.69},"functions":{"total":27,"covered":19,"skipped":0,"pct":70.37},"statements":{"total":70,"covered":61,"skipped":0,"pct":87.14},"branches":{"total":30,"covered":25,"skipped":0,"pct":83.33}}
,"D:\\6 Проекты\\CRM ERP\\Сlaude CRM - проект\\frontend\\src\\components\\deal-tasks.tsx": {"lines":{"total":29,"covered":29,"skipped":0,"pct":100},"functions":{"total":11,"covered":11,"skipped":0,"pct":100},"statements":{"total":32,"covered":31,"skipped":0,"pct":96.87},"branches":{"total":22,"covered":19,"skipped":0,"pct":86.36}}
,"D:\\6 Проекты\\CRM ERP\\Сlaude CRM - проект\\frontend\\src\\components\\funnel-totals.tsx": {"lines":{"total":3,"covered":3,"skipped":0,"pct":100},"functions":{"total":2,"covered":2,"skipped":0,"pct":100},"statements":{"total":3,"covered":3,"skipped":0,"pct":100},"branches":{"total":1,"covered":1,"skipped":0,"pct":100}}
,"D:\\6 Проекты\\CRM ERP\\Сlaude CRM - проект\\frontend\\src\\components\\kpi-card.tsx": {"lines":{"total":11,"covered":11,"skipped":0,"pct":100},"functions":{"total":2,"covered":2,"skipped":0,"pct":100},"statements":{"total":13,"covered":11,"skipped":0,"pct":84.61},"branches":{"total":12,"covered":10,"skipped":0,"pct":83.33}}
,"D:\\6 Проекты\\CRM ERP\\Сlaude CRM - проект\\frontend\\src\\components\\money.tsx": {"lines":{"total":2,"covered":2,"skipped":0,"pct":100},"functions":{"total":1,"covered":1,"skipped":0,"pct":100},"statements":{"total":2,"covered":2,"skipped":0,"pct":100},"branches":{"total":0,"covered":0,"skipped":0,"pct":100}}
,"D:\\6 Проекты\\CRM ERP\\Сlaude CRM - проект\\frontend\\src\\components\\onboarding-exit.tsx": {"lines":{"total":7,"covered":0,"skipped":0,"pct":0},"functions":{"total":3,"covered":0,"skipped":0,"pct":0},"statements":{"total":7,"covered":0,"skipped":0,"pct":0},"branches":{"total":0,"covered":0,"skipped":0,"pct":100}}
,"D:\\6 Проекты\\CRM ERP\\Сlaude CRM - проект\\frontend\\src\\components\\owner-ai-insight.tsx": {"lines":{"total":8,"covered":8,"skipped":0,"pct":100},"functions":{"total":2,"covered":2,"skipped":0,"pct":100},"statements":{"total":8,"covered":8,"skipped":0,"pct":100},"branches":{"total":6,"covered":6,"skipped":0,"pct":100}}
,"D:\\6 Проекты\\CRM ERP\\Сlaude CRM - проект\\frontend\\src\\components\\pipeline-analytics.tsx": {"lines":{"total":98,"covered":82,"skipped":0,"pct":83.67},"functions":{"total":37,"covered":27,"skipped":0,"pct":72.97},"statements":{"total":111,"covered":88,"skipped":0,"pct":79.27},"branches":{"total":98,"covered":75,"skipped":0,"pct":76.53}}
,"D:\\6 Проекты\\CRM ERP\\Сlaude CRM - проект\\frontend\\src\\components\\priority-badge.tsx": {"lines":{"total":2,"covered":2,"skipped":0,"pct":100},"functions":{"total":1,"covered":1,"skipped":0,"pct":100},"statements":{"total":2,"covered":2,"skipped":0,"pct":100},"branches":{"total":3,"covered":3,"skipped":0,"pct":100}}
,"D:\\6 Проекты\\CRM ERP\\Сlaude CRM - проект\\frontend\\src\\components\\sidebar.tsx": {"lines":{"total":187,"covered":179,"skipped":0,"pct":95.72},"functions":{"total":62,"covered":60,"skipped":0,"pct":96.77},"statements":{"total":225,"covered":207,"skipped":0,"pct":92},"branches":{"total":212,"covered":190,"skipped":0,"pct":89.62}}
,"D:\\6 Проекты\\CRM ERP\\Сlaude CRM - проект\\frontend\\src\\components\\source-tag.tsx": {"lines":{"total":2,"covered":2,"skipped":0,"pct":100},"functions":{"total":1,"covered":1,"skipped":0,"pct":100},"statements":{"total":2,"covered":2,"skipped":0,"pct":100},"branches":{"total":8,"covered":7,"skipped":0,"pct":87.5}}
,"D:\\6 Проекты\\CRM ERP\\Сlaude CRM - проект\\frontend\\src\\components\\theme-toggle.tsx": {"lines":{"total":11,"covered":6,"skipped":0,"pct":54.54},"functions":{"total":4,"covered":3,"skipped":0,"pct":75},"statements":{"total":12,"covered":7,"skipped":0,"pct":58.33},"branches":{"total":8,"covered":3,"skipped":0,"pct":37.5}}
,"D:\\6 Проекты\\CRM ERP\\Сlaude CRM - проект\\frontend\\src\\components\\topbar.tsx": {"lines":{"total":12,"covered":12,"skipped":0,"pct":100},"functions":{"total":7,"covered":7,"skipped":0,"pct":100},"statements":{"total":13,"covered":13,"skipped":0,"pct":100},"branches":{"total":27,"covered":23,"skipped":0,"pct":85.18}}
,"D:\\6 Проекты\\CRM ERP\\Сlaude CRM - проект\\frontend\\src\\components\\calls\\active-call-provider.tsx": {"lines":{"total":24,"covered":6,"skipped":0,"pct":25},"functions":{"total":11,"covered":2,"skipped":0,"pct":18.18},"statements":{"total":26,"covered":7,"skipped":0,"pct":26.92},"branches":{"total":18,"covered":1,"skipped":0,"pct":5.55}}
,"D:\\6 Проекты\\CRM ERP\\Сlaude CRM - проект\\frontend\\src\\components\\calls\\call-scripts.ts": {"lines":{"total":3,"covered":3,"skipped":0,"pct":100},"functions":{"total":1,"covered":1,"skipped":0,"pct":100},"statements":{"total":3,"covered":3,"skipped":0,"pct":100},"branches":{"total":2,"covered":2,"skipped":0,"pct":100}}
,"D:\\6 Проекты\\CRM ERP\\Сlaude CRM - проект\\frontend\\src\\components\\calls\\call-window.tsx": {"lines":{"total":190,"covered":176,"skipped":0,"pct":92.63},"functions":{"total":61,"covered":47,"skipped":0,"pct":77.04},"statements":{"total":219,"covered":196,"skipped":0,"pct":89.49},"branches":{"total":192,"covered":157,"skipped":0,"pct":81.77}}
,"D:\\6 Проекты\\CRM ERP\\Сlaude CRM - проект\\frontend\\src\\components\\calls\\calls-workspace.tsx": {"lines":{"total":16,"covered":14,"skipped":0,"pct":87.5},"functions":{"total":7,"covered":4,"skipped":0,"pct":57.14},"statements":{"total":17,"covered":14,"skipped":0,"pct":82.35},"branches":{"total":12,"covered":7,"skipped":0,"pct":58.33}}
,"D:\\6 Проекты\\CRM ERP\\Сlaude CRM - проект\\frontend\\src\\components\\calls\\incoming-call-card.tsx": {"lines":{"total":21,"covered":18,"skipped":0,"pct":85.71},"functions":{"total":9,"covered":6,"skipped":0,"pct":66.66},"statements":{"total":22,"covered":19,"skipped":0,"pct":86.36},"branches":{"total":37,"covered":27,"skipped":0,"pct":72.97}}
,"D:\\6 Проекты\\CRM ERP\\Сlaude CRM - проект\\frontend\\src\\components\\catalog\\catalog-picker.tsx": {"lines":{"total":157,"covered":148,"skipped":0,"pct":94.26},"functions":{"total":79,"covered":70,"skipped":0,"pct":88.6},"statements":{"total":184,"covered":170,"skipped":0,"pct":92.39},"branches":{"total":167,"covered":144,"skipped":0,"pct":86.22}}
,"D:\\6 Проекты\\CRM ERP\\Сlaude CRM - проект\\frontend\\src\\components\\crm\\rop-plan-fact.tsx": {"lines":{"total":26,"covered":26,"skipped":0,"pct":100},"functions":{"total":8,"covered":8,"skipped":0,"pct":100},"statements":{"total":28,"covered":28,"skipped":0,"pct":100},"branches":{"total":22,"covered":21,"skipped":0,"pct":95.45}}
,"D:\\6 Проекты\\CRM ERP\\Сlaude CRM - проект\\frontend\\src\\components\\docs\\docs-archive.tsx": {"lines":{"total":98,"covered":87,"skipped":0,"pct":88.77},"functions":{"total":48,"covered":44,"skipped":0,"pct":91.66},"statements":{"total":116,"covered":104,"skipped":0,"pct":89.65},"branches":{"total":59,"covered":51,"skipped":0,"pct":86.44}}
,"D:\\6 Проекты\\CRM ERP\\Сlaude CRM - проект\\frontend\\src\\components\\docs\\docs-registry.tsx": {"lines":{"total":136,"covered":115,"skipped":0,"pct":84.55},"functions":{"total":82,"covered":68,"skipped":0,"pct":82.92},"statements":{"total":153,"covered":130,"skipped":0,"pct":84.96},"branches":{"total":82,"covered":71,"skipped":0,"pct":86.58}}
,"D:\\6 Проекты\\CRM ERP\\Сlaude CRM - проект\\frontend\\src\\components\\erp\\access-admin.tsx": {"lines":{"total":118,"covered":115,"skipped":0,"pct":97.45},"functions":{"total":67,"covered":64,"skipped":0,"pct":95.52},"statements":{"total":146,"covered":136,"skipped":0,"pct":93.15},"branches":{"total":96,"covered":85,"skipped":0,"pct":88.54}}
,"D:\\6 Проекты\\CRM ERP\\Сlaude CRM - проект\\frontend\\src\\components\\erp\\analytics-view.tsx": {"lines":{"total":12,"covered":12,"skipped":0,"pct":100},"functions":{"total":5,"covered":5,"skipped":0,"pct":100},"statements":{"total":13,"covered":13,"skipped":0,"pct":100},"branches":{"total":6,"covered":4,"skipped":0,"pct":66.66}}
,"D:\\6 Проекты\\CRM ERP\\Сlaude CRM - проект\\frontend\\src\\components\\erp\\bom-panel.tsx": {"lines":{"total":94,"covered":86,"skipped":0,"pct":91.48},"functions":{"total":33,"covered":31,"skipped":0,"pct":93.93},"statements":{"total":101,"covered":90,"skipped":0,"pct":89.1},"branches":{"total":42,"covered":32,"skipped":0,"pct":76.19}}
,"D:\\6 Проекты\\CRM ERP\\Сlaude CRM - проект\\frontend\\src\\components\\erp\\claims-panel.tsx": {"lines":{"total":84,"covered":68,"skipped":0,"pct":80.95},"functions":{"total":41,"covered":28,"skipped":0,"pct":68.29},"statements":{"total":90,"covered":71,"skipped":0,"pct":78.88},"branches":{"total":66,"covered":49,"skipped":0,"pct":74.24}}
,"D:\\6 Проекты\\CRM ERP\\Сlaude CRM - проект\\frontend\\src\\components\\erp\\employee-invitation-form.tsx": {"lines":{"total":101,"covered":82,"skipped":0,"pct":81.18},"functions":{"total":26,"covered":22,"skipped":0,"pct":84.61},"statements":{"total":107,"covered":84,"skipped":0,"pct":78.5},"branches":{"total":69,"covered":56,"skipped":0,"pct":81.15}}
,"D:\\6 Проекты\\CRM ERP\\Сlaude CRM - проект\\frontend\\src\\components\\erp\\finance-view.tsx": {"lines":{"total":250,"covered":242,"skipped":0,"pct":96.8},"functions":{"total":74,"covered":67,"skipped":0,"pct":90.54},"statements":{"total":271,"covered":256,"skipped":0,"pct":94.46},"branches":{"total":355,"covered":282,"skipped":0,"pct":79.43}}
,"D:\\6 Проекты\\CRM ERP\\Сlaude CRM - проект\\frontend\\src\\components\\erp\\hr-okk-view.tsx": {"lines":{"total":72,"covered":69,"skipped":0,"pct":95.83},"functions":{"total":23,"covered":18,"skipped":0,"pct":78.26},"statements":{"total":75,"covered":71,"skipped":0,"pct":94.66},"branches":{"total":41,"covered":35,"skipped":0,"pct":85.36}}
,"D:\\6 Проекты\\CRM ERP\\Сlaude CRM - проект\\frontend\\src\\components\\erp\\hr-payroll-view.tsx": {"lines":{"total":112,"covered":104,"skipped":0,"pct":92.85},"functions":{"total":33,"covered":28,"skipped":0,"pct":84.84},"statements":{"total":122,"covered":110,"skipped":0,"pct":90.16},"branches":{"total":89,"covered":73,"skipped":0,"pct":82.02}}
,"D:\\6 Проекты\\CRM ERP\\Сlaude CRM - проект\\frontend\\src\\components\\erp\\knowledge-enrollments-view.tsx": {"lines":{"total":43,"covered":41,"skipped":0,"pct":95.34},"functions":{"total":12,"covered":11,"skipped":0,"pct":91.66},"statements":{"total":47,"covered":44,"skipped":0,"pct":93.61},"branches":{"total":28,"covered":24,"skipped":0,"pct":85.71}}
,"D:\\6 Проекты\\CRM ERP\\Сlaude CRM - проект\\frontend\\src\\components\\erp\\logistics-audit.tsx": {"lines":{"total":58,"covered":58,"skipped":0,"pct":100},"functions":{"total":10,"covered":10,"skipped":0,"pct":100},"statements":{"total":59,"covered":59,"skipped":0,"pct":100},"branches":{"total":53,"covered":43,"skipped":0,"pct":81.13}}
,"D:\\6 Проекты\\CRM ERP\\Сlaude CRM - проект\\frontend\\src\\components\\erp\\logistics-delivery.tsx": {"lines":{"total":40,"covered":39,"skipped":0,"pct":97.5},"functions":{"total":15,"covered":12,"skipped":0,"pct":80},"statements":{"total":47,"covered":42,"skipped":0,"pct":89.36},"branches":{"total":45,"covered":39,"skipped":0,"pct":86.66}}
,"D:\\6 Проекты\\CRM ERP\\Сlaude CRM - проект\\frontend\\src\\components\\erp\\logistics-fleet.tsx": {"lines":{"total":63,"covered":59,"skipped":0,"pct":93.65},"functions":{"total":21,"covered":19,"skipped":0,"pct":90.47},"statements":{"total":65,"covered":61,"skipped":0,"pct":93.84},"branches":{"total":38,"covered":34,"skipped":0,"pct":89.47}}
,"D:\\6 Проекты\\CRM ERP\\Сlaude CRM - проект\\frontend\\src\\components\\erp\\logistics-import-drawer.tsx": {"lines":{"total":30,"covered":28,"skipped":0,"pct":93.33},"functions":{"total":7,"covered":7,"skipped":0,"pct":100},"statements":{"total":30,"covered":28,"skipped":0,"pct":93.33},"branches":{"total":47,"covered":37,"skipped":0,"pct":78.72}}
,"D:\\6 Проекты\\CRM ERP\\Сlaude CRM - проект\\frontend\\src\\components\\erp\\logistics-import.tsx": {"lines":{"total":44,"covered":41,"skipped":0,"pct":93.18},"functions":{"total":21,"covered":17,"skipped":0,"pct":80.95},"statements":{"total":52,"covered":47,"skipped":0,"pct":90.38},"branches":{"total":43,"covered":31,"skipped":0,"pct":72.09}}
,"D:\\6 Проекты\\CRM ERP\\Сlaude CRM - проект\\frontend\\src\\components\\erp\\logistics-insights.tsx": {"lines":{"total":37,"covered":37,"skipped":0,"pct":100},"functions":{"total":11,"covered":11,"skipped":0,"pct":100},"statements":{"total":41,"covered":40,"skipped":0,"pct":97.56},"branches":{"total":46,"covered":32,"skipped":0,"pct":69.56}}
,"D:\\6 Проекты\\CRM ERP\\Сlaude CRM - проект\\frontend\\src\\components\\erp\\logistics-scorecard.tsx": {"lines":{"total":65,"covered":65,"skipped":0,"pct":100},"functions":{"total":17,"covered":17,"skipped":0,"pct":100},"statements":{"total":68,"covered":68,"skipped":0,"pct":100},"branches":{"total":41,"covered":40,"skipped":0,"pct":97.56}}
,"D:\\6 Проекты\\CRM ERP\\Сlaude CRM - проект\\frontend\\src\\components\\erp\\logistics-shipment-drawer.tsx": {"lines":{"total":34,"covered":33,"skipped":0,"pct":97.05},"functions":{"total":9,"covered":8,"skipped":0,"pct":88.88},"statements":{"total":35,"covered":33,"skipped":0,"pct":94.28},"branches":{"total":40,"covered":30,"skipped":0,"pct":75}}
,"D:\\6 Проекты\\CRM ERP\\Сlaude CRM - проект\\frontend\\src\\components\\erp\\logistics-tabs.tsx": {"lines":{"total":16,"covered":11,"skipped":0,"pct":68.75},"functions":{"total":11,"covered":6,"skipped":0,"pct":54.54},"statements":{"total":16,"covered":11,"skipped":0,"pct":68.75},"branches":{"total":4,"covered":4,"skipped":0,"pct":100}}
,"D:\\6 Проекты\\CRM ERP\\Сlaude CRM - проект\\frontend\\src\\components\\erp\\logistics-tariffs.tsx": {"lines":{"total":68,"covered":68,"skipped":0,"pct":100},"functions":{"total":24,"covered":24,"skipped":0,"pct":100},"statements":{"total":78,"covered":78,"skipped":0,"pct":100},"branches":{"total":50,"covered":45,"skipped":0,"pct":90}}
,"D:\\6 Проекты\\CRM ERP\\Сlaude CRM - проект\\frontend\\src\\components\\erp\\logistics-tender.tsx": {"lines":{"total":71,"covered":63,"skipped":0,"pct":88.73},"functions":{"total":18,"covered":17,"skipped":0,"pct":94.44},"statements":{"total":79,"covered":67,"skipped":0,"pct":84.81},"branches":{"total":78,"covered":57,"skipped":0,"pct":73.07}}
,"D:\\6 Проекты\\CRM ERP\\Сlaude CRM - проект\\frontend\\src\\components\\erp\\logistics-ui.tsx": {"lines":{"total":11,"covered":11,"skipped":0,"pct":100},"functions":{"total":7,"covered":7,"skipped":0,"pct":100},"statements":{"total":11,"covered":11,"skipped":0,"pct":100},"branches":{"total":20,"covered":18,"skipped":0,"pct":90}}
,"D:\\6 Проекты\\CRM ERP\\Сlaude CRM - проект\\frontend\\src\\components\\erp\\marketing-campaign-board.tsx": {"lines":{"total":7,"covered":7,"skipped":0,"pct":100},"functions":{"total":2,"covered":2,"skipped":0,"pct":100},"statements":{"total":8,"covered":8,"skipped":0,"pct":100},"branches":{"total":14,"covered":14,"skipped":0,"pct":100}}
,"D:\\6 Проекты\\CRM ERP\\Сlaude CRM - проект\\frontend\\src\\components\\erp\\marketing-seo-project-view.tsx": {"lines":{"total":48,"covered":45,"skipped":0,"pct":93.75},"functions":{"total":18,"covered":15,"skipped":0,"pct":83.33},"statements":{"total":53,"covered":48,"skipped":0,"pct":90.56},"branches":{"total":66,"covered":54,"skipped":0,"pct":81.81}}
,"D:\\6 Проекты\\CRM ERP\\Сlaude CRM - проект\\frontend\\src\\components\\erp\\marketing-seo-view.tsx": {"lines":{"total":33,"covered":33,"skipped":0,"pct":100},"functions":{"total":9,"covered":9,"skipped":0,"pct":100},"statements":{"total":33,"covered":33,"skipped":0,"pct":100},"branches":{"total":42,"covered":40,"skipped":0,"pct":95.23}}
,"D:\\6 Проекты\\CRM ERP\\Сlaude CRM - проект\\frontend\\src\\components\\erp\\module-board.tsx": {"lines":{"total":47,"covered":44,"skipped":0,"pct":93.61},"functions":{"total":22,"covered":21,"skipped":0,"pct":95.45},"statements":{"total":52,"covered":47,"skipped":0,"pct":90.38},"branches":{"total":50,"covered":38,"skipped":0,"pct":76}}
,"D:\\6 Проекты\\CRM ERP\\Сlaude CRM - проект\\frontend\\src\\components\\erp\\norms-table.tsx": {"lines":{"total":41,"covered":41,"skipped":0,"pct":100},"functions":{"total":17,"covered":16,"skipped":0,"pct":94.11},"statements":{"total":45,"covered":44,"skipped":0,"pct":97.77},"branches":{"total":16,"covered":16,"skipped":0,"pct":100}}
,"D:\\6 Проекты\\CRM ERP\\Сlaude CRM - проект\\frontend\\src\\components\\erp\\office-claims-view.tsx": {"lines":{"total":50,"covered":44,"skipped":0,"pct":88},"functions":{"total":17,"covered":12,"skipped":0,"pct":70.58},"statements":{"total":54,"covered":47,"skipped":0,"pct":87.03},"branches":{"total":28,"covered":22,"skipped":0,"pct":78.57}}
,"D:\\6 Проекты\\CRM ERP\\Сlaude CRM - проект\\frontend\\src\\components\\erp\\office-delivery.tsx": {"lines":{"total":25,"covered":22,"skipped":0,"pct":88},"functions":{"total":14,"covered":11,"skipped":0,"pct":78.57},"statements":{"total":25,"covered":22,"skipped":0,"pct":88},"branches":{"total":24,"covered":19,"skipped":0,"pct":79.16}}
,"D:\\6 Проекты\\CRM ERP\\Сlaude CRM - проект\\frontend\\src\\components\\erp\\office-legal-view.tsx": {"lines":{"total":51,"covered":44,"skipped":0,"pct":86.27},"functions":{"total":17,"covered":11,"skipped":0,"pct":64.7},"statements":{"total":56,"covered":46,"skipped":0,"pct":82.14},"branches":{"total":32,"covered":25,"skipped":0,"pct":78.12}}
,"D:\\6 Проекты\\CRM ERP\\Сlaude CRM - проект\\frontend\\src\\components\\erp\\office-view.tsx": {"lines":{"total":38,"covered":36,"skipped":0,"pct":94.73},"functions":{"total":16,"covered":15,"skipped":0,"pct":93.75},"statements":{"total":47,"covered":43,"skipped":0,"pct":91.48},"branches":{"total":31,"covered":26,"skipped":0,"pct":83.87}}
,"D:\\6 Проекты\\CRM ERP\\Сlaude CRM - проект\\frontend\\src\\components\\erp\\otk-panel.tsx": {"lines":{"total":32,"covered":30,"skipped":0,"pct":93.75},"functions":{"total":15,"covered":13,"skipped":0,"pct":86.66},"statements":{"total":32,"covered":30,"skipped":0,"pct":93.75},"branches":{"total":14,"covered":11,"skipped":0,"pct":78.57}}
,"D:\\6 Проекты\\CRM ERP\\Сlaude CRM - проект\\frontend\\src\\components\\erp\\plan-matrix.tsx": {"lines":{"total":79,"covered":74,"skipped":0,"pct":93.67},"functions":{"total":27,"covered":24,"skipped":0,"pct":88.88},"statements":{"total":86,"covered":79,"skipped":0,"pct":91.86},"branches":{"total":48,"covered":38,"skipped":0,"pct":79.16}}
,"D:\\6 Проекты\\CRM ERP\\Сlaude CRM - проект\\frontend\\src\\components\\erp\\procurement-cost-calc.tsx": {"lines":{"total":103,"covered":90,"skipped":0,"pct":87.37},"functions":{"total":58,"covered":46,"skipped":0,"pct":79.31},"statements":{"total":121,"covered":107,"skipped":0,"pct":88.42},"branches":{"total":109,"covered":88,"skipped":0,"pct":80.73}}
,"D:\\6 Проекты\\CRM ERP\\Сlaude CRM - проект\\frontend\\src\\components\\erp\\procurement-machine-editor.tsx": {"lines":{"total":47,"covered":46,"skipped":0,"pct":97.87},"functions":{"total":15,"covered":14,"skipped":0,"pct":93.33},"statements":{"total":49,"covered":48,"skipped":0,"pct":97.95},"branches":{"total":34,"covered":30,"skipped":0,"pct":88.23}}
,"D:\\6 Проекты\\CRM ERP\\Сlaude CRM - проект\\frontend\\src\\components\\erp\\procurement-open-orders-table.tsx": {"lines":{"total":20,"covered":20,"skipped":0,"pct":100},"functions":{"total":9,"covered":9,"skipped":0,"pct":100},"statements":{"total":23,"covered":23,"skipped":0,"pct":100},"branches":{"total":26,"covered":22,"skipped":0,"pct":84.61}}
,"D:\\6 Проекты\\CRM ERP\\Сlaude CRM - проект\\frontend\\src\\components\\erp\\procurement-rfq-view.tsx": {"lines":{"total":60,"covered":55,"skipped":0,"pct":91.66},"functions":{"total":19,"covered":18,"skipped":0,"pct":94.73},"statements":{"total":66,"covered":60,"skipped":0,"pct":90.9},"branches":{"total":70,"covered":55,"skipped":0,"pct":78.57}}
,"D:\\6 Проекты\\CRM ERP\\Сlaude CRM - проект\\frontend\\src\\components\\erp\\procurement-suppliers-table.tsx": {"lines":{"total":57,"covered":43,"skipped":0,"pct":75.43},"functions":{"total":31,"covered":17,"skipped":0,"pct":54.83},"statements":{"total":61,"covered":46,"skipped":0,"pct":75.4},"branches":{"total":42,"covered":36,"skipped":0,"pct":85.71}}
,"D:\\6 Проекты\\CRM ERP\\Сlaude CRM - проект\\frontend\\src\\components\\erp\\production-analytics-view.tsx": {"lines":{"total":26,"covered":26,"skipped":0,"pct":100},"functions":{"total":11,"covered":11,"skipped":0,"pct":100},"statements":{"total":28,"covered":28,"skipped":0,"pct":100},"branches":{"total":18,"covered":15,"skipped":0,"pct":83.33}}
,"D:\\6 Проекты\\CRM ERP\\Сlaude CRM - проект\\frontend\\src\\components\\erp\\settings-view.tsx": {"lines":{"total":10,"covered":10,"skipped":0,"pct":100},"functions":{"total":8,"covered":8,"skipped":0,"pct":100},"statements":{"total":10,"covered":10,"skipped":0,"pct":100},"branches":{"total":8,"covered":6,"skipped":0,"pct":75}}
,"D:\\6 Проекты\\CRM ERP\\Сlaude CRM - проект\\frontend\\src\\components\\erp\\vyrabotka-table.tsx": {"lines":{"total":36,"covered":36,"skipped":0,"pct":100},"functions":{"total":12,"covered":11,"skipped":0,"pct":91.66},"statements":{"total":37,"covered":36,"skipped":0,"pct":97.29},"branches":{"total":14,"covered":11,"skipped":0,"pct":78.57}}
,"D:\\6 Проекты\\CRM ERP\\Сlaude CRM - проект\\frontend\\src\\components\\erp\\wms-alerts.tsx": {"lines":{"total":12,"covered":12,"skipped":0,"pct":100},"functions":{"total":3,"covered":3,"skipped":0,"pct":100},"statements":{"total":12,"covered":12,"skipped":0,"pct":100},"branches":{"total":22,"covered":22,"skipped":0,"pct":100}}
,"D:\\6 Проекты\\CRM ERP\\Сlaude CRM - проект\\frontend\\src\\components\\erp\\wms-balances.tsx": {"lines":{"total":15,"covered":15,"skipped":0,"pct":100},"functions":{"total":6,"covered":6,"skipped":0,"pct":100},"statements":{"total":16,"covered":16,"skipped":0,"pct":100},"branches":{"total":16,"covered":16,"skipped":0,"pct":100}}
,"D:\\6 Проекты\\CRM ERP\\Сlaude CRM - проект\\frontend\\src\\components\\erp\\wms-cycle-counts.tsx": {"lines":{"total":25,"covered":25,"skipped":0,"pct":100},"functions":{"total":9,"covered":9,"skipped":0,"pct":100},"statements":{"total":27,"covered":27,"skipped":0,"pct":100},"branches":{"total":14,"covered":14,"skipped":0,"pct":100}}
,"D:\\6 Проекты\\CRM ERP\\Сlaude CRM - проект\\frontend\\src\\components\\erp\\wms-dashboard.tsx": {"lines":{"total":4,"covered":0,"skipped":0,"pct":0},"functions":{"total":2,"covered":0,"skipped":0,"pct":0},"statements":{"total":4,"covered":0,"skipped":0,"pct":0},"branches":{"total":16,"covered":0,"skipped":0,"pct":0}}
,"D:\\6 Проекты\\CRM ERP\\Сlaude CRM - проект\\frontend\\src\\components\\erp\\wms-inventory-detail.tsx": {"lines":{"total":36,"covered":35,"skipped":0,"pct":97.22},"functions":{"total":12,"covered":11,"skipped":0,"pct":91.66},"statements":{"total":42,"covered":40,"skipped":0,"pct":95.23},"branches":{"total":55,"covered":43,"skipped":0,"pct":78.18}}
,"D:\\6 Проекты\\CRM ERP\\Сlaude CRM - проект\\frontend\\src\\components\\erp\\wms-inventory-list.tsx": {"lines":{"total":17,"covered":17,"skipped":0,"pct":100},"functions":{"total":5,"covered":4,"skipped":0,"pct":80},"statements":{"total":19,"covered":18,"skipped":0,"pct":94.73},"branches":{"total":12,"covered":12,"skipped":0,"pct":100}}
,"D:\\6 Проекты\\CRM ERP\\Сlaude CRM - проект\\frontend\\src\\components\\erp\\wms-location-label.tsx": {"lines":{"total":17,"covered":17,"skipped":0,"pct":100},"functions":{"total":7,"covered":7,"skipped":0,"pct":100},"statements":{"total":20,"covered":20,"skipped":0,"pct":100},"branches":{"total":10,"covered":10,"skipped":0,"pct":100}}
,"D:\\6 Проекты\\CRM ERP\\Сlaude CRM - проект\\frontend\\src\\components\\erp\\wms-locations.tsx": {"lines":{"total":22,"covered":22,"skipped":0,"pct":100},"functions":{"total":9,"covered":8,"skipped":0,"pct":88.88},"statements":{"total":23,"covered":22,"skipped":0,"pct":95.65},"branches":{"total":18,"covered":18,"skipped":0,"pct":100}}
,"D:\\6 Проекты\\CRM ERP\\Сlaude CRM - проект\\frontend\\src\\components\\erp\\wms-movements.tsx": {"lines":{"total":56,"covered":52,"skipped":0,"pct":92.85},"functions":{"total":25,"covered":21,"skipped":0,"pct":84},"statements":{"total":62,"covered":56,"skipped":0,"pct":90.32},"branches":{"total":57,"covered":46,"skipped":0,"pct":80.7}}
,"D:\\6 Проекты\\CRM ERP\\Сlaude CRM - проект\\frontend\\src\\components\\erp\\wms-receipt-detail.tsx": {"lines":{"total":27,"covered":27,"skipped":0,"pct":100},"functions":{"total":14,"covered":14,"skipped":0,"pct":100},"statements":{"total":32,"covered":32,"skipped":0,"pct":100},"branches":{"total":32,"covered":28,"skipped":0,"pct":87.5}}
,"D:\\6 Проекты\\CRM ERP\\Сlaude CRM - проект\\frontend\\src\\components\\erp\\wms-receipts.tsx": {"lines":{"total":5,"covered":0,"skipped":0,"pct":0},"functions":{"total":2,"covered":0,"skipped":0,"pct":0},"statements":{"total":5,"covered":0,"skipped":0,"pct":0},"branches":{"total":8,"covered":0,"skipped":0,"pct":0}}
,"D:\\6 Проекты\\CRM ERP\\Сlaude CRM - проект\\frontend\\src\\components\\erp\\wms-reconciliation.tsx": {"lines":{"total":4,"covered":0,"skipped":0,"pct":0},"functions":{"total":2,"covered":0,"skipped":0,"pct":0},"statements":{"total":4,"covered":0,"skipped":0,"pct":0},"branches":{"total":16,"covered":0,"skipped":0,"pct":0}}
,"D:\\6 Проекты\\CRM ERP\\Сlaude CRM - проект\\frontend\\src\\components\\erp\\wms-stock-table.tsx": {"lines":{"total":19,"covered":19,"skipped":0,"pct":100},"functions":{"total":11,"covered":11,"skipped":0,"pct":100},"statements":{"total":21,"covered":21,"skipped":0,"pct":100},"branches":{"total":22,"covered":21,"skipped":0,"pct":95.45}}
,"D:\\6 Проекты\\CRM ERP\\Сlaude CRM - проект\\frontend\\src\\components\\erp\\wms-stock-view.tsx": {"lines":{"total":20,"covered":20,"skipped":0,"pct":100},"functions":{"total":9,"covered":9,"skipped":0,"pct":100},"statements":{"total":24,"covered":24,"skipped":0,"pct":100},"branches":{"total":28,"covered":27,"skipped":0,"pct":96.42}}
,"D:\\6 Проекты\\CRM ERP\\Сlaude CRM - проект\\frontend\\src\\components\\erp\\wms-tasks.tsx": {"lines":{"total":21,"covered":21,"skipped":0,"pct":100},"functions":{"total":12,"covered":12,"skipped":0,"pct":100},"statements":{"total":24,"covered":24,"skipped":0,"pct":100},"branches":{"total":24,"covered":24,"skipped":0,"pct":100}}
,"D:\\6 Проекты\\CRM ERP\\Сlaude CRM - проект\\frontend\\src\\components\\erp\\worktime-view.tsx": {"lines":{"total":106,"covered":104,"skipped":0,"pct":98.11},"functions":{"total":53,"covered":53,"skipped":0,"pct":100},"statements":{"total":127,"covered":125,"skipped":0,"pct":98.42},"branches":{"total":96,"covered":89,"skipped":0,"pct":92.7}}
,"D:\\6 Проекты\\CRM ERP\\Сlaude CRM - проект\\frontend\\src\\components\\erp\\zayavki-table.tsx": {"lines":{"total":60,"covered":57,"skipped":0,"pct":95},"functions":{"total":21,"covered":17,"skipped":0,"pct":80.95},"statements":{"total":64,"covered":60,"skipped":0,"pct":93.75},"branches":{"total":38,"covered":37,"skipped":0,"pct":97.36}}
,"D:\\6 Проекты\\CRM ERP\\Сlaude CRM - проект\\frontend\\src\\components\\erp\\spravochniki\\provenance-badge.tsx": {"lines":{"total":7,"covered":7,"skipped":0,"pct":100},"functions":{"total":2,"covered":2,"skipped":0,"pct":100},"statements":{"total":8,"covered":8,"skipped":0,"pct":100},"branches":{"total":10,"covered":8,"skipped":0,"pct":80}}
,"D:\\6 Проекты\\CRM ERP\\Сlaude CRM - проект\\frontend\\src\\components\\erp\\spravochniki\\sprav-admin.tsx": {"lines":{"total":19,"covered":19,"skipped":0,"pct":100},"functions":{"total":10,"covered":9,"skipped":0,"pct":90},"statements":{"total":23,"covered":22,"skipped":0,"pct":95.65},"branches":{"total":14,"covered":14,"skipped":0,"pct":100}}
,"D:\\6 Проекты\\CRM ERP\\Сlaude CRM - проект\\frontend\\src\\components\\erp\\spravochniki\\sprav-ai.tsx": {"lines":{"total":40,"covered":38,"skipped":0,"pct":95},"functions":{"total":17,"covered":15,"skipped":0,"pct":88.23},"statements":{"total":47,"covered":42,"skipped":0,"pct":89.36},"branches":{"total":40,"covered":39,"skipped":0,"pct":97.5}}
,"D:\\6 Проекты\\CRM ERP\\Сlaude CRM - проект\\frontend\\src\\components\\erp\\spravochniki\\sprav-card.tsx": {"lines":{"total":22,"covered":22,"skipped":0,"pct":100},"functions":{"total":11,"covered":11,"skipped":0,"pct":100},"statements":{"total":28,"covered":27,"skipped":0,"pct":96.42},"branches":{"total":60,"covered":53,"skipped":0,"pct":88.33}}
,"D:\\6 Проекты\\CRM ERP\\Сlaude CRM - проект\\frontend\\src\\components\\erp\\spravochniki\\sprav-catalog.tsx": {"lines":{"total":50,"covered":48,"skipped":0,"pct":96},"functions":{"total":18,"covered":18,"skipped":0,"pct":100},"statements":{"total":56,"covered":51,"skipped":0,"pct":91.07},"branches":{"total":69,"covered":58,"skipped":0,"pct":84.05}}
,"D:\\6 Проекты\\CRM ERP\\Сlaude CRM - проект\\frontend\\src\\components\\erp\\spravochniki\\sprav-categories.tsx": {"lines":{"total":190,"covered":177,"skipped":0,"pct":93.15},"functions":{"total":74,"covered":61,"skipped":0,"pct":82.43},"statements":{"total":209,"covered":189,"skipped":0,"pct":90.43},"branches":{"total":177,"covered":149,"skipped":0,"pct":84.18}}
,"D:\\6 Проекты\\CRM ERP\\Сlaude CRM - проект\\frontend\\src\\components\\erp\\spravochniki\\sprav-import-refs.tsx": {"lines":{"total":40,"covered":38,"skipped":0,"pct":95},"functions":{"total":15,"covered":15,"skipped":0,"pct":100},"statements":{"total":43,"covered":41,"skipped":0,"pct":95.34},"branches":{"total":38,"covered":35,"skipped":0,"pct":92.1}}
,"D:\\6 Проекты\\CRM ERP\\Сlaude CRM - проект\\frontend\\src\\components\\erp\\spravochniki\\sprav-import-shell.tsx": {"lines":{"total":6,"covered":0,"skipped":0,"pct":0},"functions":{"total":4,"covered":0,"skipped":0,"pct":0},"statements":{"total":6,"covered":0,"skipped":0,"pct":0},"branches":{"total":4,"covered":0,"skipped":0,"pct":0}}
,"D:\\6 Проекты\\CRM ERP\\Сlaude CRM - проект\\frontend\\src\\components\\erp\\spravochniki\\sprav-import.tsx": {"lines":{"total":33,"covered":33,"skipped":0,"pct":100},"functions":{"total":9,"covered":9,"skipped":0,"pct":100},"statements":{"total":38,"covered":38,"skipped":0,"pct":100},"branches":{"total":35,"covered":34,"skipped":0,"pct":97.14}}
,"D:\\6 Проекты\\CRM ERP\\Сlaude CRM - проект\\frontend\\src\\components\\erp\\spravochniki\\sprav-merge-rules.tsx": {"lines":{"total":17,"covered":17,"skipped":0,"pct":100},"functions":{"total":5,"covered":5,"skipped":0,"pct":100},"statements":{"total":18,"covered":18,"skipped":0,"pct":100},"branches":{"total":14,"covered":14,"skipped":0,"pct":100}}
,"D:\\6 Проекты\\CRM ERP\\Сlaude CRM - проект\\frontend\\src\\components\\erp\\spravochniki\\sprav-merge.tsx": {"lines":{"total":24,"covered":24,"skipped":0,"pct":100},"functions":{"total":11,"covered":11,"skipped":0,"pct":100},"statements":{"total":26,"covered":25,"skipped":0,"pct":96.15},"branches":{"total":26,"covered":24,"skipped":0,"pct":92.3}}
,"D:\\6 Проекты\\CRM ERP\\Сlaude CRM - проект\\frontend\\src\\components\\erp\\spravochniki\\sprav-quality.tsx": {"lines":{"total":35,"covered":35,"skipped":0,"pct":100},"functions":{"total":11,"covered":11,"skipped":0,"pct":100},"statements":{"total":38,"covered":37,"skipped":0,"pct":97.36},"branches":{"total":45,"covered":42,"skipped":0,"pct":93.33}}
,"D:\\6 Проекты\\CRM ERP\\Сlaude CRM - проект\\frontend\\src\\components\\erp\\spravochniki\\sprav-rates.tsx": {"lines":{"total":67,"covered":67,"skipped":0,"pct":100},"functions":{"total":21,"covered":21,"skipped":0,"pct":100},"statements":{"total":75,"covered":73,"skipped":0,"pct":97.33},"branches":{"total":74,"covered":67,"skipped":0,"pct":90.54}}
,"D:\\6 Проекты\\CRM ERP\\Сlaude CRM - проект\\frontend\\src\\components\\erp\\spravochniki\\sprav-sku-card.tsx": {"lines":{"total":81,"covered":67,"skipped":0,"pct":82.71},"functions":{"total":34,"covered":30,"skipped":0,"pct":88.23},"statements":{"total":92,"covered":72,"skipped":0,"pct":78.26},"branches":{"total":309,"covered":179,"skipped":0,"pct":57.92}}
,"D:\\6 Проекты\\CRM ERP\\Сlaude CRM - проект\\frontend\\src\\components\\erp\\spravochniki\\sprav-sku-catalog.tsx": {"lines":{"total":17,"covered":17,"skipped":0,"pct":100},"functions":{"total":12,"covered":12,"skipped":0,"pct":100},"statements":{"total":22,"covered":22,"skipped":0,"pct":100},"branches":{"total":26,"covered":24,"skipped":0,"pct":92.3}}
,"D:\\6 Проекты\\CRM ERP\\Сlaude CRM - проект\\frontend\\src\\components\\erp\\spravochniki\\sprav-sync-journal.tsx": {"lines":{"total":8,"covered":8,"skipped":0,"pct":100},"functions":{"total":5,"covered":5,"skipped":0,"pct":100},"statements":{"total":11,"covered":11,"skipped":0,"pct":100},"branches":{"total":8,"covered":8,"skipped":0,"pct":100}}
,"D:\\6 Проекты\\CRM ERP\\Сlaude CRM - проект\\frontend\\src\\components\\funnel\\funnel-board.tsx": {"lines":{"total":126,"covered":113,"skipped":0,"pct":89.68},"functions":{"total":71,"covered":61,"skipped":0,"pct":85.91},"statements":{"total":146,"covered":130,"skipped":0,"pct":89.04},"branches":{"total":236,"covered":191,"skipped":0,"pct":80.93}}
,"D:\\6 Проекты\\CRM ERP\\Сlaude CRM - проект\\frontend\\src\\components\\funnel\\gate1-picker-modal.tsx": {"lines":{"total":4,"covered":1,"skipped":0,"pct":25},"functions":{"total":2,"covered":0,"skipped":0,"pct":0},"statements":{"total":4,"covered":1,"skipped":0,"pct":25},"branches":{"total":0,"covered":0,"skipped":0,"pct":100}}
,"D:\\6 Проекты\\CRM ERP\\Сlaude CRM - проект\\frontend\\src\\components\\kanban\\action-cockpit.tsx": {"lines":{"total":39,"covered":34,"skipped":0,"pct":87.17},"functions":{"total":19,"covered":17,"skipped":0,"pct":89.47},"statements":{"total":43,"covered":37,"skipped":0,"pct":86.04},"branches":{"total":43,"covered":31,"skipped":0,"pct":72.09}}
,"D:\\6 Проекты\\CRM ERP\\Сlaude CRM - проект\\frontend\\src\\components\\kanban\\catalog-picker-modal.tsx": {"lines":{"total":136,"covered":128,"skipped":0,"pct":94.11},"functions":{"total":49,"covered":41,"skipped":0,"pct":83.67},"statements":{"total":151,"covered":140,"skipped":0,"pct":92.71},"branches":{"total":206,"covered":161,"skipped":0,"pct":78.15}}
,"D:\\6 Проекты\\CRM ERP\\Сlaude CRM - проект\\frontend\\src\\components\\kanban\\company-switcher.tsx": {"lines":{"total":18,"covered":17,"skipped":0,"pct":94.44},"functions":{"total":9,"covered":8,"skipped":0,"pct":88.88},"statements":{"total":21,"covered":19,"skipped":0,"pct":90.47},"branches":{"total":14,"covered":11,"skipped":0,"pct":78.57}}
,"D:\\6 Проекты\\CRM ERP\\Сlaude CRM - проект\\frontend\\src\\components\\kanban\\create-deal-modal.tsx": {"lines":{"total":38,"covered":38,"skipped":0,"pct":100},"functions":{"total":17,"covered":17,"skipped":0,"pct":100},"statements":{"total":41,"covered":39,"skipped":0,"pct":95.12},"branches":{"total":14,"covered":11,"skipped":0,"pct":78.57}}
,"D:\\6 Проекты\\CRM ERP\\Сlaude CRM - проект\\frontend\\src\\components\\kanban\\currency-context.tsx": {"lines":{"total":17,"covered":14,"skipped":0,"pct":82.35},"functions":{"total":8,"covered":4,"skipped":0,"pct":50},"statements":{"total":21,"covered":15,"skipped":0,"pct":71.42},"branches":{"total":6,"covered":3,"skipped":0,"pct":50}}
,"D:\\6 Проекты\\CRM ERP\\Сlaude CRM - проект\\frontend\\src\\components\\kanban\\deal-card.tsx": {"lines":{"total":79,"covered":70,"skipped":0,"pct":88.6},"functions":{"total":28,"covered":25,"skipped":0,"pct":89.28},"statements":{"total":87,"covered":76,"skipped":0,"pct":87.35},"branches":{"total":122,"covered":105,"skipped":0,"pct":86.06}}
,"D:\\6 Проекты\\CRM ERP\\Сlaude CRM - проект\\frontend\\src\\components\\kanban\\deal-drawer-preview.tsx": {"lines":{"total":269,"covered":260,"skipped":0,"pct":96.65},"functions":{"total":78,"covered":71,"skipped":0,"pct":91.02},"statements":{"total":319,"covered":287,"skipped":0,"pct":89.96},"branches":{"total":292,"covered":246,"skipped":0,"pct":84.24}}
[...]
,"D:\\6 Проекты\\CRM ERP\\Сlaude CRM - проект\\frontend\\src\\lib\\api-proxy-headers.ts": {"lines":{"total":11,"covered":11,"skipped":0,"pct":100},"functions":{"total":1,"covered":1,"skipped":0,"pct":100},"statements":{"total":11,"covered":11,"skipped":0,"pct":100},"branches":{"total":7,"covered":6,"skipped":0,"pct":85.71}}
,"D:\\6 Проекты\\CRM ERP\\Сlaude CRM - проект\\frontend\\src\\lib\\api.ts": {"lines":{"total":480,"covered":451,"skipped":0,"pct":93.95},"functions":{"total":119,"covered":111,"skipped":0,"pct":93.27},"statements":{"total":566,"covered":506,"skipped":0,"pct":89.39},"branches":{"total":333,"covered":259,"skipped":0,"pct":77.77}}
,"D:\\6 Проекты\\CRM ERP\\Сlaude CRM - проект\\frontend\\src\\lib\\app-role.ts": {"lines":{"total":5,"covered":5,"skipped":0,"pct":100},"functions":{"total":4,"covered":4,"skipped":0,"pct":100},"statements":{"total":6,"covered":6,"skipped":0,"pct":100},"branches":{"total":4,"covered":4,"skipped":0,"pct":100}}
,"D:\\6 Проекты\\CRM ERP\\Сlaude CRM - проект\\frontend\\src\\lib\\auth-headers-server.ts": {"lines":{"total":13,"covered":13,"skipped":0,"pct":100},"functions":{"total":2,"covered":2,"skipped":0,"pct":100},"statements":{"total":13,"covered":13,"skipped":0,"pct":100},"branches":{"total":13,"covered":11,"skipped":0,"pct":84.61}}
,"D:\\6 Проекты\\CRM ERP\\Сlaude CRM - проект\\frontend\\src\\lib\\auth-mode.ts": {"lines":{"total":8,"covered":8,"skipped":0,"pct":100},"functions":{"total":2,"covered":2,"skipped":0,"pct":100},"statements":{"total":9,"covered":9,"skipped":0,"pct":100},"branches":{"total":16,"covered":16,"skipped":0,"pct":100}}
,"D:\\6 Проекты\\CRM ERP\\Сlaude CRM - проект\\frontend\\src\\lib\\auth-session-server.ts": {"lines":{"total":11,"covered":11,"skipped":0,"pct":100},"functions":{"total":2,"covered":1,"skipped":0,"pct":50},"statements":{"total":16,"covered":15,"skipped":0,"pct":93.75},"branches":{"total":10,"covered":9,"skipped":0,"pct":90}}
,"D:\\6 Проекты\\CRM ERP\\Сlaude CRM - проект\\frontend\\src\\lib\\barcode.ts": {"lines":{"total":14,"covered":14,"skipped":0,"pct":100},"functions":{"total":4,"covered":4,"skipped":0,"pct":100},"statements":{"total":19,"covered":19,"skipped":0,"pct":100},"branches":{"total":14,"covered":14,"skipped":0,"pct":100}}
,"D:\\6 Проекты\\CRM ERP\\Сlaude CRM - проект\\frontend\\src\\lib\\board.ts": {"lines":{"total":205,"covered":205,"skipped":0,"pct":100},"functions":{"total":53,"covered":53,"skipped":0,"pct":100},"statements":{"total":262,"covered":260,"skipped":0,"pct":99.23},"branches":{"total":221,"covered":214,"skipped":0,"pct":96.83}}
,"D:\\6 Проекты\\CRM ERP\\Сlaude CRM - проект\\frontend\\src\\lib\\branding-api.ts": {"lines":{"total":9,"covered":9,"skipped":0,"pct":100},"functions":{"total":2,"covered":2,"skipped":0,"pct":100},"statements":{"total":10,"covered":10,"skipped":0,"pct":100},"branches":{"total":2,"covered":2,"skipped":0,"pct":100}}
,"D:\\6 Проекты\\CRM ERP\\Сlaude CRM - проект\\frontend\\src\\lib\\cn.ts": {"lines":{"total":1,"covered":1,"skipped":0,"pct":100},"functions":{"total":1,"covered":1,"skipped":0,"pct":100},"statements":{"total":1,"covered":1,"skipped":0,"pct":100},"branches":{"total":0,"covered":0,"skipped":0,"pct":100}}
,"D:\\6 Проекты\\CRM ERP\\Сlaude CRM - проект\\frontend\\src\\lib\\contracts-api.ts": {"lines":{"total":20,"covered":20,"skipped":0,"pct":100},"functions":{"total":5,"covered":5,"skipped":0,"pct":100},"statements":{"total":23,"covered":23,"skipped":0,"pct":100},"branches":{"total":10,"covered":10,"skipped":0,"pct":100}}
,"D:\\6 Проекты\\CRM ERP\\Сlaude CRM - проект\\frontend\\src\\lib\\currency.ts": {"lines":{"total":5,"covered":5,"skipped":0,"pct":100},"functions":{"total":1,"covered":1,"skipped":0,"pct":100},"statements":{"total":5,"covered":5,"skipped":0,"pct":100},"branches":{"total":4,"covered":4,"skipped":0,"pct":100}}
,"D:\\6 Проекты\\CRM ERP\\Сlaude CRM - проект\\frontend\\src\\lib\\format.ts": {"lines":{"total":12,"covered":12,"skipped":0,"pct":100},"functions":{"total":5,"covered":5,"skipped":0,"pct":100},"statements":{"total":16,"covered":16,"skipped":0,"pct":100},"branches":{"total":14,"covered":13,"skipped":0,"pct":92.85}}
,"D:\\6 Проекты\\CRM ERP\\Сlaude CRM - проект\\frontend\\src\\lib\\funnel-api.ts": {"lines":{"total":14,"covered":14,"skipped":0,"pct":100},"functions":{"total":3,"covered":3,"skipped":0,"pct":100},"statements":{"total":15,"covered":15,"skipped":0,"pct":100},"branches":{"total":4,"covered":4,"skipped":0,"pct":100}}
,"D:\\6 Проекты\\CRM ERP\\Сlaude CRM - проект\\frontend\\src\\lib\\funnel-configs.ts": {"lines":{"total":1,"covered":1,"skipped":0,"pct":100},"functions":{"total":0,"covered":0,"skipped":0,"pct":100},"statements":{"total":1,"covered":1,"skipped":0,"pct":100},"branches":{"total":0,"covered":0,"skipped":0,"pct":100}}
,"D:\\6 Проекты\\CRM ERP\\Сlaude CRM - проект\\frontend\\src\\lib\\funnel.ts": {"lines":{"total":17,"covered":17,"skipped":0,"pct":100},"functions":{"total":1,"covered":1,"skipped":0,"pct":100},"statements":{"total":17,"covered":17,"skipped":0,"pct":100},"branches":{"total":8,"covered":8,"skipped":0,"pct":100}}
,"D:\\6 Проекты\\CRM ERP\\Сlaude CRM - проект\\frontend\\src\\lib\\keycloak-token.ts": {"lines":{"total":31,"covered":31,"skipped":0,"pct":100},"functions":{"total":7,"covered":7,"skipped":0,"pct":100},"statements":{"total":38,"covered":36,"skipped":0,"pct":94.73},"branches":{"total":27,"covered":21,"skipped":0,"pct":77.77}}
,"D:\\6 Проекты\\CRM ERP\\Сlaude CRM - проект\\frontend\\src\\lib\\keycloak.ts": {"lines":{"total":25,"covered":25,"skipped":0,"pct":100},"functions":{"total":5,"covered":5,"skipped":0,"pct":100},"statements":{"total":28,"covered":28,"skipped":0,"pct":100},"branches":{"total":7,"covered":7,"skipped":0,"pct":100}}
,"D:\\6 Проекты\\CRM ERP\\Сlaude CRM - проект\\frontend\\src\\lib\\lead-next-step.ts": {"lines":{"total":15,"covered":10,"skipped":0,"pct":66.66},"functions":{"total":8,"covered":5,"skipped":0,"pct":62.5},"statements":{"total":15,"covered":10,"skipped":0,"pct":66.66},"branches":{"total":0,"covered":0,"skipped":0,"pct":100}}
,"D:\\6 Проекты\\CRM ERP\\Сlaude CRM - проект\\frontend\\src\\lib\\lead-plan.ts": {"lines":{"total":24,"covered":24,"skipped":0,"pct":100},"functions":{"total":3,"covered":3,"skipped":0,"pct":100},"statements":{"total":28,"covered":28,"skipped":0,"pct":100},"branches":{"total":12,"covered":12,"skipped":0,"pct":100}}
,"D:\\6 Проекты\\CRM ERP\\Сlaude CRM - проект\\frontend\\src\\lib\\logistics-api.ts": {"lines":{"total":84,"covered":82,"skipped":0,"pct":97.61},"functions":{"total":42,"covered":42,"skipped":0,"pct":100},"statements":{"total":106,"covered":104,"skipped":0,"pct":98.11},"branches":{"total":25,"covered":25,"skipped":0,"pct":100}}
,"D:\\6 Проекты\\CRM ERP\\Сlaude CRM - проект\\frontend\\src\\lib\\logistics-domain.ts": {"lines":{"total":79,"covered":79,"skipped":0,"pct":100},"functions":{"total":28,"covered":28,"skipped":0,"pct":100},"statements":{"total":105,"covered":103,"skipped":0,"pct":98.09},"branches":{"total":80,"covered":78,"skipped":0,"pct":97.5}}
,"D:\\6 Проекты\\CRM ERP\\Сlaude CRM - проект\\frontend\\src\\lib\\margin.ts": {"lines":{"total":13,"covered":8,"skipped":0,"pct":61.53},"functions":{"total":6,"covered":5,"skipped":0,"pct":83.33},"statements":{"total":17,"covered":11,"skipped":0,"pct":64.7},"branches":{"total":10,"covered":8,"skipped":0,"pct":80}}
,"D:\\6 Проекты\\CRM ERP\\Сlaude CRM - проект\\frontend\\src\\lib\\marketing-seo.ts": {"lines":{"total":45,"covered":45,"skipped":0,"pct":100},"functions":{"total":18,"covered":18,"skipped":0,"pct":100},"statements":{"total":56,"covered":56,"skipped":0,"pct":100},"branches":{"total":97,"covered":82,"skipped":0,"pct":84.53}}
,"D:\\6 Проекты\\CRM ERP\\Сlaude CRM - проект\\frontend\\src\\lib\\office-delivery.ts": {"lines":{"total":37,"covered":37,"skipped":0,"pct":100},"functions":{"total":11,"covered":11,"skipped":0,"pct":100},"statements":{"total":51,"covered":48,"skipped":0,"pct":94.11},"branches":{"total":66,"covered":60,"skipped":0,"pct":90.9}}
,"D:\\6 Проекты\\CRM ERP\\Сlaude CRM - проект\\frontend\\src\\lib\\oidc-cookies.ts": {"lines":{"total":9,"covered":8,"skipped":0,"pct":88.88},"functions":{"total":1,"covered":1,"skipped":0,"pct":100},"statements":{"total":9,"covered":8,"skipped":0,"pct":88.88},"branches":{"total":4,"covered":3,"skipped":0,"pct":75}}
,"D:\\6 Проекты\\CRM ERP\\Сlaude CRM - проект\\frontend\\src\\lib\\plan-constructor.ts": {"lines":{"total":111,"covered":111,"skipped":0,"pct":100},"functions":{"total":21,"covered":21,"skipped":0,"pct":100},"statements":{"total":136,"covered":134,"skipped":0,"pct":98.52},"branches":{"total":92,"covered":80,"skipped":0,"pct":86.95}}
,"D:\\6 Проекты\\CRM ERP\\Сlaude CRM - проект\\frontend\\src\\lib\\planning-api.ts": {"lines":{"total":14,"covered":14,"skipped":0,"pct":100},"functions":{"total":4,"covered":4,"skipped":0,"pct":100},"statements":{"total":16,"covered":16,"skipped":0,"pct":100},"branches":{"total":6,"covered":6,"skipped":0,"pct":100}}
,"D:\\6 Проекты\\CRM ERP\\Сlaude CRM - проект\\frontend\\src\\lib\\procurement-claims.ts": {"lines":{"total":39,"covered":39,"skipped":0,"pct":100},"functions":{"total":15,"covered":15,"skipped":0,"pct":100},"statements":{"total":46,"covered":46,"skipped":0,"pct":100},"branches":{"total":41,"covered":39,"skipped":0,"pct":95.12}}
,"D:\\6 Проекты\\CRM ERP\\Сlaude CRM - проект\\frontend\\src\\lib\\procurement-machine.ts": {"lines":{"total":33,"covered":33,"skipped":0,"pct":100},"functions":{"total":8,"covered":8,"skipped":0,"pct":100},"statements":{"total":39,"covered":39,"skipped":0,"pct":100},"branches":{"total":16,"covered":16,"skipped":0,"pct":100}}
,"D:\\6 Проекты\\CRM ERP\\Сlaude CRM - проект\\frontend\\src\\lib\\procurement-orders.ts": {"lines":{"total":22,"covered":22,"skipped":0,"pct":100},"functions":{"total":10,"covered":10,"skipped":0,"pct":100},"statements":{"total":27,"covered":27,"skipped":0,"pct":100},"branches":{"total":15,"covered":15,"skipped":0,"pct":100}}
,"D:\\6 Проекты\\CRM ERP\\Сlaude CRM - проект\\frontend\\src\\lib\\procurement-rfq.ts": {"lines":{"total":31,"covered":31,"skipped":0,"pct":100},"functions":{"total":9,"covered":9,"skipped":0,"pct":100},"statements":{"total":38,"covered":38,"skipped":0,"pct":100},"branches":{"total":20,"covered":20,"skipped":0,"pct":100}}
,"D:\\6 Проекты\\CRM ERP\\Сlaude CRM - проект\\frontend\\src\\lib\\procurement-suppliers.ts": {"lines":{"total":29,"covered":29,"skipped":0,"pct":100},"functions":{"total":9,"covered":9,"skipped":0,"pct":100},"statements":{"total":34,"covered":34,"skipped":0,"pct":100},"branches":{"total":19,"covered":19,"skipped":0,"pct":100}}
,"D:\\6 Проекты\\CRM ERP\\Сlaude CRM - проект\\frontend\\src\\lib\\production-analytics.ts": {"lines":{"total":26,"covered":26,"skipped":0,"pct":100},"functions":{"total":7,"covered":7,"skipped":0,"pct":100},"statements":{"total":32,"covered":32,"skipped":0,"pct":100},"branches":{"total":22,"covered":22,"skipped":0,"pct":100}}
,"D:\\6 Проекты\\CRM ERP\\Сlaude CRM - проект\\frontend\\src\\lib\\production-bom.ts": {"lines":{"total":59,"covered":59,"skipped":0,"pct":100},"functions":{"total":20,"covered":20,"skipped":0,"pct":100},"statements":{"total":67,"covered":67,"skipped":0,"pct":100},"branches":{"total":22,"covered":20,"skipped":0,"pct":90.9}}
,"D:\\6 Проекты\\CRM ERP\\Сlaude CRM - проект\\frontend\\src\\lib\\production-norms.ts": {"lines":{"total":43,"covered":43,"skipped":0,"pct":100},"functions":{"total":16,"covered":16,"skipped":0,"pct":100},"statements":{"total":49,"covered":49,"skipped":0,"pct":100},"branches":{"total":22,"covered":20,"skipped":0,"pct":90.9}}
,"D:\\6 Проекты\\CRM ERP\\Сlaude CRM - проект\\frontend\\src\\lib\\production-otk.ts": {"lines":{"total":32,"covered":31,"skipped":0,"pct":96.87},"functions":{"total":8,"covered":8,"skipped":0,"pct":100},"statements":{"total":37,"covered":36,"skipped":0,"pct":97.29},"branches":{"total":16,"covered":16,"skipped":0,"pct":100}}
,"D:\\6 Проекты\\CRM ERP\\Сlaude CRM - проект\\frontend\\src\\lib\\production-plan.ts": {"lines":{"total":32,"covered":32,"skipped":0,"pct":100},"functions":{"total":8,"covered":8,"skipped":0,"pct":100},"statements":{"total":38,"covered":38,"skipped":0,"pct":100},"branches":{"total":20,"covered":19,"skipped":0,"pct":95}}
,"D:\\6 Проекты\\CRM ERP\\Сlaude CRM - проект\\frontend\\src\\lib\\production-vyrabotka.ts": {"lines":{"total":34,"covered":34,"skipped":0,"pct":100},"functions":{"total":10,"covered":10,"skipped":0,"pct":100},"statements":{"total":41,"covered":41,"skipped":0,"pct":100},"branches":{"total":16,"covered":16,"skipped":0,"pct":100}}
,"D:\\6 Проекты\\CRM ERP\\Сlaude CRM - проект\\frontend\\src\\lib\\production-zayavki.ts": {"lines":{"total":35,"covered":35,"skipped":0,"pct":100},"functions":{"total":17,"covered":17,"skipped":0,"pct":100},"statements":{"total":40,"covered":40,"skipped":0,"pct":100},"branches":{"total":22,"covered":22,"skipped":0,"pct":100}}
,"D:\\6 Проекты\\CRM ERP\\Сlaude CRM - проект\\frontend\\src\\lib\\reference-data.ts": {"lines":{"total":205,"covered":200,"skipped":0,"pct":97.56},"functions":{"total":51,"covered":51,"skipped":0,"pct":100},"statements":{"total":242,"covered":237,"skipped":0,"pct":97.93},"branches":{"total":103,"covered":98,"skipped":0,"pct":95.14}}
,"D:\\6 Проекты\\CRM ERP\\Сlaude CRM - проект\\frontend\\src\\lib\\role-server.ts": {"lines":{"total":7,"covered":7,"skipped":0,"pct":100},"functions":{"total":3,"covered":3,"skipped":0,"pct":100},"statements":{"total":8,"covered":8,"skipped":0,"pct":100},"branches":{"total":6,"covered":4,"skipped":0,"pct":66.66}}
,"D:\\6 Проекты\\CRM ERP\\Сlaude CRM - проект\\frontend\\src\\lib\\rop-activity-data.ts": {"lines":{"total":12,"covered":12,"skipped":0,"pct":100},"functions":{"total":0,"covered":0,"skipped":0,"pct":100},"statements":{"total":12,"covered":12,"skipped":0,"pct":100},"branches":{"total":0,"covered":0,"skipped":0,"pct":100}}
,"D:\\6 Проекты\\CRM ERP\\Сlaude CRM - проект\\frontend\\src\\lib\\rop-data.ts": {"lines":{"total":59,"covered":59,"skipped":0,"pct":100},"functions":{"total":0,"covered":0,"skipped":0,"pct":100},"statements":{"total":59,"covered":59,"skipped":0,"pct":100},"branches":{"total":0,"covered":0,"skipped":0,"pct":100}}
,"D:\\6 Проекты\\CRM ERP\\Сlaude CRM - проект\\frontend\\src\\lib\\rop-stages-data.ts": {"lines":{"total":11,"covered":11,"skipped":0,"pct":100},"functions":{"total":0,"covered":0,"skipped":0,"pct":100},"statements":{"total":11,"covered":11,"skipped":0,"pct":100},"branches":{"total":0,"covered":0,"skipped":0,"pct":100}}
,"D:\\6 Проекты\\CRM ERP\\Сlaude CRM - проект\\frontend\\src\\lib\\sales-journal.ts": {"lines":{"total":40,"covered":40,"skipped":0,"pct":100},"functions":{"total":16,"covered":16,"skipped":0,"pct":100},"statements":{"total":54,"covered":53,"skipped":0,"pct":98.14},"branches":{"total":61,"covered":55,"skipped":0,"pct":90.16}}
,"D:\\6 Проекты\\CRM ERP\\Сlaude CRM - проект\\frontend\\src\\lib\\sales-stages.ts": {"lines":{"total":22,"covered":22,"skipped":0,"pct":100},"functions":{"total":8,"covered":8,"skipped":0,"pct":100},"statements":{"total":23,"covered":23,"skipped":0,"pct":100},"branches":{"total":8,"covered":8,"skipped":0,"pct":100}}
,"D:\\6 Проекты\\CRM ERP\\Сlaude CRM - проект\\frontend\\src\\lib\\spravochniki-ai.ts": {"lines":{"total":8,"covered":8,"skipped":0,"pct":100},"functions":{"total":1,"covered":1,"skipped":0,"pct":100},"statements":{"total":12,"covered":12,"skipped":0,"pct":100},"branches":{"total":10,"covered":10,"skipped":0,"pct":100}}
,"D:\\6 Проекты\\CRM ERP\\Сlaude CRM - проект\\frontend\\src\\lib\\spravochniki-card.ts": {"lines":{"total":38,"covered":38,"skipped":0,"pct":100},"functions":{"total":12,"covered":12,"skipped":0,"pct":100},"statements":{"total":40,"covered":40,"skipped":0,"pct":100},"branches":{"total":32,"covered":31,"skipped":0,"pct":96.87}}
,"D:\\6 Проекты\\CRM ERP\\Сlaude CRM - проект\\frontend\\src\\lib\\spravochniki-catalog.ts": {"lines":{"total":16,"covered":16,"skipped":0,"pct":100},"functions":{"total":5,"covered":5,"skipped":0,"pct":100},"statements":{"total":21,"covered":19,"skipped":0,"pct":90.47},"branches":{"total":16,"covered":14,"skipped":0,"pct":87.5}}
,"D:\\6 Проекты\\CRM ERP\\Сlaude CRM - проект\\frontend\\src\\lib\\spravochniki-categories.ts": {"lines":{"total":36,"covered":36,"skipped":0,"pct":100},"functions":{"total":10,"covered":10,"skipped":0,"pct":100},"statements":{"total":41,"covered":41,"skipped":0,"pct":100},"branches":{"total":8,"covered":8,"skipped":0,"pct":100}}
,"D:\\6 Проекты\\CRM ERP\\Сlaude CRM - проект\\frontend\\src\\lib\\spravochniki-import.ts": {"lines":{"total":1,"covered":1,"skipped":0,"pct":100},"functions":{"total":1,"covered":1,"skipped":0,"pct":100},"statements":{"total":1,"covered":1,"skipped":0,"pct":100},"branches":{"total":0,"covered":0,"skipped":0,"pct":100}}
,"D:\\6 Проекты\\CRM ERP\\Сlaude CRM - проект\\frontend\\src\\lib\\spravochniki-merge.ts": {"lines":{"total":2,"covered":2,"skipped":0,"pct":100},"functions":{"total":2,"covered":2,"skipped":0,"pct":100},"statements":{"total":2,"covered":2,"skipped":0,"pct":100},"branches":{"total":0,"covered":0,"skipped":0,"pct":100}}
,"D:\\6 Проекты\\CRM ERP\\Сlaude CRM - проект\\frontend\\src\\lib\\spravochniki-rates.ts": {"lines":{"total":6,"covered":6,"skipped":0,"pct":100},"functions":{"total":2,"covered":2,"skipped":0,"pct":100},"statements":{"total":9,"covered":9,"skipped":0,"pct":100},"branches":{"total":8,"covered":8,"skipped":0,"pct":100}}
,"D:\\6 Проекты\\CRM ERP\\Сlaude CRM - проект\\frontend\\src\\lib\\spravochniki-sku-catalog.ts": {"lines":{"total":7,"covered":7,"skipped":0,"pct":100},"functions":{"total":6,"covered":6,"skipped":0,"pct":100},"statements":{"total":11,"covered":11,"skipped":0,"pct":100},"branches":{"total":6,"covered":6,"skipped":0,"pct":100}}
,"D:\\6 Проекты\\CRM ERP\\Сlaude CRM - проект\\frontend\\src\\lib\\stock.ts": {"lines":{"total":28,"covered":28,"skipped":0,"pct":100},"functions":{"total":4,"covered":4,"skipped":0,"pct":100},"statements":{"total":35,"covered":35,"skipped":0,"pct":100},"branches":{"total":51,"covered":51,"skipped":0,"pct":100}}
,"D:\\6 Проекты\\CRM ERP\\Сlaude CRM - проект\\frontend\\src\\lib\\types.ts": {"lines":{"total":6,"covered":3,"skipped":0,"pct":50},"functions":{"total":1,"covered":1,"skipped":0,"pct":100},"statements":{"total":9,"covered":4,"skipped":0,"pct":44.44},"branches":{"total":9,"covered":2,"skipped":0,"pct":22.22}}
,"D:\\6 Проекты\\CRM ERP\\Сlaude CRM - проект\\frontend\\src\\lib\\wms-inventory.ts": {"lines":{"total":45,"covered":45,"skipped":0,"pct":100},"functions":{"total":11,"covered":11,"skipped":0,"pct":100},"statements":{"total":53,"covered":53,"skipped":0,"pct":100},"branches":{"total":25,"covered":25,"skipped":0,"pct":100}}
,"D:\\6 Проекты\\CRM ERP\\Сlaude CRM - проект\\frontend\\src\\lib\\wms-ops.ts": {"lines":{"total":47,"covered":47,"skipped":0,"pct":100},"functions":{"total":15,"covered":15,"skipped":0,"pct":100},"statements":{"total":58,"covered":58,"skipped":0,"pct":100},"branches":{"total":24,"covered":24,"skipped":0,"pct":100}}
,"D:\\6 Проекты\\CRM ERP\\Сlaude CRM - проект\\frontend\\src\\lib\\wms-stock.ts": {"lines":{"total":23,"covered":16,"skipped":0,"pct":69.56},"functions":{"total":12,"covered":10,"skipped":0,"pct":83.33},"statements":{"total":27,"covered":18,"skipped":0,"pct":66.66},"branches":{"total":14,"covered":9,"skipped":0,"pct":64.28}}
,"D:\\6 Проекты\\CRM ERP\\Сlaude CRM - проект\\frontend\\src\\lib\\wms-warehouse.ts": {"lines":{"total":67,"covered":67,"skipped":0,"pct":100},"functions":{"total":31,"covered":31,"skipped":0,"pct":100},"statements":{"total":86,"covered":86,"skipped":0,"pct":100},"branches":{"total":41,"covered":36,"skipped":0,"pct":87.8}}
}
