<?xml version="1.0" encoding="UTF-8" ?>
<testsuites name="vitest tests" tests="2329" failures="0" errors="0" time="206.8116875">
    <testsuite name="src/components/app-shell.test.tsx" timestamp="2026-09-17T22:52:23.411Z" hostname="admin135" tests="1" failures="0" errors="0" skipped="0" time="0.1294329">
        <testcase classname="src/components/app-shell.test.tsx" name="AppShell &gt; рендерит сайдбар, топбар с крошками и контент (вошедший пользователь)" time="0.126572">
        </testcase>
    </testsuite>
    <testsuite name="src/components/branding-editor.test.tsx" timestamp="2026-09-17T22:52:23.417Z" hostname="admin135" tests="8" failures="0" errors="0" skipped="0" time="0.9638982">
        <testcase classname="src/components/branding-editor.test.tsx" name="BrandingEditor &gt; показывает «Загрузка…» пока не разрешился fetchBranding и убирает после" time="0.1443635">
        </testcase>
        <testcase classname="src/components/branding-editor.test.tsx" name="BrandingEditor &gt; в состоянии ready рендерит три слота с русскими заголовками и подсказками" time="0.4387664">
        </testcase>
        <testcase classname="src/components/branding-editor.test.tsx" name="BrandingEditor &gt; уже загруженное изображение показывает превью и кнопку «Заменить»" time="0.067627">
        </testcase>
        <testcase classname="src/components/branding-editor.test.tsx" name="BrandingEditor &gt; загрузка валидного файла шлёт updateBranding нужным ключом и обновляет превью" time="0.0802729">
        </testcase>
        <testcase classname="src/components/branding-editor.test.tsx" name="BrandingEditor &gt; не-изображение отклоняется с ошибкой и без обращения к бэку" time="0.03816">
        </testcase>
        <testcase classname="src/components/branding-editor.test.tsx" name="BrandingEditor &gt; файл больше лимита ~1000 КБ отклоняется с ошибкой и не шлётся на бэк" time="0.0336483">
        </testcase>
        <testcase classname="src/components/branding-editor.test.tsx" name="BrandingEditor &gt; сбой сохранения показывает ошибку и не рисует превью (лид не считается сохранённым)" time="0.0630267">
        </testcase>
        <testcase classname="src/components/branding-editor.test.tsx" name="BrandingEditor &gt; во время сохранения кнопка блокируется и показывает «Загрузка…»" time="0.0931569">
        </testcase>
    </testsuite>
    <testsuite name="src/components/channels.test.tsx" timestamp="2026-09-17T22:52:23.420Z" hostname="admin135" tests="4" failures="0" errors="0" skipped="0" time="0.5330841">
        <testcase classname="src/components/channels.test.tsx" name="channels &gt; ChannelRow рендерит индикаторы каналов" time="0.095932">
        </testcase>
        <testcase classname="src/components/channels.test.tsx" name="channels &gt; ChannelRow onPhone вызывает колбэк по иконке телефона" time="0.2849631">
        </testcase>
        <testcase classname="src/components/channels.test.tsx" name="channels &gt; ChannelButtons по каждому каналу строит ссылку и пишет в историю" time="0.1200084">
        </testcase>
        <testcase classname="src/components/channels.test.tsx" name="channels &gt; без контакта ссылка не открывается, но связь фиксируется" time="0.0292467">
        </testcase>
    </testsuite>
    <testsuite name="src/components/chats-panel.test.tsx" timestamp="2026-09-17T22:52:23.421Z" hostname="admin135" tests="5" failures="0" errors="0" skipped="0" time="0.241063">
        <testcase classname="src/components/chats-panel.test.tsx" name="ChatsPanel (Лента) &gt; рендерит список диалогов из API" time="0.1367175">
        </testcase>
        <testcase classname="src/components/chats-panel.test.tsx" name="ChatsPanel (Лента) &gt; показывает пустое состояние без диалогов" time="0.0118405">
        </testcase>
        <testcase classname="src/components/chats-panel.test.tsx" name="ChatsPanel (Лента) &gt; рендерит аватарку контрагента (инициалы) в свёрнутой рейке" time="0.0326832">
        </testcase>
        <testcase classname="src/components/chats-panel.test.tsx" name="ChatsPanel (Лента) &gt; показывает красный бейдж непрочитанных, когда unread &gt; 0" time="0.0339263">
        </testcase>
        <testcase classname="src/components/chats-panel.test.tsx" name="ChatsPanel (Лента) &gt; не показывает бейдж, когда поле unread отсутствует" time="0.0226649">
        </testcase>
    </testsuite>
    <testsuite name="src/components/deal-actions.test.tsx" timestamp="2026-09-17T22:52:23.422Z" hostname="admin135" tests="3" failures="0" errors="0" skipped="0" time="0.1532442">
        <testcase classname="src/components/deal-actions.test.tsx" name="DealActions &gt; не показывает кнопку «Фокус» (убрана по решению оператора)" time="0.1030484">
        </testcase>
        <testcase classname="src/components/deal-actions.test.tsx" name="DealActions &gt; циклически меняет приоритет Средний → Низкий" time="0.0305901">
        </testcase>
        <testcase classname="src/components/deal-actions.test.tsx" name="DealActions &gt; переключает «Избранное»" time="0.0159825">
        </testcase>
    </testsuite>
    <testsuite name="src/components/deal-ai-assistant.test.tsx" timestamp="2026-09-17T22:52:23.423Z" hostname="admin135" tests="2" failures="0" errors="0" skipped="0" time="0.4931542">
        <testcase classname="src/components/deal-ai-assistant.test.tsx" name="DealAiAssistant &gt; генерирует резюме и показывает результат" time="0.3993729">
        </testcase>
        <testcase classname="src/components/deal-ai-assistant.test.tsx" name="DealAiAssistant &gt; показывает заглушку при выключенном AI" time="0.0902182">
        </testcase>
    </testsuite>
    <testsuite name="src/components/deal-approvals.test.tsx" timestamp="2026-09-17T22:52:23.424Z" hostname="admin135" tests="3" failures="0" errors="0" skipped="0" time="0.4718957">
        <testcase classname="src/components/deal-approvals.test.tsx" name="DealApprovals &gt; пустой список и отправка на согласование" time="0.1207145">
        </testcase>
        <testcase classname="src/components/deal-approvals.test.tsx" name="DealApprovals &gt; показывает pending-согласование и согласует его" time="0.0379551">
        </testcase>
        <testcase classname="src/components/deal-approvals.test.tsx" name="DealApprovals &gt; смена вида согласования и отклонение" time="0.3099284">
        </testcase>
    </testsuite>
    <testsuite name="src/components/deal-calls.test.tsx" timestamp="2026-09-17T22:52:23.425Z" hostname="admin135" tests="2" failures="0" errors="0" skipped="0" time="0.3664605">
        <testcase classname="src/components/deal-calls.test.tsx" name="DealCalls &gt; показывает понятное пустое состояние и запрашивает звонки конкретной сделки" time="0.0763943">
        </testcase>
        <testcase classname="src/components/deal-calls.test.tsx" name="DealCalls &gt; показывает направление, статус, длительность и ссылку на запись" time="0.2872332">
        </testcase>
    </testsuite>
    <testsuite name="src/components/deal-client-360.test.tsx" timestamp="2026-09-17T22:52:23.426Z" hostname="admin135" tests="9" failures="0" errors="0" skipped="0" time="0.1878686">
        <testcase classname="src/components/deal-client-360.test.tsx" name="DealClient360 &gt; пустое имя компании — honest-empty, fetch вообще не вызывается" time="0.0752087">
        </testcase>
        <testcase classname="src/components/deal-client-360.test.tsx" name="DealClient360 &gt; контрагент не резолвится в MDM (query вернул пусто) — honest-empty" time="0.0088188">
        </testcase>
        <testcase classname="src/components/deal-client-360.test.tsx" name="DealClient360 &gt; query-запрос падает (500) — резолв даёт null, honest-empty без падения" time="0.0086707">
        </testcase>
        <testcase classname="src/components/deal-client-360.test.tsx" name="DealClient360 &gt; резолвится и карточка найдена — показывает УНП, источник и контакт" time="0.0148727">
        </testcase>
        <testcase classname="src/components/deal-client-360.test.tsx" name="DealClient360 &gt; нет УНП — прочерк «—» вместо пустой строки" time="0.0078412">
        </testcase>
        <testcase classname="src/components/deal-client-360.test.tsx" name="DealClient360 &gt; неактивный и слитый контрагент — оба предупреждающих бейджа видны" time="0.0098172">
        </testcase>
        <testcase classname="src/components/deal-client-360.test.tsx" name="DealClient360 &gt; сводка касаний — точные числа звонков/сделок/сообщений и дата последнего контакта" time="0.0372151">
        </testcase>
        <testcase classname="src/components/deal-client-360.test.tsx" name="DealClient360 &gt; touch_summary отсутствует (null) — блок сводки касаний не рендерится" time="0.0063737">
        </testcase>
        <testcase classname="src/components/deal-client-360.test.tsx" name="DealClient360 &gt; роли пробрасываются заголовком X-User-Roles в оба запроса" time="0.0155175">
        </testcase>
    </testsuite>
    <testsuite name="src/components/deal-contacts.test.tsx" timestamp="2026-09-17T22:52:23.427Z" hostname="admin135" tests="2" failures="0" errors="0" skipped="0" time="0.202119">
        <testcase classname="src/components/deal-contacts.test.tsx" name="DealContacts &gt; пустой список → добавление контакта" time="0.1641764">
        </testcase>
        <testcase classname="src/components/deal-contacts.test.tsx" name="DealContacts &gt; назначение контакта основным" time="0.0338643">
        </testcase>
    </testsuite>
    <testsuite name="src/components/deal-documents.test.tsx" timestamp="2026-09-17T22:52:23.428Z" hostname="admin135" tests="4" failures="0" errors="0" skipped="0" time="0.5762175">
        <testcase classname="src/components/deal-documents.test.tsx" name="DealDocuments &gt; пустой список → формирование документа (счёт по умолчанию)" time="0.1326404">
        </testcase>
        <testcase classname="src/components/deal-documents.test.tsx" name="DealDocuments &gt; договор на согласовании → проведение в 1С" time="0.0745516">
        </testcase>
        <testcase classname="src/components/deal-documents.test.tsx" name="DealDocuments &gt; смена типа документа и отклонение" time="0.3248258">
        </testcase>
        <testcase classname="src/components/deal-documents.test.tsx" name="DealDocuments &gt; счёт в резерве → бейдж срока действия" time="0.04139">
        </testcase>
    </testsuite>
    <testsuite name="src/components/deal-edit-button.test.tsx" timestamp="2026-09-17T22:52:23.430Z" hostname="admin135" tests="3" failures="0" errors="0" skipped="0" time="0.6139277">
        <testcase classname="src/components/deal-edit-button.test.tsx" name="DealEditButton &gt; редактирует поля и сохраняет изменения" time="0.5240242">
        </testcase>
        <testcase classname="src/components/deal-edit-button.test.tsx" name="DealEditButton &gt; закрывается по кнопке Отмена" time="0.0567452">
        </testcase>
        <testcase classname="src/components/deal-edit-button.test.tsx" name="DealEditButton &gt; закрывается по крестику" time="0.0302239">
        </testcase>
    </testsuite>
    <testsuite name="src/components/deal-handoff.test.tsx" timestamp="2026-09-17T22:52:23.431Z" hostname="admin135" tests="9" failures="0" errors="0" skipped="0" time="0.342892">
        <testcase classname="src/components/deal-handoff.test.tsx" name="DealHandoffBlock &gt; до ответа сервера и когда handoff ещё нет (null) — ничего не рендерит (honest-empty)" time="0.0816928">
        </testcase>
        <testcase classname="src/components/deal-handoff.test.tsx" name="DealHandoffBlock &gt; ошибка сервера (ok=false → fetchDealHandoff вернёт null) — блок не показываем" time="0.0133856">
        </testcase>
        <testcase classname="src/components/deal-handoff.test.tsx" name="DealHandoffBlock &gt; готовые данные — сумма, валовая прибыль, ответственный и число позиций из ответа" time="0.094247">
        </testcase>
        <testcase classname="src/components/deal-handoff.test.tsx" name="DealHandoffBlock &gt; handed_off_at отрисован датой-временем; при null — блок с датой скрыт" time="0.0187346">
        </testcase>
        <testcase classname="src/components/deal-handoff.test.tsx" name="DealHandoffBlock &gt; gross_profit=null — прочерк «—» вместо выдуманной прибыли" time="0.0195954">
        </testcase>
        <testcase classname="src/components/deal-handoff.test.tsx" name="DealHandoffBlock &gt; owner пустая строка — «Ответственный» показан как прочерк «—»" time="0.0204187">
        </testcase>
        <testcase classname="src/components/deal-handoff.test.tsx" name="DealHandoffBlock &gt; items пустой массив — «Позиций нет», список не рендерится" time="0.0195589">
        </testcase>
        <testcase classname="src/components/deal-handoff.test.tsx" name="DealHandoffBlock &gt; несколько позиций — «Позиций» считает их количество, а не первую строку" time="0.023972">
        </testcase>
        <testcase classname="src/components/deal-handoff.test.tsx" name="DealHandoffBlock &gt; смена dealId запрашивает handoff по новому id (эффект зависит от dealId)" time="0.0423957">
        </testcase>
    </testsuite>
    <testsuite name="src/components/deal-items.test.tsx" timestamp="2026-09-17T22:52:23.433Z" hostname="admin135" tests="4" failures="0" errors="0" skipped="0" time="0.6937241">
        <testcase classname="src/components/deal-items.test.tsx" name="DealItems &gt; подбор SKU и добавление позиции" time="0.1342613">
        </testcase>
        <testcase classname="src/components/deal-items.test.tsx" name="DealItems &gt; изменение количества и удаление позиции" time="0.1186948">
        </testcase>
        <testcase classname="src/components/deal-items.test.tsx" name="DealItems &gt; меняет SKU и количество перед добавлением" time="0.3951809">
        </testcase>
        <testcase classname="src/components/deal-items.test.tsx" name="DealItems &gt; показывает себес/маржу и метку источника из фасада (демо)" time="0.0421621">
        </testcase>
    </testsuite>
    <testsuite name="src/components/deal-messages.test.tsx" timestamp="2026-09-17T22:52:23.434Z" hostname="admin135" tests="6" failures="0" errors="0" skipped="0" time="0.7555712">
        <testcase classname="src/components/deal-messages.test.tsx" name="DealMessages (омниканальный инбокс) &gt; показывает пустое состояние, когда переписки нет" time="0.1399683">
        </testcase>
        <testcase classname="src/components/deal-messages.test.tsx" name="DealMessages (омниканальный инбокс) &gt; рендерит загруженные сообщения по каналам" time="0.104004">
        </testcase>
        <testcase classname="src/components/deal-messages.test.tsx" name="DealMessages (омниканальный инбокс) &gt; отправляет сообщение по Enter" time="0.0443127">
        </testcase>
        <testcase classname="src/components/deal-messages.test.tsx" name="DealMessages (омниканальный инбокс) &gt; AI-черновик подставляется в поле ввода" time="0.1287458">
        </testcase>
        <testcase classname="src/components/deal-messages.test.tsx" name="DealMessages (омниканальный инбокс) &gt; показывает заглушку, если AI вернул null" time="0.0754666">
        </testcase>
        <testcase classname="src/components/deal-messages.test.tsx" name="DealMessages (омниканальный инбокс) &gt; отправляет по выбранному каналу" time="0.2580045">
        </testcase>
    </testsuite>
    <testsuite name="src/components/deal-metrics.test.tsx" timestamp="2026-09-17T22:52:23.436Z" hostname="admin135" tests="10" failures="0" errors="0" skipped="0" time="0.4237004">
        <testcase classname="src/components/deal-metrics.test.tsx" name="DealMetrics &gt; до ответа сервера — Сумма показана, а себестоимость в состоянии загрузки «…»" time="0.1286667">
        </testcase>
        <testcase classname="src/components/deal-metrics.test.tsx" name="DealMetrics &gt; ошибка сервера — предупреждение и прочерк «—» вместо выдуманных денег" time="0.0399621">
        </testcase>
        <testcase classname="src/components/deal-metrics.test.tsx" name="DealMetrics &gt; готовые данные — себестоимость, прибыль и маржа берутся из ответа сервера" time="0.0285851">
        </testcase>
        <testcase classname="src/components/deal-metrics.test.tsx" name="DealMetrics &gt; вероятность и взвешенный прогноз считаются по стадии; прогноз = сумма×вероятность" time="0.0142513">
        </testcase>
        <testcase classname="src/components/deal-metrics.test.tsx" name="DealMetrics &gt; явная вероятность сделки переопределяет дефолт стадии" time="0.0391274">
        </testcase>
        <testcase classname="src/components/deal-metrics.test.tsx" name="DealMetrics &gt; частичная оценка — бейдж «оценка по N из M позиций»" time="0.029317">
        </testcase>
        <testcase classname="src/components/deal-metrics.test.tsx" name="DealMetrics &gt; источник себес landed — бейдж «из закупок» с номером партии и курсом" time="0.0311248">
        </testcase>
        <testcase classname="src/components/deal-metrics.test.tsx" name="DealMetrics &gt; разные источники себес — «смешанный источник», без ложной детали партии" time="0.0411004">
        </testcase>
        <testcase classname="src/components/deal-metrics.test.tsx" name="DealMetrics &gt; цена из прайса 1С — предупреждение о несогласованной с клиентом цене" time="0.0271197">
        </testcase>
        <testcase classname="src/components/deal-metrics.test.tsx" name="DealMetrics &gt; honest reason — подсказка про «Закупки», когда себес не рассчитан" time="0.0406244">
        </testcase>
    </testsuite>
    <testsuite name="src/components/deal-plan-editor.test.tsx" timestamp="2026-09-17T22:52:23.438Z" hostname="admin135" tests="11" failures="0" errors="0" skipped="0" time="1.7428724">
        <testcase classname="src/components/deal-plan-editor.test.tsx" name="DealPlanEditor &gt; состояние загрузки: пока fetchPlans не ответил — «Загрузка плана…»" time="0.0940024">
        </testcase>
        <testcase classname="src/components/deal-plan-editor.test.tsx" name="DealPlanEditor &gt; данные: рендерит 5 живых метрик, деньги в BYN и статус-бейдж" time="0.1022534">
        </testcase>
        <testcase classname="src/components/deal-plan-editor.test.tsx" name="DealPlanEditor &gt; ошибка загрузки: показывает сообщение и по «Повторить» перезапрашивает" time="0.4592068">
        </testcase>
        <testcase classname="src/components/deal-plan-editor.test.tsx" name="DealPlanEditor &gt; продавец: «Отправить план РОПу →» шлёт все черновики через submitPlan" time="0.2742663">
        </testcase>
        <testcase classname="src/components/deal-plan-editor.test.tsx" name="DealPlanEditor &gt; продавец: построчная кнопка «На согласование» зовёт submitPlan для этой строки" time="0.1428389">
        </testcase>
        <testcase classname="src/components/deal-plan-editor.test.tsx" name="DealPlanEditor &gt; РОП: комментарий + «Согласовать» вызывает decidePlanComment(id, true, comment)" time="0.1294019">
        </testcase>
        <testcase classname="src/components/deal-plan-editor.test.tsx" name="DealPlanEditor &gt; РОП: «Отклонить» вызывает decidePlanComment(id, false, …)" time="0.1753925">
        </testcase>
        <testcase classname="src/components/deal-plan-editor.test.tsx" name="DealPlanEditor &gt; РОП: согласованную строку можно «Вернуть на доработку» → reopenPlan с причиной" time="0.1334406">
        </testcase>
        <testcase classname="src/components/deal-plan-editor.test.tsx" name="DealPlanEditor &gt; тоггл доп. метрик: «+ ещё метрики» показывает «Тендеры, сумма», повтор — скрывает" time="0.1580468">
        </testcase>
        <testcase classname="src/components/deal-plan-editor.test.tsx" name="DealPlanEditor &gt; комментарий РОПа из бэка (rop_comment) отображается под метрикой" time="0.0221734">
        </testcase>
        <testcase classname="src/components/deal-plan-editor.test.tsx" name="DealPlanEditor &gt; шапка-бейдж «согласовано», когда все живые метрики одобрены" time="0.0478691">
        </testcase>
    </testsuite>
    <testsuite name="src/components/deal-stage-editor.test.tsx" timestamp="2026-09-17T22:52:23.440Z" hostname="admin135" tests="9" failures="0" errors="0" skipped="0" time="0.9533675">
        <testcase classname="src/components/deal-stage-editor.test.tsx" name="DealStageEditor &gt; показывает индикатор загрузки до первого ответа, затем убирает его" time="0.0762122">
        </testcase>
        <testcase classname="src/components/deal-stage-editor.test.tsx" name="DealStageEditor &gt; honest-empty: без стадий показывает подсказку добавить первую" time="0.0432824">
        </testcase>
        <testcase classname="src/components/deal-stage-editor.test.tsx" name="DealStageEditor &gt; ошибка загрузки показывает сообщение и «Повторить», повтор перезагружает данные" time="0.3082164">
        </testcase>
        <testcase classname="src/components/deal-stage-editor.test.tsx" name="DealStageEditor &gt; рендерит строки стадий: код, название и вероятность из данных" time="0.082632">
        </testcase>
        <testcase classname="src/components/deal-stage-editor.test.tsx" name="DealStageEditor &gt; правка названия и «Сохранить» шлёт updateStage с новым значением и показывает подтверждение" time="0.1331368">
        </testcase>
        <testcase classname="src/components/deal-stage-editor.test.tsx" name="DealStageEditor &gt; неудачное сохранение (updateStage=false) показывает ошибку, а не «Сохранено»" time="0.1114903">
        </testcase>
        <testcase classname="src/components/deal-stage-editor.test.tsx" name="DealStageEditor &gt; удаление стадии со сделками (409) показывает причину из detail, стадию не убирает" time="0.0915472">
        </testcase>
        <testcase classname="src/components/deal-stage-editor.test.tsx" name="DealStageEditor &gt; добавление с пустым кодом/названием не зовёт createStage, а требует их заполнить" time="0.042825">
        </testcase>
        <testcase classname="src/components/deal-stage-editor.test.tsx" name="DealStageEditor &gt; заполнение кода/названия и «Добавить» шлёт createStage и подтверждает" time="0.0607695">
        </testcase>
    </testsuite>
    <testsuite name="src/components/deal-tasks.test.tsx" timestamp="2026-09-17T22:52:23.442Z" hostname="admin135" tests="2" failures="0" errors="0" skipped="0" time="0.5028076">
        <testcase classname="src/components/deal-tasks.test.tsx" name="DealTasks &gt; показывает пустое состояние и создаёт задачу с необязательным сроком" time="0.4026769">
        </testcase>
        <testcase classname="src/components/deal-tasks.test.tsx" name="DealTasks &gt; рендерит просроченную/выполненную задачу и отмечает открытую выполненной" time="0.0968534">
        </testcase>
    </testsuite>
    <testsuite name="src/components/funnel-totals.test.tsx" timestamp="2026-09-17T22:52:23.443Z" hostname="admin135" tests="1" failures="0" errors="0" skipped="0" time="0.117778">
        <testcase classname="src/components/funnel-totals.test.tsx" name="FunnelTotals &gt; показывает агрегаты воронки и конверсию" time="0.1147432">
        </testcase>
    </testsuite>
    <testsuite name="src/components/kpi-card.test.tsx" timestamp="2026-09-17T22:52:23.443Z" hostname="admin135" tests="3" failures="0" errors="0" skipped="0" time="0.1832918">
        <testcase classname="src/components/kpi-card.test.tsx" name="KpiCard &gt; показывает метку и процент выполнения" time="0.1133374">
        </testcase>
        <testcase classname="src/components/kpi-card.test.tsx" name="KpiCard &gt; кнопка +1 вызывает onLog для счётного KPI" time="0.0217929">
        </testcase>
        <testcase classname="src/components/kpi-card.test.tsx" name="KpiCard &gt; для денежного KPI кнопки +1 нет" time="0.0447222">
        </testcase>
    </testsuite>
    <testsuite name="src/components/owner-ai-insight.test.tsx" timestamp="2026-09-17T22:52:23.444Z" hostname="admin135" tests="2" failures="0" errors="0" skipped="0" time="0.1606045">
        <testcase classname="src/components/owner-ai-insight.test.tsx" name="OwnerAiInsight &gt; генерирует AI-инсайт" time="0.1261778">
        </testcase>
        <testcase classname="src/components/owner-ai-insight.test.tsx" name="OwnerAiInsight &gt; показывает заглушку при выключенном AI" time="0.0313183">
        </testcase>
    </testsuite>
    <testsuite name="src/components/pipeline-analytics.test.tsx" timestamp="2026-09-17T22:52:23.444Z" hostname="admin135" tests="8" failures="0" errors="0" skipped="0" time="1.0895003">
        <testcase classname="src/components/pipeline-analytics.test.tsx" name="PipelineAnalytics &gt; рендерит фильтры и после загрузки — плитки, стадии и суммы воронки" time="0.3262113">
        </testcase>
        <testcase classname="src/components/pipeline-analytics.test.tsx" name="PipelineAnalytics &gt; honest-empty: воронка без сделок показывает подсказку вместо графиков" time="0.0430571">
        </testcase>
        <testcase classname="src/components/pipeline-analytics.test.tsx" name="PipelineAnalytics &gt; ошибка загрузки аналитики показывает сообщение и «Повторить»; ретрай грузит данные" time="0.2593208">
        </testcase>
        <testcase classname="src/components/pipeline-analytics.test.tsx" name="PipelineAnalytics &gt; маржа воронки без валовой прибыли показывает honest-баннер с причиной" time="0.079511">
        </testcase>
        <testcase classname="src/components/pipeline-analytics.test.tsx" name="PipelineAnalytics &gt; график этапов: конверсия 50% показана, а пустая стадия — «нет данных»" time="0.0574779">
        </testcase>
        <testcase classname="src/components/pipeline-analytics.test.tsx" name="PipelineAnalytics &gt; переключение периода на «Неделя» перезапрашивает stage-metrics с period=week" time="0.1397687">
        </testcase>
        <testcase classname="src/components/pipeline-analytics.test.tsx" name="PipelineAnalytics &gt; режим «Все» без настроенных воронок — honest-empty про пустую аналитику" time="0.072208">
        </testcase>
        <testcase classname="src/components/pipeline-analytics.test.tsx" name="PipelineAnalytics &gt; фильтр «Продавец» наполняется реальными owner-ами действующих сотрудников" time="0.1087085">
        </testcase>
    </testsuite>
    <testsuite name="src/components/priority-badge.test.tsx" timestamp="2026-09-17T22:52:23.447Z" hostname="admin135" tests="3" failures="0" errors="0" skipped="0" time="0.090918">
        <testcase classname="src/components/priority-badge.test.tsx" name="PriorityBadge &gt; показывает текст приоритета" time="0.0698962">
        </testcase>
        <testcase classname="src/components/priority-badge.test.tsx" name="PriorityBadge &gt; применяет цветовой класс по приоритету" time="0.0053546">
        </testcase>
        <testcase classname="src/components/priority-badge.test.tsx" name="PriorityBadge &gt; показывает иконку при withIcon" time="0.0123638">
        </testcase>
    </testsuite>
    <testsuite name="src/components/sidebar.test.tsx" timestamp="2026-09-17T22:52:23.448Z" hostname="admin135" tests="17" failures="0" errors="0" skipped="0" time="3.0715811">
        <testcase classname="src/components/sidebar.test.tsx" name="Sidebar &gt; рендерит навигацию по модулям, включая лиды и сделки" time="0.2034027">
        </testcase>
        <testcase classname="src/components/sidebar.test.tsx" name="Sidebar &gt; прячет модули, недоступные по allowedSlugs (RBAC)" time="0.0696583">
        </testcase>
        <testcase classname="src/components/sidebar.test.tsx" name="Sidebar &gt; allowedSlugs=null (по умолчанию) показывает все модули" time="0.1366227">
        </testcase>
        <testcase classname="src/components/sidebar.test.tsx" name="Sidebar &gt; сворачивает и разворачивает rail по клику на тоггл" time="0.196017">
        </testcase>
        <testcase classname="src/components/sidebar.test.tsx" name="Sidebar &gt; подсвечивает активный пункт подменю CRM (Лиды) на маршруте /crm/leads" time="0.1175781">
        </testcase>
        <testcase classname="src/components/sidebar.test.tsx" name="Sidebar &gt; подсвечивает Маркетинг и вложенный SEO по префиксу вложенного маршрута" time="0.091038">
        </testcase>
        <testcase classname="src/components/sidebar.test.tsx" name="Sidebar &gt; не подсвечивает вложенный подпункт по префиксу, когда путь короче (глубина &lt;=2)" time="0.097794">
        </testcase>
        <testcase classname="src/components/sidebar.test.tsx" name="Sidebar &gt; показывает профиль пользователя и роль, вызывает logout с очисткой сессии" time="0.1329179">
        </testcase>
        <testcase classname="src/components/sidebar.test.tsx" name="Sidebar &gt; показывает «—» вместо роли, когда roleTitle не передан" time="0.1221778">
        </testcase>
        <testcase classname="src/components/sidebar.test.tsx" name="Sidebar &gt; считает инициалы из имени пользователя (первые буквы первых 2 слов)" time="0.1140382">
        </testcase>
        <testcase classname="src/components/sidebar.test.tsx" name="Sidebar &gt; в свёрнутом состоянии профиль показывает только аватар с title, без текста имени" time="0.0749512">
        </testcase>
        <testcase classname="src/components/sidebar.test.tsx" name="Sidebar &gt; переключает режим редактирования порядка модулей по клику на карандаш" time="0.3169835">
        </testcase>
        <testcase classname="src/components/sidebar.test.tsx" name="Sidebar &gt; переименовывает логотип по клику + Enter и сохраняет в localStorage" time="0.206672">
        </testcase>
        <testcase classname="src/components/sidebar.test.tsx" name="Sidebar &gt; отменяет переименование логотипа по Escape, оставляя прежний текст" time="0.1694382">
        </testcase>
        <testcase classname="src/components/sidebar.test.tsx" name="Sidebar &gt; показывает rail при наведении и снова сворачивает его после ухода мыши" time="0.2602457">
        </testcase>
        <testcase classname="src/components/sidebar.test.tsx" name="Sidebar &gt; переставляет модуль и подраздел drag-and-drop и сохраняет порядок" time="0.5787363">
        </testcase>
        <testcase classname="src/components/sidebar.test.tsx" name="Sidebar &gt; безопасно переживает повреждённые настройки и возвращает ERP для пустого имени логотипа" time="0.1786974">
        </testcase>
    </testsuite>
    <testsuite name="src/components/topbar.test.tsx" timestamp="2026-09-17T22:52:23.453Z" hostname="admin135" tests="4" failures="0" errors="0" skipped="0" time="0.2142863">
        <testcase classname="src/components/topbar.test.tsx" name="Topbar &gt; показывает хлебные крошки" time="0.0910633">
        </testcase>
        <testcase classname="src/components/topbar.test.tsx" name="Topbar &gt; открывает уведомления и грузит события" time="0.059481">
        </testcase>
        <testcase classname="src/components/topbar.test.tsx" name="Topbar &gt; открывает справку" time="0.0187611">
        </testcase>
        <testcase classname="src/components/topbar.test.tsx" name="Topbar &gt; закрывает поповер по клику на подложку" time="0.0413664">
        </testcase>
    </testsuite>
    <testsuite name="src/lib/access-admin-data.test.ts" timestamp="2026-09-17T22:52:23.454Z" hostname="admin135" tests="13" failures="0" errors="0" skipped="0" time="0.0191975">
        <testcase classname="src/lib/access-admin-data.test.ts" name="makeUsername &gt; транслитерирует фамилию + инициал в ASCII-логин" time="0.0044115">
        </testcase>
        <testcase classname="src/lib/access-admin-data.test.ts" name="makeUsername &gt; без второго токена даёт только фамилию" time="0.0004415">
        </testcase>
        <testcase classname="src/lib/access-admin-data.test.ts" name="makeUsername &gt; пустой ввод → пустая строка" time="0.0003549">
        </testcase>
        <testcase classname="src/lib/access-admin-data.test.ts" name="makeUsername &gt; совпадает с логинами из снимка config/access.py" time="0.0008949">
        </testcase>
        <testcase classname="src/lib/access-admin-data.test.ts" name="employeesByRole &gt; группирует сотрудников по роли" time="0.0004841">
        </testcase>
        <testcase classname="src/lib/access-admin-data.test.ts" name="матрица доступа &gt; каждая роль присутствует в DEFAULT_MATRIX" time="0.0006953">
        </testcase>
        <testcase classname="src/lib/access-admin-data.test.ts" name="матрица доступа &gt; слаги матрицы — подмножество известных модулей" time="0.0024024">
        </testcase>
        <testcase classname="src/lib/access-admin-data.test.ts" name="матрица доступа &gt; директор и коммерческий видят все модули" time="0.0024127">
        </testcase>
        <testcase classname="src/lib/access-admin-data.test.ts" name="матрица доступа &gt; роль «Контролёр» — сквозная, видит ключевые модули, но не всё" time="0.0020783">
        </testcase>
        <testcase classname="src/lib/access-admin-data.test.ts" name="системные функции &gt; isSuperRole помечает администраторов (директор/коммерческий)" time="0.0004782">
        </testcase>
        <testcase classname="src/lib/access-admin-data.test.ts" name="системные функции &gt; есть функция «Удаление помеченных объектов», помечена как необратимая" time="0.0003177">
        </testcase>
        <testcase classname="src/lib/access-admin-data.test.ts" name="системные функции &gt; дефолтные выдачи пусты — функция есть только у администраторов неявно" time="0.0004099">
        </testcase>
        <testcase classname="src/lib/access-admin-data.test.ts" name="системные функции &gt; слаги выдач (если появятся) ссылаются на известные функции" time="0.0002405">
        </testcase>
    </testsuite>
    <testsuite name="src/lib/access.test.ts" timestamp="2026-09-17T22:52:23.456Z" hostname="admin135" tests="2" failures="0" errors="0" skipped="0" time="0.0159925">
        <testcase classname="src/lib/access.test.ts" name="access API &gt; читает список пользователей и безопасно возвращает пустой список при сбое" time="0.0074961">
        </testcase>
        <testcase classname="src/lib/access.test.ts" name="access API &gt; передаёт роль и дополнительные заголовки в матрицу доступа" time="0.0054851">
        </testcase>
    </testsuite>
    <testsuite name="src/lib/api-proxy-headers.test.ts" timestamp="2026-09-17T22:52:23.457Z" hostname="admin135" tests="3" failures="0" errors="0" skipped="0" time="0.0080009">
        <testcase classname="src/lib/api-proxy-headers.test.ts" name="buildBackendProxyHeaders &gt; пробрасывает Authorization и добавляет X-User-Roles для dev" time="0.0045071">
        </testcase>
        <testcase classname="src/lib/api-proxy-headers.test.ts" name="buildBackendProxyHeaders &gt; inject Bearer из accessToken только если Authorization не пришёл" time="0.000414">
        </testcase>
        <testcase classname="src/lib/api-proxy-headers.test.ts" name="buildBackendProxyHeaders &gt; входящий Authorization имеет приоритет над accessToken" time="0.0004361">
        </testcase>
    </testsuite>
    <testsuite name="src/lib/api.test.ts" timestamp="2026-09-17T22:52:23.458Z" hostname="admin135" tests="72" failures="0" errors="0" skipped="0" time="1.1141997">
        <testcase classname="src/lib/api.test.ts" name="api client — лиды &gt; fetchLeads маппит snake_case → camelCase" time="0.0058547">
        </testcase>
        <testcase classname="src/lib/api.test.ts" name="api client — лиды &gt; fetchLeads → [] при ошибке сети" time="0.0017193">
        </testcase>
        <testcase classname="src/lib/api.test.ts" name="api client — лиды &gt; createLead маппит ответ или возвращает null при !ok" time="0.0010716">
        </testcase>
        <testcase classname="src/lib/api.test.ts" name="api client — лиды &gt; qualifyLead возвращает балл, вердикт и AI-обоснование" time="0.0005081">
        </testcase>
        <testcase classname="src/lib/api.test.ts" name="api client — лиды &gt; routeLead и convertLead возвращают результат сервера" time="1.0063669">
        </testcase>
        <testcase classname="src/lib/api.test.ts" name="api client — лиды &gt; routeLead → null при ошибке HTTP" time="0.0004795">
        </testcase>
        <testcase classname="src/lib/api.test.ts" name="api client — сделки/доска/KPI &gt; fetchBoardStages маппит стадии и сделки" time="0.001308">
        </testcase>
        <testcase classname="src/lib/api.test.ts" name="api client — сделки/доска/KPI &gt; fetchBoardStages → mock-fallback при ошибке" time="0.0004952">
        </testcase>
        <testcase classname="src/lib/api.test.ts" name="api client — сделки/доска/KPI &gt; fetchBoardResult честно помечает mock-fallback как demo" time="0.0005336">
        </testcase>
        <testcase classname="src/lib/api.test.ts" name="api client — сделки/доска/KPI &gt; fetchBoardResult не маскирует 403 демо-доской" time="0.0005497">
        </testcase>
        <testcase classname="src/lib/api.test.ts" name="api client — сделки/доска/KPI &gt; mapDeal переносит closed_date в closedDate (закрытая сделка)" time="0.0004586">
        </testcase>
        <testcase classname="src/lib/api.test.ts" name="api client — сделки/доска/KPI &gt; fetchDealDetail маппит карточку с позициями" time="0.001273">
        </testcase>
        <testcase classname="src/lib/api.test.ts" name="api client — сделки/доска/KPI &gt; createDeal маппит ответ; null при !ok" time="0.0006228">
        </testcase>
        <testcase classname="src/lib/api.test.ts" name="api client — сделки/доска/KPI &gt; updateDealStage / updateDeal возвращают булев успех" time="0.0005944">
        </testcase>
        <testcase classname="src/lib/api.test.ts" name="api client — сделки/доска/KPI &gt; fetchKpis/getKpis маппят показатели; logActivity — успех" time="0.0010434">
        </testcase>
        <testcase classname="src/lib/api.test.ts" name="api client — сделки/доска/KPI &gt; fetchKpis не маскирует 401/403 демо-деньгами (пусто, не мок-KPI)" time="0.0005046">
        </testcase>
        <testcase classname="src/lib/api.test.ts" name="api client — сделки/доска/KPI &gt; fetchKpisResult помечает demo/authError, чтобы страница не рисовала мок как реальные деньги" time="0.0010709">
        </testcase>
        <testcase classname="src/lib/api.test.ts" name="api client — документы/сообщения/согласования &gt; fetchDocuments / createDocument" time="0.0007277">
        </testcase>
        <testcase classname="src/lib/api.test.ts" name="api client — документы/сообщения/согласования &gt; issueDocument: счёт даёт renderUrl, договор — только сообщение, null → ok=false" time="0.0011149">
        </testcase>
        <testcase classname="src/lib/api.test.ts" name="api client — документы/сообщения/согласования &gt; fetchMessages / sendMessage / AI" time="0.0009416">
        </testcase>
        <testcase classname="src/lib/api.test.ts" name="api client — документы/сообщения/согласования &gt; fetchApprovals / requestApproval / decideApproval" time="0.0008029">
        </testcase>
        <testcase classname="src/lib/api.test.ts" name="api client — документы/сообщения/согласования &gt; контакты, номенклатура, реестр, события" time="0.0014391">
        </testcase>
        <testcase classname="src/lib/api.test.ts" name="api client — прочие операции и fallback&apos;и &gt; updateDealItem / deleteDealItem / setPrimaryContact / decideDocument" time="0.0010807">
        </testcase>
        <testcase classname="src/lib/api.test.ts" name="api client — прочие операции и fallback&apos;и &gt; fetchOwnerInsight: текст при успехе, null при ошибке" time="0.001107">
        </testcase>
        <testcase classname="src/lib/api.test.ts" name="api client — прочие операции и fallback&apos;и &gt; fetchOwnerDashboard собирает метрики/воронку/KPI" time="0.0011712">
        </testcase>
        <testcase classname="src/lib/api.test.ts" name="api client — прочие операции и fallback&apos;и &gt; fetchOwnerDashboard → null при ошибке" time="0.0005837">
        </testcase>
        <testcase classname="src/lib/api.test.ts" name="api client — прочие операции и fallback&apos;и &gt; fallback&apos;и при сетевой ошибке (mock-данные/пустые)" time="0.0027477">
        </testcase>
        <testcase classname="src/lib/api.test.ts" name="api client — прочие операции и fallback&apos;и &gt; все мутаторы возвращают fallback при сетевой ошибке" time="0.0015455">
        </testcase>
        <testcase classname="src/lib/api.test.ts" name="api client — стадии/воронки/план &gt; createStage/updateStage/deleteStage шлют правильные URL и методы" time="0.0044993">
        </testcase>
        <testcase classname="src/lib/api.test.ts" name="api client — стадии/воронки/план &gt; deleteStage возвращает detail на 409 (сделки в стадии)" time="0.0004364">
        </testcase>
        <testcase classname="src/lib/api.test.ts" name="api client — стадии/воронки/план &gt; createStage/updateStage/deleteStage → false/detail-less при сетевой ошибке" time="0.0004717">
        </testcase>
        <testcase classname="src/lib/api.test.ts" name="api client — стадии/воронки/план &gt; fetchFunnels/fetchFunnelsServer читают список воронок" time="0.0006842">
        </testcase>
        <testcase classname="src/lib/api.test.ts" name="api client — стадии/воронки/план &gt; fetchDealHandoff читает handoff-сводку; null при !ok/сбое" time="0.0005758">
        </testcase>
        <testcase classname="src/lib/api.test.ts" name="api client — стадии/воронки/план &gt; fetchPlans строит query-строку из фильтров и возвращает список; upsertPlan шлёт тело" time="0.0012077">
        </testcase>
        <testcase classname="src/lib/api.test.ts" name="api client — стадии/воронки/план &gt; fetchPlans/upsertPlan → []/null при ошибке" time="0.0004124">
        </testcase>
        <testcase classname="src/lib/api.test.ts" name="api client — стадии/воронки/план &gt; submitPlan/decidePlan шлют POST на верный URL с телом" time="0.0007404">
        </testcase>
        <testcase classname="src/lib/api.test.ts" name="api client — склад/цена/позиции/задачи/причины отказа &gt; fetchStock маппит остатки со всеми числовыми полями" time="0.0005168">
        </testcase>
        <testcase classname="src/lib/api.test.ts" name="api client — склад/цена/позиции/задачи/причины отказа &gt; createPriceQuote шлёт корректное тело на /api/sales/prices" time="0.0006161">
        </testcase>
        <testcase classname="src/lib/api.test.ts" name="api client — склад/цена/позиции/задачи/причины отказа &gt; fetchLastOrder возвращает позиции повторного заказа; [] на !ok/сбой" time="0.0004993">
        </testcase>
        <testcase classname="src/lib/api.test.ts" name="api client — склад/цена/позиции/задачи/причины отказа &gt; fetchDealTasks/createDealTask/completeDealTask" time="0.0050107">
        </testcase>
        <testcase classname="src/lib/api.test.ts" name="api client — склад/цена/позиции/задачи/причины отказа &gt; fetchLossReasons/loseDeal" time="0.0013631">
        </testcase>
        <testcase classname="src/lib/api.test.ts" name="api client — телефония &gt; fetchCalls строит query только из непустых параметров" time="0.0039283">
        </testcase>
        <testcase classname="src/lib/api.test.ts" name="api client — телефония &gt; fetchCalls → [] при ошибке" time="0.0006041">
        </testcase>
        <testcase classname="src/lib/api.test.ts" name="api client — телефония &gt; callComment/callResult/callLinkDeal/triggerIncomingCall шлют POST с телом на верный путь" time="0.0056364">
        </testcase>
        <testcase classname="src/lib/api.test.ts" name="api client — телефония &gt; subscribeCalls — no-op без EventSource (jsdom не предоставляет), не бросает" time="0.0024183">
        </testcase>
        <testcase classname="src/lib/api.test.ts" name="api client — телефония &gt; subscribeCalls строит URL с owner и без; onmessage парсит карточку" time="0.0025106">
        </testcase>
        <testcase classname="src/lib/api.test.ts" name="api client — лиды: расширенный контракт &gt; localToNaiveUtc: конвертирует локальное время и чистит хвост Z" time="0.0015915">
        </testcase>
        <testcase classname="src/lib/api.test.ts" name="api client — лиды: расширенный контракт &gt; fetchLead: одиночный лид по id; null на !ok/сбой" time="0.0022508">
        </testcase>
        <testcase classname="src/lib/api.test.ts" name="api client — лиды: расширенный контракт &gt; fetchLeadsClient: null (не []) на ошибке — чтобы не подменить живую доску пустотой" time="0.0018979">
        </testcase>
        <testcase classname="src/lib/api.test.ts" name="api client — лиды: расширенный контракт &gt; submitWebLead/submitEmailLead шлют POST с payload как есть" time="0.0010311">
        </testcase>
        <testcase classname="src/lib/api.test.ts" name="api client — лиды: расширенный контракт &gt; createLead кидает LeadDuplicateError на 409 с duplicate_of" time="0.005688">
        </testcase>
        <testcase classname="src/lib/api.test.ts" name="api client — лиды: расширенный контракт &gt; fetchLeadManagers" time="0.0005952">
        </testcase>
        <testcase classname="src/lib/api.test.ts" name="api client — лиды: расширенный контракт &gt; linkLeadContact: успех/ошибка-detail/сеть" time="0.0009407">
        </testcase>
        <testcase classname="src/lib/api.test.ts" name="api client — лиды: расширенный контракт &gt; fetchLeadSourceStats маппит snake_case → camelCase с дефолтом pipeline" time="0.0006746">
        </testcase>
        <testcase classname="src/lib/api.test.ts" name="api client — лиды: расширенный контракт &gt; fetchLeadHandoffStats маппит и подставляет 0 для опциональных полей" time="0.0004505">
        </testcase>
        <testcase classname="src/lib/api.test.ts" name="api client — лиды: расширенный контракт &gt; expressBulkLeads маппит skipped_non_target; null на !ok/сбой" time="0.0004126">
        </testcase>
        <testcase classname="src/lib/api.test.ts" name="api client — лиды: расширенный контракт &gt; fetchLeadPlan/saveLeadPlan маппят план/факт" time="0.0011115">
        </testcase>
        <testcase classname="src/lib/api.test.ts" name="api client — лиды: расширенный контракт &gt; logLeadAttempt: без callbackAt — просто POST; с callbackAt — тело с naive-UTC" time="0.000936">
        </testcase>
        <testcase classname="src/lib/api.test.ts" name="api client — лиды: расширенный контракт &gt; expressLead: успех/422-error/null" time="0.0006762">
        </testcase>
        <testcase classname="src/lib/api.test.ts" name="api client — лиды: расширенный контракт &gt; rejectLead: с snoozeDays и без — верное тело" time="0.0007158">
        </testcase>
        <testcase classname="src/lib/api.test.ts" name="api client — корзина лида/вложения/бренд &gt; fetchLeadItems маппит позиции корзины" time="0.0004957">
        </testcase>
        <testcase classname="src/lib/api.test.ts" name="api client — корзина лида/вложения/бренд &gt; saveLeadItems шлёт PUT с массивом в snake_case" time="0.0006639">
        </testcase>
        <testcase classname="src/lib/api.test.ts" name="api client — корзина лида/вложения/бренд &gt; commitLeadItemsToDeal переносит позиции в сделку и котирует цену; считает ok/total" time="0.0011656">
        </testcase>
        <testcase classname="src/lib/api.test.ts" name="api client — корзина лида/вложения/бренд &gt; commitLeadItemsToDeal — ok меньше total, если часть addDealItem провалилась" time="0.0010016">
        </testcase>
        <testcase classname="src/lib/api.test.ts" name="api client — корзина лида/вложения/бренд &gt; fetchLeadAttachments маппит вложения" time="0.0009279">
        </testcase>
        <testcase classname="src/lib/api.test.ts" name="api client — корзина лида/вложения/бренд &gt; uploadLeadAttachment читает файл как data-URI и шлёт JSON; маппит ответ" time="0.0054891">
        </testcase>
        <testcase classname="src/lib/api.test.ts" name="api client — корзина лида/вложения/бренд &gt; uploadLeadAttachment возвращает detail на !ok и общую ошибку на сбой" time="0.0016528">
        </testcase>
        <testcase classname="src/lib/api.test.ts" name="api client — корзина лида/вложения/бренд &gt; leadAttachmentDownloadUrl строит прямую ссылку" time="0.0003073">
        </testcase>
        <testcase classname="src/lib/api.test.ts" name="api client — корзина лида/вложения/бренд &gt; deleteLeadAttachment: true на 200 и на 404 (уже нет — цель достигнута); false на сбой" time="0.001163">
        </testcase>
        <testcase classname="src/lib/api.test.ts" name="api client — корзина лида/вложения/бренд &gt; fetchBranding/updateBranding" time="0.0014765">
        </testcase>
        <testcase classname="src/lib/api.test.ts" name="api client — convertLead поллит deal_id &gt; возвращает deal_id, как только он появляется у лида" time="0.0045075">
        </testcase>
        <testcase classname="src/lib/api.test.ts" name="api client — convertLead поллит deal_id &gt; возвращает undefined deal_id после исчерпания попыток" time="0.0012516">
        </testcase>
    </testsuite>
    <testsuite name="src/lib/app-role.test.ts" timestamp="2026-09-17T22:52:23.467Z" hostname="admin135" tests="5" failures="0" errors="0" skipped="0" time="0.0079428">
        <testcase classname="src/lib/app-role.test.ts" name="resolveAppRole &gt; игнорирует технические realm-роли Keycloak" time="0.0039295">
        </testcase>
        <testcase classname="src/lib/app-role.test.ts" name="resolveAppRole &gt; оставляет сотрудника в onboarding, пока эта роль присутствует" time="0.0004048">
        </testcase>
        <testcase classname="src/lib/app-role.test.ts" name="resolveAppRole &gt; выбирает известную рабочую роль, а не порядок realm_access.roles" time="0.0003006">
        </testcase>
        <testcase classname="src/lib/app-role.test.ts" name="resolveAppRole &gt; сохраняет известные alias и dev суперроль в allowlist" time="0.0002587">
        </testcase>
        <testcase classname="src/lib/app-role.test.ts" name="resolveAppRole &gt; ведёт onboarding только на изолированную страницу" time="0.0002524">
        </testcase>
    </testsuite>
    <testsuite name="src/lib/auth-mode.test.ts" timestamp="2026-09-17T22:52:23.469Z" hostname="admin135" tests="6" failures="0" errors="0" skipped="0" time="0.0086834">
        <testcase classname="src/lib/auth-mode.test.ts" name="frontendAuthMode &gt; defaults to dev" time="0.0034817">
        </testcase>
        <testcase classname="src/lib/auth-mode.test.ts" name="frontendAuthMode &gt; accepts oidc" time="0.0004406">
        </testcase>
        <testcase classname="src/lib/auth-mode.test.ts" name="keycloakPublicConfig &gt; null without issuer/client" time="0.0006344">
        </testcase>
        <testcase classname="src/lib/auth-mode.test.ts" name="keycloakPublicConfig &gt; builds config when set" time="0.0003577">
        </testcase>
        <testcase classname="src/lib/auth-mode.test.ts" name="tokenEndpointIssuer &gt; falls back to public issuer" time="0.0003709">
        </testcase>
        <testcase classname="src/lib/auth-mode.test.ts" name="tokenEndpointIssuer &gt; prefers KEYCLOAK_INTERNAL_ISSUER" time="0.0002844">
        </testcase>
    </testsuite>
    <testsuite name="src/lib/auth-session-server.test.ts" timestamp="2026-09-17T22:52:23.470Z" hostname="admin135" tests="2" failures="0" errors="0" skipped="0" time="0.0094612">
        <testcase classname="src/lib/auth-session-server.test.ts" name="auth-session-server &gt; возвращает действующий токен и не обновляет без refresh/config" time="0.0053996">
        </testcase>
        <testcase classname="src/lib/auth-session-server.test.ts" name="auth-session-server &gt; обновляет токен и применяет обе cookie, а неуспешный refresh сохраняет старый" time="0.0011584">
        </testcase>
    </testsuite>
    <testsuite name="src/lib/barcode.test.ts" timestamp="2026-09-17T22:52:23.471Z" hostname="admin135" tests="4" failures="0" errors="0" skipped="0" time="0.0099339">
        <testcase classname="src/lib/barcode.test.ts" name="isCode39 &gt; ASCII код ячейки кодируем" time="0.0034894">
        </testcase>
        <testcase classname="src/lib/barcode.test.ts" name="isCode39 &gt; кириллица и пусто — не кодируемо" time="0.0004307">
        </testcase>
        <testcase classname="src/lib/barcode.test.ts" name="code39Bars &gt; даёт непустой набор штрихов и положительную ширину для валидного кода" time="0.0011797">
        </testcase>
        <testcase classname="src/lib/barcode.test.ts" name="code39Bars &gt; некодируемое значение → пусто" time="0.0016999">
        </testcase>
    </testsuite>
    <testsuite name="src/lib/board.test.ts" timestamp="2026-09-17T22:52:23.472Z" hostname="admin135" tests="149" failures="0" errors="0" skipped="0" time="0.0599262">
        <testcase classname="src/lib/board.test.ts" name="recomputeStages &gt; пересчитывает count и sum по сделкам стадии" time="0.004203">
        </testcase>
        <testcase classname="src/lib/board.test.ts" name="moveDealToStage &gt; перемещает сделку в целевую стадию и пересчитывает агрегаты" time="0.0022202">
        </testcase>
        <testcase classname="src/lib/board.test.ts" name="moveDealToStage &gt; возвращает прежний массив, если сделка уже в целевой стадии" time="0.0002965">
        </testcase>
        <testcase classname="src/lib/board.test.ts" name="moveDealToStage &gt; возвращает прежний массив для несуществующей сделки" time="0.0002161">
        </testcase>
        <testcase classname="src/lib/board.test.ts" name="patchStages &gt; патчит поля только целевой сделки, в какой бы стадии она ни лежала" time="0.0018714">
        </testcase>
        <testcase classname="src/lib/board.test.ts" name="patchStages &gt; НЕ пересчитывает агрегаты: правка полей не двигает сделки между колонками" time="0.0004262">
        </testcase>
        <testcase classname="src/lib/board.test.ts" name="patchStages &gt; ключ со значением undefined затирает поле (нужно для гашения legacy)" time="0.0003701">
        </testcase>
        <testcase classname="src/lib/board.test.ts" name="nextStepFields &gt; назначает шаг и гасит legacy todo/actionDate/actionTime — иначе dealStepText показал бы старый todo" time="0.0004932">
        </testcase>
        <testcase classname="src/lib/board.test.ts" name="nextStepFields &gt; очищает шаг целиком при patch из null («Выполнен»)" time="0.0003976">
        </testcase>
        <testcase classname="src/lib/board.test.ts" name="ensureLostStage (SALES-40) &gt; добавляет стадию «отказ» в конец, если её нет (fallback без бэка)" time="0.0007025">
        </testcase>
        <testcase classname="src/lib/board.test.ts" name="ensureLostStage (SALES-40) &gt; идемпотентна: не дублирует стадию, если она уже пришла с бэка" time="0.000279">
        </testcase>
        <testcase classname="src/lib/board.test.ts" name="probabilityFor (SALES-44) &gt; берёт дефолт по стадии, если probability не задана" time="0.0003209">
        </testcase>
        <testcase classname="src/lib/board.test.ts" name="probabilityFor (SALES-44) &gt; уважает явно заданную probability, включая 0" time="0.0001936">
        </testcase>
        <testcase classname="src/lib/board.test.ts" name="probabilityFor (SALES-44) &gt; 0 для неизвестной стадии без явной вероятности" time="0.0001395">
        </testcase>
        <testcase classname="src/lib/board.test.ts" name="weightedAmount / stageWeightedSum (SALES-44) &gt; взвешенная сумма сделки = amount × probability / 100" time="0.0005547">
        </testcase>
        <testcase classname="src/lib/board.test.ts" name="weightedAmount / stageWeightedSum (SALES-44) &gt; взвешенная сумма стадии суммирует по всем сделкам" time="0.000521">
        </testcase>
        <testcase classname="src/lib/board.test.ts" name="isOpenStage — единый охват взвешенного прогноза (SALES-44) &gt; открытый pipeline: всё, кроме won/lost/cond_lost" time="0.0005466">
        </testcase>
        <testcase classname="src/lib/board.test.ts" name="isOpenStage — единый охват взвешенного прогноза (SALES-44) &gt; Σ «взвешенно» по открытым колонкам = итогу строки (cond_lost не рассинхронит)" time="0.0005203">
        </testcase>
        <testcase classname="src/lib/board.test.ts" name="daysInStage (SALES-43) &gt; считает целые дни от stage_changed_at" time="0.0003454">
        </testcase>
        <testcase classname="src/lib/board.test.ts" name="daysInStage (SALES-43) &gt; null, если дата неизвестна или неразборчива" time="0.0001971">
        </testcase>
        <testcase classname="src/lib/board.test.ts" name="daysInStage (SALES-43) &gt; не уходит в минус для будущей даты" time="0.0001448">
        </testcase>
        <testcase classname="src/lib/board.test.ts" name="isStuck (SALES-43) &gt; висяк: открытая стадия без движения ≥ порога" time="0.0002911">
        </testcase>
        <testcase classname="src/lib/board.test.ts" name="isStuck (SALES-43) &gt; не висяк, если в стадии меньше порога" time="0.0001369">
        </testcase>
        <testcase classname="src/lib/board.test.ts" name="isStuck (SALES-43) &gt; терминальные стадии (won/lost) никогда не висяки" time="0.0001405">
        </testcase>
        <testcase classname="src/lib/board.test.ts" name="isStuck (SALES-43) &gt; FIX-2: cond_lost (и производные коды секций) — не висяк; у него сигнал «реанимировать»" time="0.0001651">
        </testcase>
        <testcase classname="src/lib/board.test.ts" name="isStuck (SALES-43) &gt; не висяк без даты входа в стадию" time="0.000105">
        </testcase>
        <testcase classname="src/lib/board.test.ts" name="isClosedStageId &gt; закрытые: won/lost + производные; открытые: остальные" time="0.0003611">
        </testcase>
        <testcase classname="src/lib/board.test.ts" name="reviveDays — реанимация «Условного отказа» (слайс 3) &gt; cond_lost старше порога → дни в стадии; моложе порога → null" time="0.0006891">
        </testcase>
        <testcase classname="src/lib/board.test.ts" name="reviveDays — реанимация «Условного отказа» (слайс 3) &gt; не cond_lost или нет даты — null" time="0.0002133">
        </testcase>
        <testcase classname="src/lib/board.test.ts" name="sortDealsForBoard — «деньги × срочность» (слайс 3) &gt; просроченные (weighted DESC) → сегодня → завтра → остальные по weighted DESC" time="0.0007607">
        </testcase>
        <testcase classname="src/lib/board.test.ts" name="sortDealsForBoard — «деньги × срочность» (слайс 3) &gt; закрытые стадии (won/lost/cond_lost) не сортируются — хронология как есть" time="0.0002822">
        </testcase>
        <testcase classname="src/lib/board.test.ts" name="sortDealsForBoard — «деньги × срочность» (слайс 3) &gt; до маунта (now=null) порядок исходный — без прыжка гидрации" time="0.0002598">
        </testcase>
        <testcase classname="src/lib/board.test.ts" name="sortDealsForBoard — «деньги × срочность» (слайс 3) &gt; не мутирует вход" time="0.0005026">
        </testcase>
        <testcase classname="src/lib/board.test.ts" name="dateBucketId / groupByDateBucket (П4, слайс 4) &gt; без next_step_at — честный бакет «Без даты» (не «Позже»)" time="0.0003346">
        </testcase>
        <testcase classname="src/lib/board.test.ts" name="dateBucketId / groupByDateBucket (П4, слайс 4) &gt; неразборчивая дата — тоже «Без даты»" time="0.0002695">
        </testcase>
        <testcase classname="src/lib/board.test.ts" name="dateBucketId / groupByDateBucket (П4, слайс 4) &gt; вчера/раньше сегодняшней полуночи — просрочено" time="0.0002823">
        </testcase>
        <testcase classname="src/lib/board.test.ts" name="dateBucketId / groupByDateBucket (П4, слайс 4) &gt; сегодня (00:00..23:59 календарного дня) — «Сегодня» независимо от текущего часа" time="0.0002862">
        </testcase>
        <testcase classname="src/lib/board.test.ts" name="dateBucketId / groupByDateBucket (П4, слайс 4) &gt; завтра — «Завтра»" time="0.000238">
        </testcase>
        <testcase classname="src/lib/board.test.ts" name="dateBucketId / groupByDateBucket (П4, слайс 4) &gt; через 3-6 дней — «Неделя», через 8-29 — «Месяц», 31+ — «Позже»" time="0.000262">
        </testcase>
        <testcase classname="src/lib/board.test.ts" name="dateBucketId / groupByDateBucket (П4, слайс 4) &gt; groupByDateBucket возвращает все 7 бакетов (даже пустые) и не теряет сделки" time="0.0009914">
        </testcase>
        <testcase classname="src/lib/board.test.ts" name="dateBucketId / groupByDateBucket (П4, слайс 4) &gt; E (слайс 4): сделка с nextStepAt=сегодня получает бакет today — сквозная видимость чипа срочности" time="0.0002342">
        </testcase>
        <testcase classname="src/lib/board.test.ts" name="dealStepText (слайс 4) &gt; todo + дата/время действия — склеены через « · »" time="0.0002223">
        </testcase>
        <testcase classname="src/lib/board.test.ts" name="dealStepText (слайс 4) &gt; без todo — просто nextStep" time="0.0002424">
        </testcase>
        <testcase classname="src/lib/board.test.ts" name="dealStepText (слайс 4) &gt; todo без даты/времени — только сам todo (Boolean-фильтр пустых частей)" time="0.000295">
        </testcase>
        <testcase classname="src/lib/board.test.ts" name="dealStepText (слайс 4) &gt; ничего не задано — undefined" time="0.0004134">
        </testcase>
        <testcase classname="src/lib/board.test.ts" name="shouldAutoAssignNextStep (слайс 4, D) &gt; открытая стадия + нет шага (ни nextStep, ни todo) — true" time="0.0002441">
        </testcase>
        <testcase classname="src/lib/board.test.ts" name="shouldAutoAssignNextStep (слайс 4, D) &gt; закрытая стадия (won/lost + производные won/lost секций) — false" time="0.0004428">
        </testcase>
        <testcase classname="src/lib/board.test.ts" name="shouldAutoAssignNextStep (слайс 4, D) &gt; у сделки уже есть шаг (nextStep ИЛИ todo) — false, не перетираем ручной выбор" time="0.0002458">
        </testcase>
        <testcase classname="src/lib/board.test.ts" name="focusQueue — «Фокус дня» (слайс 5) &gt; now == null — пустой результат (SSR-гейт)" time="0.0006133">
        </testcase>
        <testcase classname="src/lib/board.test.ts" name="focusQueue — «Фокус дня» (слайс 5) &gt; нет квалифицирующих сделок (шаг уже назначен) — пустой результат" time="0.0005599">
        </testcase>
        <testcase classname="src/lib/board.test.ts" name="focusQueue — «Фокус дня» (слайс 5) &gt; порядок: правее воронки раньше (вероятность стадии), внутри стадии — срочность" time="0.0007238">
        </testcase>
        <testcase classname="src/lib/board.test.ts" name="focusQueue — «Фокус дня» (слайс 5) &gt; близость к деньгам бьёт срочность: сделка у счёта (invoice, без шага) впереди просроченной холодной (new)" time="0.000381">
        </testcase>
        <testcase classname="src/lib/board.test.ts" name="focusQueue — «Фокус дня» (слайс 5) &gt; воронка «Постоянные клиенты» (rp_*, кодов НЕТ в STAGE_PROBABILITY) — правее всё равно раньше" time="0.0003647">
        </testcase>
        <testcase classname="src/lib/board.test.ts" name="focusQueue — «Фокус дня» (слайс 5) &gt; своя стадия из редактора (нет в STAGE_PROBABILITY) не тонет: горячая просроченная ведёт очередь" time="0.0003887">
        </testcase>
        <testcase classname="src/lib/board.test.ts" name="focusQueue — «Фокус дня» (слайс 5) &gt; severity: overdue=crit, today=warn, revive=info" time="0.0004291">
        </testcase>
        <testcase classname="src/lib/board.test.ts" name="focusQueue — «Фокус дня» (слайс 5) &gt; severity «без касания»: ≥1 дн — crit, 0 дн — warn" time="0.0004072">
        </testcase>
        <testcase classname="src/lib/board.test.ts" name="focusQueue — «Фокус дня» (слайс 5) &gt; текст reason соответствует формату каждого правила" time="0.0006164">
        </testcase>
        <testcase classname="src/lib/board.test.ts" name="focusQueue — «Фокус дня» (слайс 5) &gt; FIX-R1 (ревью 62c1a7d): просрочка на некратный интервал (вчера 20:00, сегодня 09:00) — «просрочен 1 дн», не 0" time="0.0003452">
        </testcase>
        <testcase classname="src/lib/board.test.ts" name="focusQueue — «Фокус дня» (слайс 5) &gt; правее воронки раньше: «без шага» в qual опережает «без касания» в new (близость к деньгам первична)" time="0.0005009">
        </testcase>
        <testcase classname="src/lib/board.test.ts" name="focusQueue — «Фокус дня» (слайс 5) &gt; внутри «без касания» сортирует по daysInStage DESC, не по деньгам" time="0.0003626">
        </testcase>
        <testcase classname="src/lib/board.test.ts" name="focusQueue — «Фокус дня» (слайс 5) &gt; внутри «без шага» (остальные) сортирует по weighted DESC, не по дням" time="0.0002908">
        </testcase>
        <testcase classname="src/lib/board.test.ts" name="focusQueue — «Фокус дня» (слайс 5) &gt; won/lost исключены целиком — даже формально «просроченные»" time="0.0002516">
        </testcase>
        <testcase classname="src/lib/board.test.ts" name="focusQueue — «Фокус дня» (слайс 5) &gt; cond_lost участвует ТОЛЬКО в реанимации — ниже порога не попадает никуда, даже если «просрочен»" time="0.0002255">
        </testcase>
        <testcase classname="src/lib/board.test.ts" name="focusQueue — «Фокус дня» (слайс 5) &gt; crit виден, даже когда просроченные вытеснены из items обрезкой cap" time="0.0006809">
        </testcase>
        <testcase classname="src/lib/board.test.ts" name="focusQueue — «Фокус дня» (слайс 5) &gt; crit=false, когда горящего нет вовсе" time="0.0002367">
        </testcase>
        <testcase classname="src/lib/board.test.ts" name="focusQueue — «Фокус дня» (слайс 5) &gt; cap ограничивает items (по умолчанию 12), total считает все квалифицирующие" time="0.0006012">
        </testcase>
        <testcase classname="src/lib/board.test.ts" name="cardAttention (цикл 8: единый чип внимания карточки) &gt; пустые сигналы — null (нет чипа)" time="0.0003406">
        </testcase>
        <testcase classname="src/lib/board.test.ts" name="cardAttention (цикл 8: единый чип внимания карточки) &gt; 1. actBucket=overdue — «Просрочено», tone crit" time="0.0002187">
        </testcase>
        <testcase classname="src/lib/board.test.ts" name="cardAttention (цикл 8: единый чип внимания карточки) &gt; 2. noTouchDays&gt;=1 — «⏱ без касания N дн», tone crit" time="0.0002192">
        </testcase>
        <testcase classname="src/lib/board.test.ts" name="cardAttention (цикл 8: единый чип внимания карточки) &gt; 3. actBucket=today — «Сегодня», tone warn" time="0.0001472">
        </testcase>
        <testcase classname="src/lib/board.test.ts" name="cardAttention (цикл 8: единый чип внимания карточки) &gt; 4. reviveDays задан — «реанимировать · N дн», tone revive" time="0.0001505">
        </testcase>
        <testcase classname="src/lib/board.test.ts" name="cardAttention (цикл 8: единый чип внимания карточки) &gt; 5. actBucket=tomorrow — «Завтра», tone soft" time="0.0001428">
        </testcase>
        <testcase classname="src/lib/board.test.ts" name="cardAttention (цикл 8: единый чип внимания карточки) &gt; 6. stuck + daysInStage — «застрял N дн», tone soft" time="0.0005406">
        </testcase>
        <testcase classname="src/lib/board.test.ts" name="cardAttention (цикл 8: единый чип внимания карточки) &gt; 6b. stuck без daysInStage — сигнала нет (null)" time="0.0001926">
        </testcase>
        <testcase classname="src/lib/board.test.ts" name="cardAttention (цикл 8: единый чип внимания карточки) &gt; 7. noTouchDays===0 — «⏱ без касания», tone muted" time="0.0001661">
        </testcase>
        <testcase classname="src/lib/board.test.ts" name="cardAttention (цикл 8: единый чип внимания карточки) &gt; 8. noStep — «нет шага», tone soft" time="0.000143">
        </testcase>
        <testcase classname="src/lib/board.test.ts" name="cardAttention (цикл 8: единый чип внимания карточки) &gt; вытеснение: overdue побеждает noStep" time="0.0001351">
        </testcase>
        <testcase classname="src/lib/board.test.ts" name="cardAttention (цикл 8: единый чип внимания карточки) &gt; вытеснение: noTouchDays&gt;=1 побеждает actBucket=today" time="0.0001243">
        </testcase>
        <testcase classname="src/lib/board.test.ts" name="cardAttention (цикл 8: единый чип внимания карточки) &gt; вытеснение: actBucket=today побеждает reviveDays" time="0.0001068">
        </testcase>
        <testcase classname="src/lib/board.test.ts" name="cardAttention (цикл 8: единый чип внимания карточки) &gt; вытеснение: reviveDays побеждает actBucket=tomorrow" time="0.0000996">
        </testcase>
        <testcase classname="src/lib/board.test.ts" name="cardAttention (цикл 8: единый чип внимания карточки) &gt; вытеснение: actBucket=tomorrow побеждает «застрял»" time="0.0001054">
        </testcase>
        <testcase classname="src/lib/board.test.ts" name="cardAttention (цикл 8: единый чип внимания карточки) &gt; вытеснение: «застрял» побеждает noTouchDays===0" time="0.0001094">
        </testcase>
        <testcase classname="src/lib/board.test.ts" name="cardAttention (цикл 8: единый чип внимания карточки) &gt; вытеснение: noTouchDays===0 побеждает noStep" time="0.000107">
        </testcase>
        <testcase classname="src/lib/board.test.ts" name="daysUntilDate (слайс 6) &gt; сегодня — 0" time="0.0002282">
        </testcase>
        <testcase classname="src/lib/board.test.ts" name="daysUntilDate (слайс 6) &gt; через N дней — положительное число" time="0.0001128">
        </testcase>
        <testcase classname="src/lib/board.test.ts" name="daysUntilDate (слайс 6) &gt; в прошлом — отрицательное число" time="0.0000988">
        </testcase>
        <testcase classname="src/lib/board.test.ts" name="invoiceBadge (слайс 6, C) &gt; «✓ оплачен» — ТОЛЬКО paid; posted = записан в 1С, деньги не дошли (ревью f4f825d)" time="0.0002921">
        </testcase>
        <testcase classname="src/lib/board.test.ts" name="invoiceBadge (слайс 6, C) &gt; posted без valid_until — нейтральный «не оплачен» (записан в 1С, ждём денег)" time="0.0001318">
        </testcase>
        <testcase classname="src/lib/board.test.ts" name="invoiceBadge (слайс 6, C) &gt; valid_until = null и не posted/paid — honest-empty null (нет данных для бейджа)" time="0.0000978">
        </testcase>
        <testcase classname="src/lib/board.test.ts" name="invoiceBadge (слайс 6, C) &gt; valid_until сегодня — «истекает 0д», жёлтый (K&lt;=2)" time="0.0001213">
        </testcase>
        <testcase classname="src/lib/board.test.ts" name="invoiceBadge (слайс 6, C) &gt; valid_until в прошлом — «просрочен» красный" time="0.0001435">
        </testcase>
        <testcase classname="src/lib/board.test.ts" name="invoiceBadge (слайс 6, C) &gt; valid_until через 5 дней — нейтральный тон (K&gt;2)" time="0.0001174">
        </testcase>
        <testcase classname="src/lib/board.test.ts" name="waitAgeMsFor (цикл 17 + фикс адверсарной верификации: наивный UTC без зоны) &gt; наивная строка без зоны (бэк шлёт naive UTC, «2026-07-11T12:00:00») — трактуется как UTC, не как локальное время раннера" time="0.0003092">
        </testcase>
        <testcase classname="src/lib/board.test.ts" name="waitAgeMsFor (цикл 17 + фикс адверсарной верификации: наивный UTC без зоны) &gt; строка с явной зоной Z — поведение не тронуто (парсим как есть, Z не дублируем)" time="0.0002286">
        </testcase>
        <testcase classname="src/lib/board.test.ts" name="waitAgeMsFor (цикл 17 + фикс адверсарной верификации: наивный UTC без зоны) &gt; строка с явным смещением (+03:00) — тоже не тронута (уже есть зона)" time="0.0001808">
        </testcase>
        <testcase classname="src/lib/board.test.ts" name="waitAgeMsFor (цикл 17 + фикс адверсарной верификации: наивный UTC без зоны) &gt; waitingSince/now не заданы — null (graceful, бэк без миграции / до маунта)" time="0.0001893">
        </testcase>
        <testcase classname="src/lib/board.test.ts" name="waitAgeMsFor (цикл 17 + фикс адверсарной верификации: наивный UTC без зоны) &gt; нераспознаваемая строка — null, не NaN" time="0.0001859">
        </testcase>
        <testcase classname="src/lib/board.test.ts" name="waitAgeMsFor (цикл 17 + фикс адверсарной верификации: наивный UTC без зоны) &gt; будущий waiting_since (рассинхрон часов клиент/сервер) не уходит в минус" time="0.0001244">
        </testcase>
        <testcase classname="src/lib/board.test.ts" name="inboundSignal (цикл 11: клиент ждёт ответа) &gt; unread&gt;0 — бейдж «💬 N», тон money (самый горячий сигнал)" time="0.0003098">
        </testcase>
        <testcase classname="src/lib/board.test.ts" name="inboundSignal (цикл 11: клиент ждёт ответа) &gt; unread=0, missed&gt;0 — «☎ пропущен», тон amber" time="0.0001621">
        </testcase>
        <testcase classname="src/lib/board.test.ts" name="inboundSignal (цикл 11: клиент ждёт ответа) &gt; unread приоритетнее missed — при обоих сигналах побеждает unread" time="0.0001274">
        </testcase>
        <testcase classname="src/lib/board.test.ts" name="inboundSignal (цикл 11: клиент ждёт ответа) &gt; ни unread ни missed — null, бейдж не рендерится" time="0.0001334">
        </testcase>
        <testcase classname="src/lib/board.test.ts" name="inboundSignal (цикл 11: клиент ждёт ответа) &gt; цикл 17: unread&gt;1 + waitAgeMs известен — лейбл «💬 N · ждёт Nм/Nч/Nд» (фикс: счётчик не теряется)" time="0.000227">
        </testcase>
        <testcase classname="src/lib/board.test.ts" name="inboundSignal (цикл 11: клиент ждёт ответа) &gt; цикл 17: unread===1 + waitAgeMs известен — лейбл «💬 ждёт Nм» без счётчика (1 и так очевидна)" time="0.000137">
        </testcase>
        <testcase classname="src/lib/board.test.ts" name="inboundSignal (цикл 11: клиент ждёт ответа) &gt; цикл 17: waitAgeMs не задан/null — graceful, старый лейбл «💬 N» (бэк без waiting_since)" time="0.0001849">
        </testcase>
        <testcase classname="src/lib/board.test.ts" name="formatWaitAge (цикл 17: возраст ожидания ответа) &gt; &lt; 60 минут — «Nм»" time="0.0002131">
        </testcase>
        <testcase classname="src/lib/board.test.ts" name="formatWaitAge (цикл 17: возраст ожидания ответа) &gt; граница 59м/60м — 59 минут ещё «м», 60 минут уже «ч»" time="0.0001441">
        </testcase>
        <testcase classname="src/lib/board.test.ts" name="formatWaitAge (цикл 17: возраст ожидания ответа) &gt; &lt; 24 часов — «Nч»" time="0.0001151">
        </testcase>
        <testcase classname="src/lib/board.test.ts" name="formatWaitAge (цикл 17: возраст ожидания ответа) &gt; граница 23ч/24ч — 23 часа ещё «ч», 24 часа уже «д»" time="0.0001435">
        </testcase>
        <testcase classname="src/lib/board.test.ts" name="formatWaitAge (цикл 17: возраст ожидания ответа) &gt; ≥ 24 часов — «Nд»" time="0.0001141">
        </testcase>
        <testcase classname="src/lib/board.test.ts" name="formatWaitAge (цикл 17: возраст ожидания ответа) &gt; отрицательный ms (рассинхрон часов) — честные «0м», не минус" time="0.0001575">
        </testcase>
        <testcase classname="src/lib/board.test.ts" name="discountGate (слайс 9) &gt; пустой список позиций — null (гейта нет)" time="0.0002738">
        </testcase>
        <testcase classname="src/lib/board.test.ts" name="discountGate (слайс 9) &gt; все min_price=null — null (нет ни одного справочного минимума)" time="0.0002227">
        </testcase>
        <testcase classname="src/lib/board.test.ts" name="discountGate (слайс 9) &gt; ровно на границе (amount === minTotal) — null, граница не нарушение" time="0.0001538">
        </testcase>
        <testcase classname="src/lib/board.test.ts" name="discountGate (слайс 9) &gt; amount ниже минимума — корректные minTotal/gap" time="0.0001994">
        </testcase>
        <testcase classname="src/lib/board.test.ts" name="discountGate (слайс 9) &gt; частичные min_price — считает только позиции с известным минимумом" time="0.0001742">
        </testcase>
        <testcase classname="src/lib/board.test.ts" name="invoicesAtRisk (цикл 12: счета под риском — резерв уходит) &gt; просроченный posted-счёт попадает в очередь — severity crit, подпись «просрочен N дн»" time="0.001676">
        </testcase>
        <testcase classname="src/lib/board.test.ts" name="invoicesAtRisk (цикл 12: счета под риском — резерв уходит) &gt; истекающий в пределах порога — severity warn, подпись «истекает N дн»" time="0.0003769">
        </testcase>
        <testcase classname="src/lib/board.test.ts" name="invoicesAtRisk (цикл 12: счета под риском — резерв уходит) &gt; истекающий за пределами порога (&gt;3 дн) и резерв не снят — вне очереди" time="0.0003518">
        </testcase>
        <testcase classname="src/lib/board.test.ts" name="invoicesAtRisk (цикл 12: счета под риском — резерв уходит) &gt; резерв уже снят, оплаты нет (даже без активного срока) — severity warn" time="0.0002242">
        </testcase>
        <testcase classname="src/lib/board.test.ts" name="invoicesAtRisk (цикл 12: счета под риском — резерв уходит) &gt; оплаченный (paid) счёт — исключён из очереди даже с истёкшим сроком" time="0.0003049">
        </testcase>
        <testcase classname="src/lib/board.test.ts" name="invoicesAtRisk (цикл 12: счета под риском — резерв уходит) &gt; черновик (draft, ещё не выставлен всерьёз) — исключён из очереди" time="0.0002431">
        </testcase>
        <testcase classname="src/lib/board.test.ts" name="invoicesAtRisk (цикл 12: счета под риском — резерв уходит) &gt; сортировка: просроченные впереди истекающих, крупнее просрочка — раньше" time="0.0003244">
        </testcase>
        <testcase classname="src/lib/board.test.ts" name="invoicesAtRisk (цикл 12: счета под риском — резерв уходит) &gt; при равной срочности — крупнее сумма счёта раньше" time="0.0002386">
        </testcase>
        <testcase classname="src/lib/board.test.ts" name="invoicesAtRisk (цикл 12: счета под риском — резерв уходит) &gt; cap обрезает очередь, но total считает ДО обрезки" time="0.0003388">
        </testcase>
        <testcase classname="src/lib/board.test.ts" name="closeProximity / closeDateLabel (цикл 13: дожать до плана) &gt; просроченная дата — максимальная близость (1)" time="0.0002318">
        </testcase>
        <testcase classname="src/lib/board.test.ts" name="closeProximity / closeDateLabel (цикл 13: дожать до плана) &gt; сегодняшняя дата — максимальная близость (1)" time="0.000456">
        </testcase>
        <testcase classname="src/lib/board.test.ts" name="closeProximity / closeDateLabel (цикл 13: дожать до плана) &gt; дата через 14 дней — близость 0.5 (половина затухания)" time="0.000355">
        </testcase>
        <testcase classname="src/lib/board.test.ts" name="closeProximity / closeDateLabel (цикл 13: дожать до плана) &gt; очень далёкая дата не опускается ниже пола 0.15" time="0.0001926">
        </testcase>
        <testcase classname="src/lib/board.test.ts" name="closeProximity / closeDateLabel (цикл 13: дожать до плана) &gt; нет даты — нейтральная близость 0.4 (не 0 и не максимум)" time="0.000126">
        </testcase>
        <testcase classname="src/lib/board.test.ts" name="closeProximity / closeDateLabel (цикл 13: дожать до плана) &gt; неразборчивая дата — тот же нейтральный fallback, без падения" time="0.0001177">
        </testcase>
        <testcase classname="src/lib/board.test.ts" name="closeProximity / closeDateLabel (цикл 13: дожать до плана) &gt; closeDateLabel: сегодня/просрочена/через N/не задана" time="0.0002857">
        </testcase>
        <testcase classname="src/lib/board.test.ts" name="closeabilityQueue (цикл 13: дожать до плана) &gt; сортирует по итоговому баллу DESC (probability × proximity × amount)" time="0.0006606">
        </testcase>
        <testcase classname="src/lib/board.test.ts" name="closeabilityQueue (цикл 13: дожать до плана) &gt; вклад вероятности: выше probability при равных сумме/дате — выше в очереди" time="0.0002885">
        </testcase>
        <testcase classname="src/lib/board.test.ts" name="closeabilityQueue (цикл 13: дожать до плана) &gt; вклад суммы: крупнее amount при равных probability/дате — выше в очереди" time="0.0006313">
        </testcase>
        <testcase classname="src/lib/board.test.ts" name="closeabilityQueue (цикл 13: дожать до плана) &gt; вклад близости даты: просроченная/сегодня опережает далёкую при равных probability/сумме" time="0.0003407">
        </testcase>
[...]
        </testcase>
        <testcase classname="src/components/erp/spravochniki/sprav-import.test.tsx" name="SpravImport — LIVE-синхронизация с 1С &gt; во время синка: кнопка блокируется и меняет текст на «Синхронизируется…»" time="0.2876165">
        </testcase>
        <testcase classname="src/components/erp/spravochniki/sprav-import.test.tsx" name="SpravImport — LIVE-синхронизация с 1С &gt; HTTP-ошибка: показывает «HTTP 500», без плиток итогов" time="0.1486106">
        </testcase>
        <testcase classname="src/components/erp/spravochniki/sprav-import.test.tsx" name="SpravImport — LIVE-синхронизация с 1С &gt; сетевой сбой: сообщение ошибки из исключения, кнопка снова активна" time="0.1689143">
        </testcase>
        <testcase classname="src/components/erp/spravochniki/sprav-import.test.tsx" name="SpravImport — LIVE-синхронизация с 1С &gt; повторный синк после ошибки очищает ошибку и показывает итоги" time="0.2508143">
        </testcase>
        <testcase classname="src/components/erp/spravochniki/sprav-import.test.tsx" name="SpravImport — ДЕМО предпросмотр и конфликты &gt; рендерит строки предпросмотра с бейджами действий из ACTION_BADGE" time="0.0470385">
        </testcase>
        <testcase classname="src/components/erp/spravochniki/sprav-import.test.tsx" name="SpravImport — ДЕМО предпросмотр и конфликты &gt; ключевая строка маппинга УНП несёт бейдж ключа сопоставления" time="0.0550968">
        </testcase>
    </testsuite>
    <testsuite name="src/components/erp/spravochniki/sprav-merge-rules.test.tsx" timestamp="2026-09-17T22:52:23.830Z" hostname="admin135" tests="6" failures="0" errors="0" skipped="0" time="0.6132197">
        <testcase classname="src/components/erp/spravochniki/sprav-merge-rules.test.tsx" name="SpravMergeRules &gt; рендерит пустое состояние без бейджа и без таблиц, когда правил нет" time="0.089529">
        </testcase>
        <testcase classname="src/components/erp/spravochniki/sprav-merge-rules.test.tsx" name="SpravMergeRules &gt; считает защищённые от синка правила в шапке (2 из 4: source_priority без 1С первым и manual_only)" time="0.0371063">
        </testcase>
        <testcase classname="src/components/erp/spravochniki/sprav-merge-rules.test.tsx" name="SpravMergeRules &gt; группирует правила по entity_type в отдельные таблицы с человеческими подписями сущностей" time="0.3776452">
        </testcase>
        <testcase classname="src/components/erp/spravochniki/sprav-merge-rules.test.tsx" name="SpravMergeRules &gt; показывает метку стратегии и подсказку для source_priority с цепочкой источников по приоритету" time="0.0442054">
        </testcase>
        <testcase classname="src/components/erp/spravochniki/sprav-merge-rules.test.tsx" name="SpravMergeRules &gt; помечает правило manual_only как «защищено», а поле с 1С первым источником — «синк обновит»" time="0.0360916">
        </testcase>
        <testcase classname="src/components/erp/spravochniki/sprav-merge-rules.test.tsx" name="SpravMergeRules &gt; рендерит прочерк в цепочке источников, когда source_priority пуст (manual_only/non_empty_wins)" time="0.0255202">
        </testcase>
    </testsuite>
    <testsuite name="src/components/erp/spravochniki/sprav-merge.test.tsx" timestamp="2026-09-17T22:52:23.832Z" hostname="admin135" tests="5" failures="0" errors="0" skipped="0" time="0.6758476">
        <testcase classname="src/components/erp/spravochniki/sprav-merge.test.tsx" name="SpravMerge &gt; пустой список кластеров → честная заглушка «Дублей не обнаружено»" time="0.0727344">
        </testcase>
        <testcase classname="src/components/erp/spravochniki/sprav-merge.test.tsx" name="SpravMerge &gt; первый кластер выбран по умолчанию: эталон, дубли и счётчик очереди" time="0.0759276">
        </testcase>
        <testcase classname="src/components/erp/spravochniki/sprav-merge.test.tsx" name="SpravMerge &gt; клик по карточке другого кластера переключает разбор" time="0.3570448">
        </testcase>
        <testcase classname="src/components/erp/spravochniki/sprav-merge.test.tsx" name="SpravMerge &gt; кнопка «Слить» вызывает mergeCounterparties(survivorId, dupId) и router.refresh() после резолва" time="0.0910003">
        </testcase>
        <testcase classname="src/components/erp/spravochniki/sprav-merge.test.tsx" name="SpravMerge &gt; эталон помечен бейджем «★ эталон», дубли — бейджем «дубль», у эталона нет кнопки «Слить»" time="0.0759544">
        </testcase>
    </testsuite>
    <testsuite name="src/components/erp/spravochniki/sprav-quality.test.tsx" timestamp="2026-09-17T22:52:23.833Z" hostname="admin135" tests="10" failures="0" errors="0" skipped="0" time="0.8083311">
        <testcase classname="src/components/erp/spravochniki/sprav-quality.test.tsx" name="SpravQuality &gt; пустая сводка → честная заглушка, без таблицы" time="0.0742262">
        </testcase>
        <testcase classname="src/components/erp/spravochniki/sprav-quality.test.tsx" name="SpravQuality &gt; рисует строки: заголовок, ref, total, score-% и разбивку по видам" time="0.0381625">
        </testcase>
        <testcase classname="src/components/erp/spravochniki/sprav-quality.test.tsx" name="SpravQuality &gt; тон score-бейджа отражает качество: плохой — красный, хороший — зелёный" time="0.0154294">
        </testcase>
        <testcase classname="src/components/erp/spravochniki/sprav-quality.test.tsx" name="SpravQuality &gt; шапка считает «требуют внимания» (score&lt;0.95) и сумму маржа-слепых SKU" time="0.0142877">
        </testcase>
        <testcase classname="src/components/erp/spravochniki/sprav-quality.test.tsx" name="SpravQuality &gt; чистая сводка — оба индикатора шапки скрыты" time="0.0107616">
        </testcase>
        <testcase classname="src/components/erp/spravochniki/sprav-quality.test.tsx" name="SpravQuality &gt; клик по строке грузит детализацию: сначала «Загрузка…», потом проблемы" time="0.0665325">
        </testcase>
        <testcase classname="src/components/erp/spravochniki/sprav-quality.test.tsx" name="SpravQuality &gt; ошибка загрузки детализации (null) → сообщение об ошибке, не молча" time="0.063217">
        </testcase>
        <testcase classname="src/components/erp/spravochniki/sprav-quality.test.tsx" name="SpravQuality &gt; детализация без проблем → «справочник чист»" time="0.0542755">
        </testcase>
        <testcase classname="src/components/erp/spravochniki/sprav-quality.test.tsx" name="SpravQuality &gt; ссылка на дедупликацию — только у дублей контрагентов" time="0.3880153">
        </testcase>
        <testcase classname="src/components/erp/spravochniki/sprav-quality.test.tsx" name="SpravQuality &gt; повторный клик по строке сворачивает детализацию" time="0.0700582">
        </testcase>
    </testsuite>
    <testsuite name="src/components/erp/spravochniki/sprav-rates.test.tsx" timestamp="2026-09-17T22:52:23.834Z" hostname="admin135" tests="10" failures="0" errors="0" skipped="0" time="2.1013326">
        <testcase classname="src/components/erp/spravochniki/sprav-rates.test.tsx" name="SpravRates &gt; рендерит заголовок, вкладки валют + НДС и по умолчанию открывает первую валюту (USD)" time="0.7615793">
        </testcase>
        <testcase classname="src/components/erp/spravochniki/sprav-rates.test.tsx" name="SpravRates &gt; таблица версий и таймлайн показывают все версии USD со статусами (Активна/Запланирована)" time="0.097741">
        </testcase>
        <testcase classname="src/components/erp/spravochniki/sprav-rates.test.tsx" name="SpravRates &gt; переключение на вкладку НДС показывает таблицу ставок и прячет курсовой блок" time="0.2223954">
        </testcase>
        <testcase classname="src/components/erp/spravochniki/sprav-rates.test.tsx" name="SpravRates &gt; переключение на EUR меняет активную валюту (шапка и счётчик версий)" time="0.1797932">
        </testcase>
        <testcase classname="src/components/erp/spravochniki/sprav-rates.test.tsx" name="SpravRates &gt; кнопка «Добавить версию» заблокирована без данных и активна после ввода курса и даты" time="0.1679997">
        </testcase>
        <testcase classname="src/components/erp/spravochniki/sprav-rates.test.tsx" name="SpravRates &gt; успешное добавление версии зовёт addRateVersion, дописывает строку и пишет успех" time="0.1879155">
        </testcase>
        <testcase classname="src/components/erp/spravochniki/sprav-rates.test.tsx" name="SpravRates &gt; сбой бэкенда при добавлении показывает ошибку и НЕ добавляет строку" time="0.1671984">
        </testcase>
        <testcase classname="src/components/erp/spravochniki/sprav-rates.test.tsx" name="SpravRates &gt; предпросмотр «на дату» зовёт currencyRateAsOf и показывает найденный курс" time="0.1017317">
        </testcase>
        <testcase classname="src/components/erp/spravochniki/sprav-rates.test.tsx" name="SpravRates &gt; кнопка поиска курса заблокирована без даты и активна после ввода" time="0.0383944">
        </testcase>
        <testcase classname="src/components/erp/spravochniki/sprav-rates.test.tsx" name="SpravRates &gt; во время запроса «на дату» показывает индикатор «Запрос…», затем результат" time="0.1695759">
        </testcase>
    </testsuite>
    <testsuite name="src/components/erp/spravochniki/sprav-sku-card.test.tsx" timestamp="2026-09-17T22:52:23.837Z" hostname="admin135" tests="17" failures="0" errors="0" skipped="0" time="1.7727643">
        <testcase classname="src/components/erp/spravochniki/sprav-sku-card.test.tsx" name="SpravSkuCard &gt; рисует шапку: наименование, код, «Активна» и путь группы" time="0.4684864">
        </testcase>
        <testcase classname="src/components/erp/spravochniki/sprav-sku-card.test.tsx" name="SpravSkuCard &gt; в архиве вместо «Активна» показывает «В архиве»" time="0.0753247">
        </testcase>
        <testcase classname="src/components/erp/spravochniki/sprav-sku-card.test.tsx" name="SpravSkuCard &gt; KPI-полоса: остаток с ед., landed cost в BYN и код ТН ВЭД" time="0.0425216">
        </testcase>
        <testcase classname="src/components/erp/spravochniki/sprav-sku-card.test.tsx" name="SpravSkuCard &gt; полнота карточки со всеми «горячими» полями = 100%" time="0.0534524">
        </testcase>
        <testcase classname="src/components/erp/spravochniki/sprav-sku-card.test.tsx" name="SpravSkuCard &gt; «нет расчёта» landed cost, когда себестоимость партии отсутствует" time="0.0339061">
        </testcase>
        <testcase classname="src/components/erp/spravochniki/sprav-sku-card.test.tsx" name="SpravSkuCard &gt; «Маржа-вход»: из loading переходит в ready и показывает пошлину и НДС по коду" time="0.1291348">
        </testcase>
        <testcase classname="src/components/erp/spravochniki/sprav-sku-card.test.tsx" name="SpravSkuCard &gt; «Маржа-вход»: висящий промис держит состояние загрузки" time="0.0275846">
        </testcase>
        <testcase classname="src/components/erp/spravochniki/sprav-sku-card.test.tsx" name="SpravSkuCard &gt; «Маржа-вход»: null от бэка → честная ошибка про доступ/данные, а не пустой блок" time="0.0421094">
        </testcase>
        <testcase classname="src/components/erp/spravochniki/sprav-sku-card.test.tsx" name="SpravSkuCard &gt; «Маржа-вход»: нет кода ТН ВЭД → предупреждение о неполной марже" time="0.1327699">
        </testcase>
        <testcase classname="src/components/erp/spravochniki/sprav-sku-card.test.tsx" name="SpravSkuCard &gt; таб «Характеристики»: рендерит JSONB-хвост параметром и значением" time="0.1255073">
        </testcase>
        <testcase classname="src/components/erp/spravochniki/sprav-sku-card.test.tsx" name="SpravSkuCard &gt; таб «Склад»: показывает строку остатка и метку истины 1С" time="0.0682166">
        </testcase>
        <testcase classname="src/components/erp/spravochniki/sprav-sku-card.test.tsx" name="SpravSkuCard &gt; таб «Склад» без остатков → честный EmptyState, а не нули" time="0.0570224">
        </testcase>
        <testcase classname="src/components/erp/spravochniki/sprav-sku-card.test.tsx" name="SpravSkuCard &gt; таб «Закупка и партии» без партий → EmptyState (числа не выдумываем)" time="0.0521324">
        </testcase>
        <testcase classname="src/components/erp/spravochniki/sprav-sku-card.test.tsx" name="SpravSkuCard &gt; таб «Цены и маржа»: себестоимость/цена в BYN и маржа +20%" time="0.137677">
        </testcase>
        <testcase classname="src/components/erp/spravochniki/sprav-sku-card.test.tsx" name="SpravSkuCard &gt; таб «Цены и маржа» без цены/себеса → EmptyState вместо выдуманной маржи" time="0.1414898">
        </testcase>
        <testcase classname="src/components/erp/spravochniki/sprav-sku-card.test.tsx" name="SpravSkuCard &gt; таб «История» без версий → EmptyState SCD2" time="0.0639173">
        </testcase>
        <testcase classname="src/components/erp/spravochniki/sprav-sku-card.test.tsx" name="SpravSkuCard &gt; таб «История» с версиями: первая версия помечается «первая версия»" time="0.1129591">
        </testcase>
    </testsuite>
    <testsuite name="src/components/erp/spravochniki/sprav-sku-catalog.test.tsx" timestamp="2026-09-17T22:52:23.839Z" hostname="admin135" tests="11" failures="0" errors="0" skipped="0" time="1.3503673">
        <testcase classname="src/components/erp/spravochniki/sprav-sku-catalog.test.tsx" name="SpravSkuCatalog &gt; рендерит счётчик позиций и все строки без фильтра" time="0.1273273">
        </testcase>
        <testcase classname="src/components/erp/spravochniki/sprav-sku-catalog.test.tsx" name="SpravSkuCatalog &gt; резолвит НДС по коду, показывает title+rate; неизвестный код печатает как есть; отсутствие — «нет данных»" time="0.0220684">
        </testcase>
        <testcase classname="src/components/erp/spravochniki/sprav-sku-catalog.test.tsx" name="SpravSkuCatalog &gt; резолвит категорию по id и показывает «не задана» для строк без category_id" time="0.0231002">
        </testcase>
        <testcase classname="src/components/erp/spravochniki/sprav-sku-catalog.test.tsx" name="SpravSkuCatalog &gt; ед. измерения — тире, если unit=null" time="0.0183798">
        </testcase>
        <testcase classname="src/components/erp/spravochniki/sprav-sku-catalog.test.tsx" name="SpravSkuCatalog &gt; фильтр по категории в select оставляет только строки этой категории" time="0.2763046">
        </testcase>
        <testcase classname="src/components/erp/spravochniki/sprav-sku-catalog.test.tsx" name="SpravSkuCatalog &gt; select не предлагает архивную категорию в списке опций" time="0.0644588">
        </testcase>
        <testcase classname="src/components/erp/spravochniki/sprav-sku-catalog.test.tsx" name="SpravSkuCatalog &gt; поиск фильтрует по коду/названию (регистронезависимо) и показывает «Ничего не найдено»" time="0.0356153">
        </testcase>
        <testcase classname="src/components/erp/spravochniki/sprav-sku-catalog.test.tsx" name="SpravSkuCatalog &gt; пустой список skus без фильтра показывает «Нет данных»" time="0.0226177">
        </testcase>
        <testcase classname="src/components/erp/spravochniki/sprav-sku-catalog.test.tsx" name="SpravSkuCatalog &gt; ссылка на карточку SKU кодирует код в href" time="0.1159633">
        </testcase>
        <testcase classname="src/components/erp/spravochniki/sprav-sku-catalog.test.tsx" name="SpravSkuCatalog &gt; при достижении потолка запроса показывает «+» и предупреждение" time="0.6229166">
        </testcase>
        <testcase classname="src/components/erp/spravochniki/sprav-sku-catalog.test.tsx" name="SpravSkuCatalog &gt; ниже потолка запроса предупреждение не показывается" time="0.0172777">
        </testcase>
    </testsuite>
    <testsuite name="src/components/erp/spravochniki/sprav-sync-journal.test.tsx" timestamp="2026-09-17T22:52:23.842Z" hostname="admin135" tests="6" failures="0" errors="0" skipped="0" time="0.8443319">
        <testcase classname="src/components/erp/spravochniki/sprav-sync-journal.test.tsx" name="SpravSyncJournal &gt; рендерит пустое состояние без таблицы, когда записей нет" time="0.1224112">
        </testcase>
        <testcase classname="src/components/erp/spravochniki/sprav-sync-journal.test.tsx" name="SpravSyncJournal &gt; считает счётчики выгружено/в очереди/ошибок по состояниям записей" time="0.0402598">
        </testcase>
        <testcase classname="src/components/erp/spravochniki/sprav-sync-journal.test.tsx" name="SpravSyncJournal &gt; рендерит строку synced: тип сущности, id, внешний ref и время в DD.MM.YYYY HH:MM" time="0.48778">
        </testcase>
        <testcase classname="src/components/erp/spravochniki/sprav-sync-journal.test.tsx" name="SpravSyncJournal &gt; рендерит строку pending: номенклатура, статус «в очереди», прочерки вместо внешнего ref/времени" time="0.0379681">
        </testcase>
        <testcase classname="src/components/erp/spravochniki/sprav-sync-journal.test.tsx" name="SpravSyncJournal &gt; рендерит строку error: статус «ошибка» и текст ошибки" time="0.0810043">
        </testcase>
        <testcase classname="src/components/erp/spravochniki/sprav-sync-journal.test.tsx" name="SpravSyncJournal &gt; рендерит все три строки таблицы для трёх записей" time="0.0715197">
        </testcase>
    </testsuite>
    <testsuite name="src/app/api/auth/oidc/route-handlers.test.ts" timestamp="2026-09-17T22:52:23.843Z" hostname="admin135" tests="3" failures="0" errors="0" skipped="0" time="0.0294856">
        <testcase classname="src/app/api/auth/oidc/route-handlers.test.ts" name="OIDC auxiliary routes &gt; logout удаляет все session cookies" time="0.0126198">
        </testcase>
        <testcase classname="src/app/api/auth/oidc/route-handlers.test.ts" name="OIDC auxiliary routes &gt; start сообщает о ненастроенном Keycloak и сохраняет PKCE state при настройке" time="0.0122469">
        </testcase>
        <testcase classname="src/app/api/auth/oidc/route-handlers.test.ts" name="OIDC auxiliary routes &gt; refresh различает отсутствие сессии и успешный access token" time="0.001634">
        </testcase>
    </testsuite>
    <testsuite name="src/app/api/auth/login/route.test.ts" timestamp="2026-09-17T22:52:23.844Z" hostname="admin135" tests="2" failures="0" errors="0" skipped="0" time="0.02174">
        <testcase classname="src/app/api/auth/login/route.test.ts" name="POST /api/auth/login &gt; валидирует username и отличает недоступный backend от неизвестного пользователя" time="0.0146514">
        </testcase>
        <testcase classname="src/app/api/auth/login/route.test.ts" name="POST /api/auth/login &gt; ставит роль и display name для найденного dev-пользователя" time="0.0040998">
        </testcase>
    </testsuite>
    <testsuite name="src/app/erp/marketing/geo/page.test.tsx" timestamp="2026-09-17T22:52:23.844Z" hostname="admin135" tests="1" failures="0" errors="0" skipped="0" time="0.5309773">
        <testcase classname="src/app/erp/marketing/geo/page.test.tsx" name="MarketingGeoPage &gt; рендерит регионы, KPI-фабрики и очередь публикаций" time="0.527466">
        </testcase>
    </testsuite>
    <testsuite name="src/app/api/auth/oidc/callback/route.test.ts" timestamp="2026-09-17T22:52:23.845Z" hostname="admin135" tests="3" failures="0" errors="0" skipped="0" time="0.0278434">
        <testcase classname="src/app/api/auth/oidc/callback/route.test.ts" name="GET /api/auth/oidc/callback &gt; возвращает ошибки callback на login до обращения к token endpoint" time="0.0146061">
        </testcase>
        <testcase classname="src/app/api/auth/oidc/callback/route.test.ts" name="GET /api/auth/oidc/callback &gt; проверяет state/verifier и честно сообщает об ошибке обмена code" time="0.0045004">
        </testcase>
        <testcase classname="src/app/api/auth/oidc/callback/route.test.ts" name="GET /api/auth/oidc/callback &gt; ставит access/refresh/role/user cookies и ведёт admin на CRM" time="0.0054664">
        </testcase>
    </testsuite>
</testsuites>
